Log file open, 02/15/22 12:18:15
LogWindows: Failed to load 'aqProf.dll' (GetLastError=126)
LogWindows: File 'aqProf.dll' does not exist
LogWindows: Failed to load 'VSPerf140.dll' (GetLastError=126)
LogWindows: File 'VSPerf140.dll' does not exist
LogWindows: Failed to load 'VtuneApi.dll' (GetLastError=126)
LogWindows: File 'VtuneApi.dll' does not exist
LogWindows: Failed to load 'VtuneApi32e.dll' (GetLastError=126)
LogWindows: File 'VtuneApi32e.dll' does not exist
LogInit: Display: Running engine for game: TopDown
LogPlatformFile: Not using cached read wrapper
LogTaskGraph: Started task graph with 5 named threads and 11 total threads with 3 sets of task threads.
LogStats: Stats thread started at 0.209424
LogD3D11RHI: Loaded GFSDK_Aftermath_Lib.x64.dll
LogICUInternationalization: Display: ICU TimeZone Detection - Raw Offset: -5:00, Platform Override: ''
LogPluginManager: Mounting plugin Paper2D
LogPluginManager: Mounting plugin AISupport
LogPluginManager: Mounting plugin LightPropagationVolume
LogPluginManager: Mounting plugin CLionSourceCodeAccess
LogPluginManager: Mounting plugin CodeLiteSourceCodeAccess
LogPluginManager: Mounting plugin GitSourceControl
LogPluginManager: Mounting plugin KDevelopSourceCodeAccess
LogPluginManager: Mounting plugin NullSourceCodeAccess
LogPluginManager: Mounting plugin PerforceSourceControl
LogPluginManager: Mounting plugin SubversionSourceControl
LogPluginManager: Mounting plugin UObjectPlugin
LogPluginManager: Mounting plugin VisualStudioCodeSourceCodeAccess
LogPluginManager: Mounting plugin VisualStudioSourceCodeAccess
LogPluginManager: Mounting plugin XCodeSourceCodeAccess
LogPluginManager: Mounting plugin AssetManagerEditor
LogPluginManager: Mounting plugin CryptoKeys
LogPluginManager: Mounting plugin DataValidation
LogPluginManager: Mounting plugin FacialAnimation
LogPluginManager: Mounting plugin GameplayTagsEditor
LogPluginManager: Mounting plugin MacGraphicsSwitching
LogPluginManager: Mounting plugin MeshEditor
LogPluginManager: Mounting plugin MobileLauncherProfileWizard
LogPluginManager: Mounting plugin PluginBrowser
LogPluginManager: Mounting plugin SpeedTreeImporter
LogPluginManager: Mounting plugin DatasmithContent
LogPluginManager: Mounting plugin AlembicImporter
LogPluginManager: Mounting plugin AppleImageUtils
LogPluginManager: Mounting plugin AppleVision
LogPluginManager: Mounting plugin BackChannel
LogPluginManager: Mounting plugin CharacterAI
LogPluginManager: Mounting plugin GeometryCache
LogPluginManager: Mounting plugin HTML5Networking
LogPluginManager: Mounting plugin ProxyLODPlugin
LogPluginManager: Mounting plugin MagicLeap
LogPluginManager: Mounting plugin MagicLeapEmulator
LogPluginManager: Mounting plugin MagicLeapMedia
LogPluginManager: Mounting plugin AndroidMedia
LogPluginManager: Mounting plugin AvfMedia
LogPluginManager: Mounting plugin ImgMedia
LogPluginManager: Mounting plugin LinearTimecode
LogPluginManager: Mounting plugin MediaCompositing
LogPluginManager: Mounting plugin MediaPlayerEditor
LogPluginManager: Mounting plugin WmfMedia
LogPluginManager: Mounting plugin TcpMessaging
LogPluginManager: Mounting plugin UdpMessaging
LogPluginManager: Mounting plugin ActorSequence
LogPluginManager: Mounting plugin LevelSequenceEditor
LogPluginManager: Mounting plugin MatineeToLevelSequence
LogPluginManager: Mounting plugin NetcodeUnitTest
LogPluginManager: Mounting plugin NUTUnrealEngine4
LogPluginManager: Mounting plugin OnlineSubsystemGooglePlay
LogPluginManager: Mounting plugin OnlineSubsystemIOS
LogPluginManager: Mounting plugin OnlineSubsystem
LogPluginManager: Mounting plugin OnlineSubsystemNull
LogPluginManager: Mounting plugin OnlineSubsystemUtils
LogPluginManager: Mounting plugin LauncherChunkInstaller
LogPluginManager: Mounting plugin AndroidDeviceProfileSelector
LogPluginManager: Mounting plugin AndroidMoviePlayer
LogPluginManager: Mounting plugin AndroidPermission
LogPluginManager: Mounting plugin AppleMoviePlayer
LogPluginManager: Mounting plugin ArchVisCharacter
LogPluginManager: Mounting plugin AudioCapture
LogPluginManager: Mounting plugin CableComponent
LogPluginManager: Mounting plugin CustomMeshComponent
LogPluginManager: Mounting plugin EditableMesh
LogPluginManager: Mounting plugin ExampleDeviceProfileSelector
LogPluginManager: Mounting plugin GoogleCloudMessaging
LogPluginManager: Mounting plugin ImmediatePhysics
LogPluginManager: Mounting plugin IOSDeviceProfileSelector
LogPluginManager: Mounting plugin LinuxDeviceProfileSelector
LogPluginManager: Mounting plugin LocationServicesBPLibrary
LogPluginManager: Mounting plugin MobilePatchingUtils
LogPluginManager: Mounting plugin OculusVR
LogPluginManager: Plugin shader directory ../../../Engine/Plugins/Runtime/Oculus/OculusVR/Shaders found
LogPluginManager: Mapping shader source directory ../../../Engine/Plugins/Runtime/Oculus/OculusVR/Shaders to virtual directory /Plugin/OculusVR
LogPluginManager: Mounting plugin PhysXVehicles
LogPluginManager: Mounting plugin ProceduralMeshComponent
LogPluginManager: Mounting plugin RuntimePhysXCooking
LogPluginManager: Mounting plugin SteamVR
LogPluginManager: Mounting plugin WindowsMoviePlayer
LogStreaming: Display: Took  0.405s to configure plugins.
LogInit: Using libcurl 7.55.1-DEV
LogInit:  - built for x86_64-pc-win32
LogInit:  - supports SSL with OpenSSL/1.0.2h
LogInit:  - supports HTTP deflate (compression) using libz 1.2.8
LogInit:  - other features:
LogInit:      CURL_VERSION_SSL
LogInit:      CURL_VERSION_LIBZ
LogInit:      CURL_VERSION_IPV6
LogInit:      CURL_VERSION_ASYNCHDNS
LogInit:      CURL_VERSION_LARGEFILE
LogInit:      CURL_VERSION_IDN
LogInit:  CurlRequestOptions (configurable via config and command line):
LogInit:  - bVerifyPeer = false  - Libcurl will NOT verify peer certificate
LogInit:  - bUseHttpProxy = false  - Libcurl will NOT use HTTP proxy
LogInit:  - bDontReuseConnections = false  - Libcurl will reuse connections
LogInit:  - CertBundlePath = nullptr  - Libcurl will use whatever was configured at build time.
LogInit:  - MaxHostConnections = 16  - Libcurl will limit the number of connections to a host
LogInit:  - LocalHostAddr = Default
LogInit:  - BufferSize = 65536
LogInit: WinSock: version 1.1 (2.2), MaxSocks=32767, MaxUdp=65467
LogInit: Build: ++UE4+Release-4.20-CL-4369336
LogInit: Engine Version: 4.20.3-4369336+++UE4+Release-4.20
LogInit: Compatible Engine Version: 4.20.0-4212847+++UE4+Release-4.20
LogInit: Net CL: 4212847
LogInit: OS: Windows 10 (), CPU: Intel(R) Core(TM) i3-4130 CPU @ 3.40GHz, GPU: Intel(R) HD Graphics 4400
LogInit: Compiled (64-bit): Sep 17 2018 12:26:19
LogInit: Compiled with Visual C++: 19.13.26129.00
LogInit: Build Configuration: Development
LogInit: Branch Name: ++UE4+Release-4.20
LogInit: Command Line:  
LogInit: Base Directory: C:/Program Files/Epic Games/UE_4.20/Engine/Binaries/Win64/
LogInit: Installed Engine Build: 1
LogDevObjectVersion: Number of dev versions registered: 20
LogDevObjectVersion:   Dev-Blueprints (B0D832E4-1F89-4F0D-ACCF-7EB736FD4AA2): 10
LogDevObjectVersion:   Dev-Build (E1C64328-A22C-4D53-A36C-8E866417BD8C): 0
LogDevObjectVersion:   Dev-Core (375EC13C-06E4-48FB-B500-84F0262A717E): 2
LogDevObjectVersion:   Dev-Editor (E4B068ED-F494-42E9-A231-DA0B2E46BB41): 24
LogDevObjectVersion:   Dev-Framework (CFFC743F-43B0-4480-9391-14DF171D2073): 34
LogDevObjectVersion:   Dev-Mobile (B02B49B5-BB20-44E9-A304-32B752E40360): 2
LogDevObjectVersion:   Dev-Networking (A4E4105C-59A1-49B5-A7C5-40C4547EDFEE): 0
LogDevObjectVersion:   Dev-Online (39C831C9-5AE6-47DC-9A44-9C173E1C8E7C): 0
LogDevObjectVersion:   Dev-Physics (78F01B33-EBEA-4F98-B9B4-84EACCB95AA2): 0
LogDevObjectVersion:   Dev-Platform (6631380F-2D4D-43E0-8009-CF276956A95A): 0
LogDevObjectVersion:   Dev-Rendering (12F88B9F-8875-4AFC-A67C-D90C383ABD29): 26
LogDevObjectVersion:   Dev-Sequencer (7B5AE74C-D270-4C10-A958-57980B212A5A): 9
LogDevObjectVersion:   Dev-VR (D7296918-1DD6-4BDD-9DE2-64A83CC13884): 2
LogDevObjectVersion:   Dev-LoadTimes (C2A15278-BFE7-4AFE-6C17-90FF531DF755): 1
LogDevObjectVersion:   Private-Geometry (6EACA3D4-40EC-4CC1-B786-8BED09428FC5): 3
LogDevObjectVersion:   Dev-AnimPhys (29E575DD-E0A3-4627-9D10-D276232CDCEA): 17
LogDevObjectVersion:   Dev-ReflectionCapture (6B266CEC-1EC7-4B8F-A30B-E4D90942FC07): 1
LogDevObjectVersion:   Dev-Automation (0DF73D61-A23F-47EA-B727-89E90C41499A): 1
LogDevObjectVersion:   FortniteMain (601D1886-AC64-4F84-AA16-D3DE0DEAC7D6): 12
LogDevObjectVersion:   Dev-Enterprise (9DFFBCD6-494F-0158-E221-12823C92A888): 1
LogStreaming: Display: Took  0.001s to delete old logs.
LogInit: Presizing for max 8388607 objects, including 0 objects not considered by GC, pre-allocating 0 bytes for permanent pool.
LogInit: Object subsystem initialized
[2022.02.15-17.18.16:268][  0]LogInit: Selected Device Profile: [Windows]
[2022.02.15-17.18.16:268][  0]LogInit: Applying CVar settings loaded from the selected device profile: [Windows]
[2022.02.15-17.18.16:284][  0]LogHAL: Display: Platform has ~ 16 GB [17094717440 / 17179869184 / 16], which maps to Larger [LargestMinGB=32, LargerMinGB=12, DefaultMinGB=8, SmallerMinGB=6, SmallestMinGB=0)
[2022.02.15-17.18.16:284][  0]LogInit: Setting Device Profile CVar: [[r.Vulkan.UseRealUBs:1]]
[2022.02.15-17.18.16:284][  0]LogInit: Going up to parent DeviceProfile []
[2022.02.15-17.18.16:300][  0]LogInit: Computer: DR-FRONT-PC
[2022.02.15-17.18.16:300][  0]LogInit: User: anthonyh
[2022.02.15-17.18.16:300][  0]LogInit: CPU Page size=4096, Cores=2
[2022.02.15-17.18.16:300][  0]LogInit: High frequency timer resolution =10.000000 MHz
[2022.02.15-17.18.16:300][  0]LogMemory: Memory total: Physical=15.9GB (16GB approx)
[2022.02.15-17.18.16:300][  0]LogMemory: Platform Memory Stats for Windows
[2022.02.15-17.18.16:300][  0]LogMemory: Process Physical Memory: 103.83 MB used, 103.84 MB peak
[2022.02.15-17.18.16:300][  0]LogMemory: Process Virtual Memory: 87.05 MB used, 87.05 MB peak
[2022.02.15-17.18.16:300][  0]LogMemory: Physical Memory: 6156.24 MB used,  10146.55 MB free, 16302.79 MB total
[2022.02.15-17.18.16:300][  0]LogMemory: Virtual Memory: 4595.40 MB used,  10146.55 MB free, 134217728.00 MB total
[2022.02.15-17.18.16:352][  0]LogInit: Using OS detected language (en-US).
[2022.02.15-17.18.16:352][  0]LogInit: Using OS detected locale (en-US).
[2022.02.15-17.18.16:354][  0]LogTextLocalizationManager: No specific localization for 'en-US' exists, so the 'en' localization will be used.
[2022.02.15-17.18.16:845][  0]LogStreaming: Display: Took  0.493s to InitEngineTextLocalization.
[2022.02.15-17.18.16:845][  0]LogInit: Setting process to per monitor DPI aware
[2022.02.15-17.18.16:955][  0]LogSlate: New Slate User Created.  User Index 0, Is Virtual User: 0
[2022.02.15-17.18.16:956][  0]LogSlate: Slate User Registered.  User Index 0, Is Virtual User: 0
[2022.02.15-17.18.17:951][  0]LogHMD: Failed to initialize OpenVR with code 110
[2022.02.15-17.18.17:951][  0]LogD3D11RHI: D3D11 adapters:
[2022.02.15-17.18.17:964][  0]LogD3D11RHI:    0. 'Intel(R) HD Graphics 4400' (Feature Level 11_0)
[2022.02.15-17.18.17:964][  0]LogD3D11RHI:       112/0/2048 MB DedicatedVideo/DedicatedSystem/SharedSystem, Outputs:1, VendorId:0x8086
[2022.02.15-17.18.17:967][  0]LogD3D11RHI:    1. 'Microsoft Basic Render Driver' (Feature Level 11_0)
[2022.02.15-17.18.17:967][  0]LogD3D11RHI:       0/0/8151 MB DedicatedVideo/DedicatedSystem/SharedSystem, Outputs:0, VendorId:0x1414
[2022.02.15-17.18.17:967][  0]LogD3D11RHI: Chosen D3D11 Adapter: 0
[2022.02.15-17.18.17:983][  0]LogD3D11RHI: Creating new Direct3DDevice
[2022.02.15-17.18.17:983][  0]LogD3D11RHI:     GPU DeviceId: 0x41e (for the marketing name, search the web for "GPU Device Id")
[2022.02.15-17.18.17:983][  0]LogWindows: EnumDisplayDevices:
[2022.02.15-17.18.17:983][  0]LogWindows:    0. 'Intel(R) HD Graphics 4400' (P:1 D:1)
[2022.02.15-17.18.17:984][  0]LogWindows:    1. 'Intel(R) HD Graphics 4400' (P:0 D:0)
[2022.02.15-17.18.17:984][  0]LogWindows: DebugString: FoundDriverCount:2 
[2022.02.15-17.18.17:984][  0]LogD3D11RHI:     Adapter Name: Intel(R) HD Graphics 4400
[2022.02.15-17.18.17:985][  0]LogD3D11RHI:   Driver Version: 20.19.15.4835 (internal:20.19.15.4835, unified:20.19.15.4835)
[2022.02.15-17.18.17:985][  0]LogD3D11RHI:      Driver Date: 10-16-2017
[2022.02.15-17.18.17:985][  0]LogRHI: Texture pool is 795 MB (70% of 1136 MB)
[2022.02.15-17.18.17:996][  0]LogD3D11RHI: Async texture creation enabled
[2022.02.15-17.18.18:002][  0]LogD3D11RHI: GPU Timing Frequency: 12.500000 (Debug: 2 0)
[2022.02.15-17.18.18:003][  0]LogShaderCompilers: Guid format shader working directory is -18 characters bigger than the processId version (../../../../../../Users/Anthonyh/Documents/Unreal Projects/TopDown/Intermediate/Shaders/WorkingDirectory/23220/).
[2022.02.15-17.18.18:003][  0]LogShaderCompilers: Cleaned the shader compiler working directory 'C:/Users/Anthonyh/AppData/Local/Temp/UnrealShaderWorkingDir/707CE0ED413F7128E99FCC8F11BD8EE2/'.
[2022.02.15-17.18.18:550][  0]LogTemp: Display: Loaded TP AllDesktopTargetPlatform
[2022.02.15-17.18.18:568][  0]LogTemp: Display: Loaded TP MacClientTargetPlatform
[2022.02.15-17.18.18:586][  0]LogTemp: Display: Loaded TP MacNoEditorTargetPlatform
[2022.02.15-17.18.18:604][  0]LogTemp: Display: Loaded TP MacServerTargetPlatform
[2022.02.15-17.18.18:624][  0]LogTemp: Display: Loaded TP MacTargetPlatform
[2022.02.15-17.18.18:642][  0]LogTemp: Display: Loaded TP WindowsClientTargetPlatform
[2022.02.15-17.18.18:660][  0]LogTemp: Display: Loaded TP WindowsNoEditorTargetPlatform
[2022.02.15-17.18.18:678][  0]LogTemp: Display: Loaded TP WindowsServerTargetPlatform
[2022.02.15-17.18.18:688][  0]LogTemp: Display: Loaded TP WindowsTargetPlatform
[2022.02.15-17.18.18:783][  0]LogTemp: Display: Loaded TP AndroidTargetPlatform
[2022.02.15-17.18.18:783][  0]LogTemp: Display: Loaded TP AndroidTargetPlatform
[2022.02.15-17.18.18:783][  0]LogTemp: Display: Loaded TP AndroidTargetPlatform
[2022.02.15-17.18.18:783][  0]LogTemp: Display: Loaded TP AndroidTargetPlatform
[2022.02.15-17.18.18:783][  0]LogTemp: Display: Loaded TP AndroidTargetPlatform
[2022.02.15-17.18.18:783][  0]LogTemp: Display: Loaded TP AndroidTargetPlatform
[2022.02.15-17.18.18:783][  0]LogTemp: Display: Loaded TP AndroidTargetPlatform
[2022.02.15-17.18.18:783][  0]LogTemp: Display: Loaded TP AndroidTargetPlatform
[2022.02.15-17.18.18:783][  0]LogTemp: Display: Loaded TP AndroidTargetPlatform
[2022.02.15-17.18.18:783][  0]LogTemp: Display: Loaded TP AndroidTargetPlatform
[2022.02.15-17.18.18:783][  0]LogTemp: Display: Loaded TP AndroidTargetPlatform
[2022.02.15-17.18.18:783][  0]LogTemp: Display: Loaded TP AndroidTargetPlatform
[2022.02.15-17.18.18:783][  0]LogTemp: Display: Loaded TP AndroidTargetPlatform
[2022.02.15-17.18.18:783][  0]LogTemp: Display: Loaded TP AndroidTargetPlatform
[2022.02.15-17.18.18:783][  0]LogTemp: Display: Loaded TP AndroidTargetPlatform
[2022.02.15-17.18.18:783][  0]LogTemp: Display: Loaded TP AndroidTargetPlatform
[2022.02.15-17.18.18:783][  0]LogTemp: Display: Loaded TP AndroidTargetPlatform
[2022.02.15-17.18.18:783][  0]LogTemp: Display: Loaded TP AndroidTargetPlatform
[2022.02.15-17.18.18:786][  0]LogTemp: Display: Loaded TP HTML5TargetPlatform
[2022.02.15-17.18.18:859][  0]LogTemp: Display: Loaded TP IOSTargetPlatform
[2022.02.15-17.18.18:859][  0]LogTemp: Display: Loaded TP IOSTargetPlatform
[2022.02.15-17.18.18:891][  0]LogTemp: Display: Loaded TP TVOSTargetPlatform
[2022.02.15-17.18.18:891][  0]LogTemp: Display: Loaded TP TVOSTargetPlatform
[2022.02.15-17.18.18:909][  0]LogTemp: Display: Loaded TP LinuxClientTargetPlatform
[2022.02.15-17.18.18:927][  0]LogTemp: Display: Loaded TP LinuxNoEditorTargetPlatform
[2022.02.15-17.18.18:945][  0]LogTemp: Display: Loaded TP LinuxServerTargetPlatform
[2022.02.15-17.18.18:963][  0]LogTemp: Display: Loaded TP LinuxTargetPlatform
[2022.02.15-17.18.18:974][  0]LogTemp: Display: Loaded TP LuminTargetPlatform
[2022.02.15-17.18.18:974][  0]LogTargetPlatformManager: Display: Building Assets For Windows
[2022.02.15-17.18.19:077][  0]LogXGEController: Cleaning working directory: C:/Users/Anthonyh/AppData/Local/Temp/UnrealXGEWorkingDir/
[2022.02.15-17.18.19:078][  0]LogXGEController: Cannot use XGE Controller as Incredibuild is not installed on this machine.
[2022.02.15-17.18.19:078][  0]LogShaderCompilers: Cannot use XGE Shader Compiler as Incredibuild is not installed on this machine.
[2022.02.15-17.18.19:078][  0]LogShaderCompilers: Display: Using Local Shader Compiler.
[2022.02.15-17.18.20:378][  0]LogDerivedDataCache: Display: Max Cache Size: 512 MB
[2022.02.15-17.18.20:455][  0]LogDerivedDataCache: Loaded boot cache 0.08s 71MB C:/Users/Anthonyh/AppData/Local/UnrealEngine/4.20/DerivedDataCache/Boot.ddc.
[2022.02.15-17.18.20:456][  0]LogDerivedDataCache: Display: Loaded Boot cache: C:/Users/Anthonyh/AppData/Local/UnrealEngine/4.20/DerivedDataCache/Boot.ddc
[2022.02.15-17.18.20:456][  0]LogDerivedDataCache: FDerivedDataBackendGraph:  Pak pak cache file ../../../../../../Users/Anthonyh/Documents/Unreal Projects/TopDown/DerivedDataCache/DDC.ddp not found, will not use a pak cache.
[2022.02.15-17.18.20:456][  0]LogDerivedDataCache: Unable to find inner node Pak for hierarchical cache Hierarchy.
[2022.02.15-17.18.20:456][  0]LogDerivedDataCache: FDerivedDataBackendGraph:  CompressedPak pak cache file ../../../../../../Users/Anthonyh/Documents/Unreal Projects/TopDown/DerivedDataCache/Compressed.ddp not found, will not use a pak cache.
[2022.02.15-17.18.20:456][  0]LogDerivedDataCache: Unable to find inner node CompressedPak for hierarchical cache Hierarchy.
[2022.02.15-17.18.20:473][  0]LogDerivedDataCache: Display: Pak cache opened for reading ../../../Engine/DerivedDataCache/Compressed.ddp.
[2022.02.15-17.18.20:487][  0]LogDerivedDataCache: Using Local data cache path C:/Users/Anthonyh/AppData/Local/UnrealEngine/Common/DerivedDataCache: Writable
[2022.02.15-17.18.20:487][  0]LogDerivedDataCache: Shared data cache path not found in *engine.ini, will not use an Shared cache.
[2022.02.15-17.18.20:487][  0]LogDerivedDataCache: Unable to find inner node Shared for hierarchical cache Hierarchy.
[2022.02.15-17.18.20:507][  0]LogMaterial: Verifying Global Shaders for PCD3D_SM5
[2022.02.15-17.18.20:508][  0]LogSlate: Using FreeType 2.6.0
[2022.02.15-17.18.20:512][  0]LogSlate: SlateFontServices - WITH_FREETYPE: 1, WITH_HARFBUZZ: 1
[2022.02.15-17.18.20:690][  0]LogAssetRegistry: FAssetRegistry took 0.0280 seconds to start up
[2022.02.15-17.18.21:136][  0]LogInit: Selected Device Profile: [Windows]
[2022.02.15-17.18.21:306][  0]LogSimplygon: Simplygon DLL not present - disabling.
[2022.02.15-17.18.21:312][  0]LogMeshReduction: Using SimplygonSwarm for distributed automatic mesh merging
[2022.02.15-17.18.21:312][  0]LogMeshReduction: Using ProxyLODMeshReduction for automatic mesh merging
[2022.02.15-17.18.21:312][  0]LogMeshReduction: Using QuadricMeshReduction for automatic static mesh reduction
[2022.02.15-17.18.21:312][  0]LogMeshReduction: No automatic skeletal mesh reduction module available
[2022.02.15-17.18.21:335][  0]LogNetVersion: TopDown 1.0.0, NetCL: 4212847, EngineNetVer: 5, GameNetVer: 0 (Checksum: 2211587197)
[2022.02.15-17.18.22:111][  0]LogPackageLocalizationCache: Processed 11 localized package path(s) for 2 prioritized culture(s) in 0.192494 seconds
[2022.02.15-17.18.22:117][  0]LogUObjectArray: 38426 objects as part of root set at end of initial load.
[2022.02.15-17.18.22:117][  0]LogUObjectAllocator: 6691088 out of 0 bytes used by permanent object pool.
[2022.02.15-17.18.22:117][  0]LogUObjectArray: CloseDisregardForGC: 0/0 objects in disregard for GC pool
[2022.02.15-17.18.24:299][  0]LogTcpMessaging: Initializing TcpMessaging bridge
[2022.02.15-17.18.24:314][  0]LogUdpMessaging: Initializing bridge on interface 0.0.0.0:0 to multicast group 230.0.0.1:6666.
[2022.02.15-17.18.24:528][  0]SourceControl: Source control is disabled
[2022.02.15-17.18.24:528][  0]SourceControl: Source control is disabled
[2022.02.15-17.18.24:531][  0]SourceControl: Source control is disabled
[2022.02.15-17.18.24:533][  0]SourceControl: Source control is disabled
[2022.02.15-17.18.24:793][  0]LogAndroidPermission: UAndroidPermissionCallbackProxy::GetInstance
[2022.02.15-17.18.24:984][  0]LogOcInput: OculusInput pre-init called
[2022.02.15-17.18.25:060][  0]LogEngine: Initializing Engine...
[2022.02.15-17.18.25:062][  0]LogHMD: Failed to initialize OpenVR with code 110
[2022.02.15-17.18.25:064][  0]LogStats: UGameplayTagsManager::ConstructGameplayTagTree: ImportINI prefixes -  0.000 s
[2022.02.15-17.18.25:064][  0]LogStats: UGameplayTagsManager::ConstructGameplayTagTree: Construct from data asset -  0.000 s
[2022.02.15-17.18.25:064][  0]LogStats: UGameplayTagsManager::ConstructGameplayTagTree: ImportINI -  0.000 s
[2022.02.15-17.18.25:064][  0]LogStats: UGameplayTagsManager::ConstructGameplayTagTree: GameplayTagTreeChangedEvent.Broadcast -  0.000 s
[2022.02.15-17.18.25:416][  0]LogInit: Initializing FReadOnlyCVARCache
[2022.02.15-17.18.25:438][  0]LogAIModule: Creating AISystem for world Untitled
[2022.02.15-17.18.25:475][  0]LogInit: XAudio2 using 'Speakers (Realtek High Definition Audio)' : 2 channels at 48 kHz using 32 bits per sample (channel mask 0x3)
[2022.02.15-17.18.25:822][  0]LogInit: FAudioDevice initialized.
[2022.02.15-17.18.25:822][  0]LogNetVersion: Set ProjectVersion to 1.0.0.0. Version Checksum will be recalculated on next use.
[2022.02.15-17.18.25:954][  0]LogDerivedDataCache: Saved boot cache 0.13s 71MB C:/Users/Anthonyh/AppData/Local/UnrealEngine/4.20/DerivedDataCache/Boot.ddc.
[2022.02.15-17.18.25:978][  0]LogInit: Texture streaming: Enabled
[2022.02.15-17.18.26:021][  0]LogEngineSessionManager: EngineSessionManager initialized
[2022.02.15-17.18.26:051][  0]LogInit: Transaction tracking system initialized
[2022.02.15-17.18.26:092][  0]BlueprintLog: New page: Editor Load
[2022.02.15-17.18.26:212][  0]LocalizationService: Localization service is disabled
[2022.02.15-17.18.27:052][  0]LogCook: Display: Max memory allowance for cook 16384mb min free memory 0mb
[2022.02.15-17.18.27:052][  0]LogCook: Display: Mobile HDR setting 1
[2022.02.15-17.18.27:052][  0]LogGameplayTags: Display: UGameplayTagsManager::DoneAddingNativeTags. DelegateIsBound: 0
[2022.02.15-17.18.27:052][  0]LogStats: UGameplayTagsManager::ConstructGameplayTagTree: ImportINI prefixes -  0.000 s
[2022.02.15-17.18.27:052][  0]LogStats: UGameplayTagsManager::ConstructGameplayTagTree: Construct from data asset -  0.000 s
[2022.02.15-17.18.27:052][  0]LogStats: UGameplayTagsManager::ConstructGameplayTagTree: ImportINI -  0.000 s
[2022.02.15-17.18.27:052][  0]LogStats: UGameplayTagsManager::ConstructGameplayTagTree: GameplayTagTreeChangedEvent.Broadcast -  0.000 s
[2022.02.15-17.18.27:189][  0]LogFileCache: Scanning file cache for directory 'C:/Users/Anthonyh/Documents/Unreal Projects/TopDown/Content/' took 0.02s
[2022.02.15-17.18.27:277][  0]SourceControl: Source control is disabled
[2022.02.15-17.18.27:277][  0]Cmd: MAP LOAD FILE="../../../../../../Users/Anthonyh/Documents/Unreal Projects/TopDown/Content/TopDownBP/Maps/TopDownExampleMap.umap" TEMPLATE=0 SHOWPROGRESS=1 FEATURELEVEL=3
[2022.02.15-17.18.27:280][  0]LightingResults: New page: Lighting Build
[2022.02.15-17.18.27:283][  0]MapCheck: New page: Map Check
[2022.02.15-17.18.27:283][  0]LightingResults: New page: Lighting Build
[2022.02.15-17.18.27:850][  0]LogAIModule: Creating AISystem for world TopDownExampleMap
[2022.02.15-17.18.27:863][  0]LogEditorServer: Finished looking for orphan Actors (0.000 secs)
[2022.02.15-17.18.27:908][  0]Cmd: MAP CHECKDEP NOCLEARLOG
[2022.02.15-17.18.28:235][  0]MapCheck: Map check complete: 0 Error(s), 0 Warning(s), took 327.038ms to complete.
[2022.02.15-17.18.28:235][  0]LogFileHelpers: Loading map 'TopDownExampleMap' took 0.958
[2022.02.15-17.18.28:357][  0]LogSlate: Updating window title bar state: overlay mode, drag disabled, window buttons hidden, title bar hidden
[2022.02.15-17.18.28:365][  0]LogSlate: Updating window title bar state: overlay mode, drag disabled, window buttons hidden, title bar hidden
[2022.02.15-17.18.28:373][  0]LogSlate: Updating window title bar state: overlay mode, drag disabled, window buttons hidden, title bar hidden
[2022.02.15-17.18.28:381][  0]LogSlate: Updating window title bar state: overlay mode, drag disabled, window buttons hidden, title bar hidden
[2022.02.15-17.18.28:391][  0]LogCollectionManager: Loaded 0 collections in 0.002161 seconds
[2022.02.15-17.18.28:436][  0]LogFileCache: Scanning file cache for directory 'C:/Users/Anthonyh/Documents/Unreal Projects/TopDown/Saved/Collections/' took 0.01s
[2022.02.15-17.18.28:436][  0]LogFileCache: Scanning file cache for directory 'C:/Users/Anthonyh/Documents/Unreal Projects/TopDown/Content/Developers/anthonyh/Collections/' took 0.01s
[2022.02.15-17.18.28:436][  0]LogFileCache: Scanning file cache for directory 'C:/Users/Anthonyh/Documents/Unreal Projects/TopDown/Content/Collections/' took 0.01s
[2022.02.15-17.18.28:436][  0]LogCollectionManager: Rebuilt the GUID cache for 0 collections in 0.000000 seconds
[2022.02.15-17.18.28:446][  0]LogContentBrowser: Native class hierarchy populated in 0.0098 seconds. Added 2572 classes and 603 folders.
[2022.02.15-17.18.28:455][  0]LogContentBrowser: Native class hierarchy updated for 'WidgetCarousel' in 0.0004 seconds. Added 0 classes and 0 folders.
[2022.02.15-17.18.28:591][  0]LogContentBrowser: Native class hierarchy updated for 'AddContentDialog' in 0.0004 seconds. Added 0 classes and 0 folders.
[2022.02.15-17.18.28:598][  0]LogContentBrowser: Native class hierarchy updated for 'SceneOutliner' in 0.0004 seconds. Added 1 classes and 2 folders.
[2022.02.15-17.18.29:810][  0]LogSlate: Only BGRA pngs, bmps or icos are supported in by External Image Picker
[2022.02.15-17.18.29:865][  0]LogSlate: Took 0.002762 seconds to synchronously load lazily loaded font '../../../Engine/Content/Slate/Fonts/Roboto-Regular.ttf' (155K)
[2022.02.15-17.18.29:868][  0]LogSlate: Took 0.000919 seconds to synchronously load lazily loaded font '../../../Engine/Content/Slate/Fonts/Roboto-Bold.ttf' (160K)
[2022.02.15-17.18.29:877][  0]LogSlate: Took 0.000967 seconds to synchronously load lazily loaded font '../../../Engine/Content/Editor/Slate/Fonts/FontAwesome.ttf' (139K)
[2022.02.15-17.18.30:028][  0]LogRenderer: Reallocating scene render targets to support 1208x576 Format 9 NumSamples 1 (Frame:1).
[2022.02.15-17.18.30:494][  0]LogTemp: Executing iPhonePackager certificates Engine -bundlename com.YourCompany.TopDown
[2022.02.15-17.18.30:494][  0]LogTemp: CWD: C:\Program Files\Epic Games\UE_4.20\Engine\Binaries\DotNET\IOS
[2022.02.15-17.18.30:494][  0]LogTemp: Initial Dir: C:\Program Files\Epic Games\UE_4.20
[2022.02.15-17.18.30:494][  0]LogTemp: Env CWD: C:\Program Files\Epic Games\UE_4.20\Engine\Binaries\DotNET\IOS
[2022.02.15-17.18.30:494][  0]LogTemp: BranchPath = DR-FRONT-PC/C/Program Files/Epic Games/UE_4.20/Engine/Binaries --- GameBranchPath = DR-FRONT-PC/C/Program Files/Epic Games/UE_4.20/Engine/Binaries
[2022.02.15-17.18.30:494][  0]LogTemp: IPP ERROR: Could not find provision directory 'C:\Users\Anthonyh\AppData\Local/Apple Computer/MobileDevice/Provisioning Profiles/'.
[2022.02.15-17.18.30:514][  0]LogContentBrowser: Native class hierarchy updated for 'HierarchicalLODOutliner' in 0.0005 seconds. Added 0 classes and 0 folders.
[2022.02.15-17.18.30:515][  0]LogLoad: (Engine Initialization) Total time: 16.99 seconds
[2022.02.15-17.18.30:515][  0]LogLoad: (Engine Initialization) Total Blueprint compile time: 0.00 seconds
[2022.02.15-17.18.30:557][  0]LogContentStreaming: Texture pool size now 400 MB
[2022.02.15-17.18.30:592][  0]LogSlate: Took 0.003730 seconds to synchronously load lazily loaded font '../../../Engine/Content/Slate/Fonts/Roboto-Light.ttf' (167K)
[2022.02.15-17.18.31:674][  2]LogAssetRegistry: Asset discovery search completed in 11.0061 seconds
[2022.02.15-17.18.31:677][  2]LogCollectionManager: Rebuilt the object cache for 0 collections in 0.000001 seconds (found 0 objects)
[2022.02.15-17.18.31:678][  2]LogCollectionManager: Fixed up redirectors for 0 collections in 0.000126 seconds (updated 0 objects)
[2022.02.15-17.18.51:412][ 77]LogSlate: FSceneViewport::OnFocusLost() reason 0
[2022.02.15-17.19.03:193][357]LogSlate: Took 0.001045 seconds to synchronously load lazily loaded font '../../../Engine/Content/Slate/Fonts/Roboto-Light.ttf' (167K)
[2022.02.15-17.19.03:204][357]LogAssetEditorManager: Opening Asset editor for Blueprint /Game/TopDownBP/Blueprints/TopDownGameMode.TopDownGameMode
[2022.02.15-17.19.03:959][357]LogContentBrowser: Native class hierarchy updated for 'BlueprintGraph' in 0.0008 seconds. Added 116 classes and 0 folders.
[2022.02.15-17.19.13:005][463]LogD3D11RHI: Timed out while waiting for GPU to catch up. (0.5 s)
[2022.02.15-17.19.19:175][517]LogSlate: Window 'TopDownGameMode' being destroyed
[2022.02.15-17.19.21:160][563]LogAssetEditorManager: Opening Asset editor for Blueprint /Game/TopDownBP/Blueprints/TopDownController.TopDownController
[2022.02.15-17.19.21:663][563]LogSlate: Took 0.001276 seconds to synchronously load lazily loaded font '../../../Engine/Content/Slate/Fonts/Roboto-BoldCondensed.ttf' (158K)
[2022.02.15-17.19.23:061][596]LogSlate: Took 0.002053 seconds to synchronously load lazily loaded font '../../../Engine/Content/Slate/Fonts/Roboto-Italic.ttf' (157K)
[2022.02.15-17.19.45:003][164]LogSlate: Window 'TopDownController' being destroyed
[2022.02.15-17.27.38:170][585]LogEditorTransaction: Undo Move Node
[2022.02.15-17.28.30:730][474]LogFileHelpers: Editor autosave (incl. sublevels) for '/Game/TopDownBP/Maps/TopDownExampleMap' took 0.056
[2022.02.15-17.28.30:736][474]OBJ SavePackage: Generating thumbnails for [0] asset(s) in package [/Game/TopDownBP/Blueprints/TopDownController] ([1] browsable assets)...
[2022.02.15-17.28.30:736][474]OBJ SavePackage: Finished generating thumbnails for package [/Game/TopDownBP/Blueprints/TopDownController]
[2022.02.15-17.28.30:820][474]LogSavePackage: Moving '../../../../../../Users/Anthonyh/Documents/Unreal Projects/TopDown/Saved/TopDownController_Auto16E615D694113DB1BA9ACF98A77E1B101.tmp' to '../../../../../../Users/Anthonyh/Documents/Unreal Projects/TopDown/Saved/Autosaves/Game/TopDownBP/Blueprints/TopDownController_Auto1.uasset'
[2022.02.15-17.28.30:825][474]LogFileHelpers: Auto-saving content packages took 0.094
[2022.02.15-17.32.51:238][280]LogAssetEditorManager: Opening Asset editor for Blueprint /Game/TopDownBP/Blueprints/TopDownCharacter.TopDownCharacter
[2022.02.15-17.33.05:283][739]LogRenderer: Reallocating scene render targets to support 1208x712 Format 9 NumSamples 1 (Frame:1).
[2022.02.15-17.41.10:418][ 79]LogClass: Warning: In asset 'None', there is an enum property of type 'EPlaneConstraintAxisSetting' with an invalid value of ''
[2022.02.15-17.41.10:418][ 79]LogClass: Warning: In asset 'None', there is an enum property of type 'EPlaneConstraintAxisSetting' with an invalid value of ''
[2022.02.15-17.41.10:418][ 79]LogClass: Warning: In asset 'None', there is an enum property of type 'EPlaneConstraintAxisSetting' with an invalid value of ''
[2022.02.15-17.42.02:514][612]LogSlate: Window 'Save Content' being destroyed
[2022.02.15-17.42.02:594][612]LogSavePackage: Moving '../../../../../../Users/Anthonyh/Documents/Unreal Projects/TopDown/Saved/TopDownController8635FB7940BB044AD2662F8243B88C15.tmp' to '../../../../../../Users/Anthonyh/Documents/Unreal Projects/TopDown/Content/TopDownBP/Blueprints/TopDownController.uasset'
[2022.02.15-17.42.02:821][612]LogActorComponent: UnregisterComponent: (/Engine/Transient.EditorFloorComp) Not registered. Aborting.
[2022.02.15-17.42.02:884][612]LogSlate: Window 'TopDown - Unreal Editor' being destroyed
[2022.02.15-17.42.03:200][613]Cmd: QUIT_EDITOR
[2022.02.15-17.42.03:251][613]LogWindowsTextInputMethodSystem: Display: IME system now deactivated.
[2022.02.15-17.42.03:268][613]LogExit: Preparing to exit.
[2022.02.15-17.42.04:157][613]LogExit: Editor shut down
[2022.02.15-17.42.04:158][613]LogExit: Transaction tracking system shut down
[2022.02.15-17.42.04:596][613]LogExit: Object subsystem successfully closed.
[2022.02.15-17.42.04:614][613]LogShaderCompilers: Display: Shaders left to compile 0
[2022.02.15-17.42.04:619][613]LogD3D11RHI: Shutdown
[2022.02.15-17.42.04:619][613]LogD3D11RHI: CleanupD3DDevice
[2022.02.15-17.42.04:626][613]LogD3D11RHI: ~FD3D11DynamicRHI
[2022.02.15-17.42.04:669][613]LogModuleManager: Shutting down and abandoning module BlueprintGraph (614)
[2022.02.15-17.42.04:669][613]LogModuleManager: Shutting down and abandoning module HierarchicalLODOutliner (612)
[2022.02.15-17.42.04:669][613]LogModuleManager: Shutting down and abandoning module ExternalImagePicker (610)
[2022.02.15-17.42.04:669][613]LogModuleManager: Shutting down and abandoning module SceneOutliner (608)
[2022.02.15-17.42.04:669][613]LogModuleManager: Shutting down and abandoning module AddContentDialog (606)
[2022.02.15-17.42.04:669][613]LogModuleManager: Shutting down and abandoning module WidgetCarousel (605)
[2022.02.15-17.42.04:669][613]LogModuleManager: Shutting down and abandoning module EditorWidgets (602)
[2022.02.15-17.42.04:669][613]LogModuleManager: Shutting down and abandoning module CollectionManager (600)
[2022.02.15-17.42.04:670][613]LogModuleManager: Shutting down and abandoning module StatsViewer (598)
[2022.02.15-17.42.04:670][613]LogModuleManager: Shutting down and abandoning module FoliageEdit (596)
[2022.02.15-17.42.04:670][613]LogModuleManager: Shutting down and abandoning module LandscapeEditor (594)
[2022.02.15-17.42.04:670][613]LogModuleManager: Shutting down and abandoning module MeshPaintMode (592)
[2022.02.15-17.42.04:670][613]LogModuleManager: Shutting down and abandoning module SceneDepthPickerMode (590)
[2022.02.15-17.42.04:670][613]LogModuleManager: Shutting down and abandoning module ActorPickerMode (588)
[2022.02.15-17.42.04:670][613]LogModuleManager: Shutting down and abandoning module GeometryMode (586)
[2022.02.15-17.42.04:670][613]LogModuleManager: Shutting down and abandoning module TextureAlignMode (584)
[2022.02.15-17.42.04:670][613]LogModuleManager: Shutting down and abandoning module BspMode (582)
[2022.02.15-17.42.04:670][613]LogModuleManager: Shutting down and abandoning module PIEPreviewDeviceProfileSelector (580)
[2022.02.15-17.42.04:670][613]LogModuleManager: Shutting down and abandoning module SequenceRecorderSections (578)
[2022.02.15-17.42.04:670][613]LogModuleManager: Shutting down and abandoning module AutomationWorker (576)
[2022.02.15-17.42.04:670][613]LogModuleManager: Shutting down and abandoning module AudioCaptureEditor (574)
[2022.02.15-17.42.04:670][613]LogModuleManager: Shutting down and abandoning module SequenceRecorder (573)
[2022.02.15-17.42.04:670][613]LogModuleManager: Shutting down and abandoning module MatineeToLevelSequence (570)
[2022.02.15-17.42.04:670][613]LogModuleManager: Shutting down and abandoning module LevelSequenceEditor (568)
[2022.02.15-17.42.04:670][613]LogModuleManager: Shutting down and abandoning module PlacementMode (567)
[2022.02.15-17.42.04:670][613]LogModuleManager: Shutting down and abandoning module MaterialEditor (566)
[2022.02.15-17.42.04:670][613]LogModuleManager: Shutting down and abandoning module WmfMediaFactory (562)
[2022.02.15-17.42.04:670][613]LogModuleManager: Shutting down and abandoning module WmfMediaEditor (560)
[2022.02.15-17.42.04:670][613]LogModuleManager: Shutting down and abandoning module MediaPlayerEditor (558)
[2022.02.15-17.42.04:670][613]LogModuleManager: Shutting down and abandoning module OpenExrWrapper (556)
[2022.02.15-17.42.04:670][613]LogModuleManager: Shutting down and abandoning module ImgMediaFactory (554)
[2022.02.15-17.42.04:670][613]LogModuleManager: Shutting down and abandoning module ImgMediaEditor (552)
[2022.02.15-17.42.04:670][613]LogModuleManager: Shutting down and abandoning module AvfMediaFactory (550)
[2022.02.15-17.42.04:670][613]LogModuleManager: Shutting down and abandoning module AvfMediaEditor (548)
[2022.02.15-17.42.04:670][613]LogModuleManager: Shutting down and abandoning module AndroidMediaFactory (546)
[2022.02.15-17.42.04:670][613]LogModuleManager: Shutting down and abandoning module AndroidMediaEditor (544)
[2022.02.15-17.42.04:670][613]LogModuleManager: Shutting down and abandoning module MagicLeapCameraPreviewFactory (542)
[2022.02.15-17.42.04:670][613]LogModuleManager: Shutting down and abandoning module MagicLeapMediaFactory (540)
[2022.02.15-17.42.04:670][613]LogModuleManager: Shutting down and abandoning module MagicLeapMediaEditor (538)
[2022.02.15-17.42.04:670][613]LogModuleManager: Shutting down and abandoning module CharacterAI (536)
[2022.02.15-17.42.04:670][613]LogModuleManager: Shutting down and abandoning module SmartSnapping (534)
[2022.02.15-17.42.04:670][613]LogModuleManager: Shutting down and abandoning module SessionServices (532)
[2022.02.15-17.42.04:670][613]LogModuleManager: Shutting down and abandoning module ViewportSnapping (530)
[2022.02.15-17.42.04:670][613]LogModuleManager: Shutting down and abandoning module ViewportInteraction (528)
[2022.02.15-17.42.04:671][613]LogModuleManager: Shutting down and abandoning module ClothPainter (526)
[2022.02.15-17.42.04:671][613]LogModuleManager: Shutting down and abandoning module SkeletalMeshEditor (525)
[2022.02.15-17.42.04:671][613]LogModuleManager: Shutting down and abandoning module LogVisualizer (522)
[2022.02.15-17.42.04:671][613]LogModuleManager: Shutting down and abandoning module IntroTutorials (520)
[2022.02.15-17.42.04:671][613]LogModuleManager: Shutting down and abandoning module GameProjectGeneration (519)
[2022.02.15-17.42.04:671][613]LogModuleManager: Shutting down and abandoning module LuminPlatformEditor (516)
[2022.02.15-17.42.04:671][613]LogModuleManager: Shutting down and abandoning module IOSPlatformEditor (514)
[2022.02.15-17.42.04:671][613]LogModuleManager: Shutting down and abandoning module HTML5PlatformEditor (512)
[2022.02.15-17.42.04:671][613]LogModuleManager: Shutting down and abandoning module AndroidPlatformEditor (510)
[2022.02.15-17.42.04:671][613]LogModuleManager: Shutting down and abandoning module AndroidDeviceDetection (509)
[2022.02.15-17.42.05:072][613]LogModuleManager: Shutting down and abandoning module WindowsPlatformEditor (506)
[2022.02.15-17.42.05:073][613]LogModuleManager: Shutting down and abandoning module LuminRuntimeSettings (504)
[2022.02.15-17.42.05:073][613]LogModuleManager: Shutting down and abandoning module IOSRuntimeSettings (502)
[2022.02.15-17.42.05:073][613]LogModuleManager: Shutting down and abandoning module AndroidRuntimeSettings (500)
[2022.02.15-17.42.05:073][613]LogModuleManager: Shutting down and abandoning module InputBindingEditor (498)
[2022.02.15-17.42.05:073][613]LogModuleManager: Shutting down and abandoning module MergeActors (496)
[2022.02.15-17.42.05:073][613]LogModuleManager: Shutting down and abandoning module LocalizationDashboard (494)
[2022.02.15-17.42.05:073][613]LogModuleManager: Shutting down and abandoning module LocalizationService (493)
[2022.02.15-17.42.05:073][613]LogModuleManager: Shutting down and abandoning module HardwareTargeting (490)
[2022.02.15-17.42.05:074][613]LogModuleManager: Shutting down and abandoning module DeviceProfileEditor (488)
[2022.02.15-17.42.05:074][613]LogModuleManager: Shutting down and abandoning module UndoHistory (486)
[2022.02.15-17.42.05:074][613]LogModuleManager: Shutting down and abandoning module XmlParser (484)
[2022.02.15-17.42.05:074][613]LogModuleManager: Shutting down and abandoning module Blutility (482)
[2022.02.15-17.42.05:074][613]LogModuleManager: Shutting down and abandoning module ProjectSettingsViewer (480)
[2022.02.15-17.42.05:074][613]LogModuleManager: Shutting down and abandoning module ProjectTargetPlatformEditor (479)
[2022.02.15-17.42.05:074][613]LogModuleManager: Shutting down and abandoning module EditorSettingsViewer (476)
[2022.02.15-17.42.05:074][613]LogModuleManager: Shutting down and abandoning module SettingsEditor (474)
[2022.02.15-17.42.05:075][613]LogModuleManager: Shutting down and abandoning module ProjectLauncher (472)
[2022.02.15-17.42.05:075][613]LogModuleManager: Shutting down and abandoning module SessionFrontend (470)
[2022.02.15-17.42.05:075][613]LogModuleManager: Shutting down and abandoning module ProfilerClient (468)
[2022.02.15-17.42.05:075][613]LogModuleManager: Shutting down and abandoning module DeviceManager (466)
[2022.02.15-17.42.05:075][613]LogModuleManager: Shutting down and abandoning module TargetDeviceServices (465)
[2022.02.15-17.42.05:130][613]LogModuleManager: Shutting down and abandoning module AutomationController (462)
[2022.02.15-17.42.05:130][613]LogModuleManager: Shutting down and abandoning module AutomationWindow (460)
[2022.02.15-17.42.05:130][613]LogModuleManager: Shutting down and abandoning module Layers (458)
[2022.02.15-17.42.05:130][613]LogModuleManager: Shutting down and abandoning module ComponentVisualizers (456)
[2022.02.15-17.42.05:130][613]LogModuleManager: Shutting down and abandoning module DetailCustomizations (454)
[2022.02.15-17.42.05:131][613]LogModuleManager: Shutting down and abandoning module PackagesDialog (452)
[2022.02.15-17.42.05:131][613]LogModuleManager: Shutting down and abandoning module Persona (450)
[2022.02.15-17.42.05:131][613]LogModuleManager: Shutting down and abandoning module AdvancedPreviewScene (449)
[2022.02.15-17.42.05:131][613]LogModuleManager: Shutting down and abandoning module AnimGraph (447)
[2022.02.15-17.42.05:131][613]LogModuleManager: Shutting down and abandoning module Kismet (444)
[2022.02.15-17.42.05:145][613]LogModuleManager: Shutting down and abandoning module GraphEditor (442)
[2022.02.15-17.42.05:145][613]LogModuleManager: Shutting down and abandoning module ClassViewer (440)
[2022.02.15-17.42.05:146][613]LogModuleManager: Shutting down and abandoning module Toolbox (438)
[2022.02.15-17.42.05:146][613]LogModuleManager: Shutting down and abandoning module ModuleUI (436)
[2022.02.15-17.42.05:146][613]LogModuleManager: Shutting down and abandoning module MovieSceneTools (434)
[2022.02.15-17.42.05:146][613]LogModuleManager: Shutting down and abandoning module OutputLog (432)
[2022.02.15-17.42.05:146][613]LogModuleManager: Shutting down and abandoning module GammaUI (430)
[2022.02.15-17.42.05:146][613]LogModuleManager: Shutting down and abandoning module Documentation (428)
[2022.02.15-17.42.05:146][613]LogModuleManager: Shutting down and abandoning module MovieSceneTracks (426)
[2022.02.15-17.42.05:146][613]LogModuleManager: Shutting down and abandoning module MovieScene (424)
[2022.02.15-17.42.05:146][613]LogModuleManager: Shutting down and abandoning module StreamingPauseRendering (422)
[2022.02.15-17.42.05:146][613]LogModuleManager: Shutting down and abandoning module LauncherPlatform (420)
[2022.02.15-17.42.05:146][613]LogModuleManager: Shutting down and abandoning module AnalyticsET (418)
[2022.02.15-17.42.05:146][613]LogModuleManager: Shutting down and abandoning module PortalServices (416)
[2022.02.15-17.42.05:146][613]LogModuleManager: Shutting down and abandoning module PortalRpc (414)
[2022.02.15-17.42.05:146][613]LogModuleManager: Shutting down and abandoning module MessagingRpc (412)
[2022.02.15-17.42.05:146][613]LogModuleManager: Shutting down and abandoning module AIModule (410)
[2022.02.15-17.42.05:146][613]LogModuleManager: Shutting down and abandoning module GameplayDebugger (409)
[2022.02.15-17.42.05:146][613]LogModuleManager: Shutting down and abandoning module AITestSuite (407)
[2022.02.15-17.42.05:146][613]LogModuleManager: Shutting down and abandoning module NavigationSystem (405)
[2022.02.15-17.42.05:146][613]LogModuleManager: Shutting down and abandoning module DesktopPlatform (402)
[2022.02.15-17.42.05:146][613]LogModuleManager: Shutting down and abandoning module ProfilerService (400)
[2022.02.15-17.42.05:220][613]LogModuleManager: Shutting down and abandoning module TaskGraph (398)
[2022.02.15-17.42.05:221][613]LogModuleManager: Shutting down and abandoning module SteamVRController (396)
[2022.02.15-17.42.05:221][613]LogModuleManager: Shutting down and abandoning module ProceduralMeshComponentEditor (394)
[2022.02.15-17.42.05:221][613]LogModuleManager: Shutting down and abandoning module ProceduralMeshComponent (392)
[2022.02.15-17.42.05:221][613]LogModuleManager: Shutting down and abandoning module OculusInput (390)
[2022.02.15-17.42.05:221][613]LogModuleManager: Shutting down and abandoning module MobilePatchingUtils (388)
[2022.02.15-17.42.05:221][613]LogModuleManager: Shutting down and abandoning module EditableMesh (386)
[2022.02.15-17.42.05:221][613]LogModuleManager: Shutting down and abandoning module CustomMeshComponent (384)
[2022.02.15-17.42.05:221][613]LogModuleManager: Shutting down and abandoning module CableComponent (382)
[2022.02.15-17.42.05:221][613]LogModuleManager: Shutting down and abandoning module AudioCapture (380)
[2022.02.15-17.42.05:221][613]LogModuleManager: Shutting down and abandoning module ArchVisCharacter (378)
[2022.02.15-17.42.05:221][613]LogModuleManager: Shutting down and abandoning module AndroidPermission (376)
[2022.02.15-17.42.05:221][613]LogModuleManager: Shutting down and abandoning module NUTUnrealEngine4 (374)
[2022.02.15-17.42.05:221][613]LogModuleManager: Shutting down and abandoning module NetcodeUnitTest (372)
[2022.02.15-17.42.05:221][613]LogModuleManager: Shutting down and abandoning module MediaCompositingEditor (370)
[2022.02.15-17.42.05:222][613]LogModuleManager: Shutting down and abandoning module MediaCompositing (368)
[2022.02.15-17.42.05:222][613]LogModuleManager: Shutting down and abandoning module LinearTimecode (366)
[2022.02.15-17.42.05:222][613]LogModuleManager: Shutting down and abandoning module ImgMedia (364)
[2022.02.15-17.42.05:236][613]LogModuleManager: Shutting down and abandoning module HTML5Networking (362)
[2022.02.15-17.42.05:236][613]LogModuleManager: Shutting down and abandoning module GeometryCacheTracks (360)
[2022.02.15-17.42.05:236][613]LogModuleManager: Shutting down and abandoning module GeometryCacheSequencer (358)
[2022.02.15-17.42.05:236][613]LogModuleManager: Shutting down and abandoning module BackChannel (356)
[2022.02.15-17.42.05:236][613]LogModuleManager: Shutting down and abandoning module AppleVision (354)
[2022.02.15-17.42.05:236][613]LogModuleManager: Shutting down and abandoning module AppleImageUtils (352)
[2022.02.15-17.42.05:236][613]LogModuleManager: Shutting down and abandoning module AlembicImporter (350)
[2022.02.15-17.42.05:236][613]LogModuleManager: Shutting down and abandoning module AlembicLibrary (349)
[2022.02.15-17.42.05:237][613]LogModuleManager: Shutting down and abandoning module GeometryCache (348)
[2022.02.15-17.42.05:237][613]LogModuleManager: Shutting down and abandoning module GeometryCacheEd (347)
[2022.02.15-17.42.05:237][613]LogModuleManager: Shutting down and abandoning module DatasmithContentEditor (342)
[2022.02.15-17.42.05:237][613]LogModuleManager: Shutting down and abandoning module DatasmithContent (340)
[2022.02.15-17.42.05:239][613]LogModuleManager: Shutting down and abandoning module SpeedTreeImporter (338)
[2022.02.15-17.42.05:239][613]LogModuleManager: Shutting down and abandoning module PluginBrowser (336)
[2022.02.15-17.42.05:240][613]LogModuleManager: Shutting down and abandoning module MobileLauncherProfileWizard (334)
[2022.02.15-17.42.05:240][613]LogModuleManager: Shutting down and abandoning module PolygonModeling (332)
[2022.02.15-17.42.05:240][613]LogModuleManager: Shutting down and abandoning module MeshEditor (330)
[2022.02.15-17.42.05:240][613]LogModuleManager: Shutting down and abandoning module CryptoKeysOpenSSL (328)
[2022.02.15-17.42.05:240][613]LogModuleManager: Shutting down and abandoning module CryptoKeys (326)
[2022.02.15-17.42.05:240][613]LogModuleManager: Shutting down and abandoning module VisualStudioSourceCodeAccess (324)
[2022.02.15-17.42.05:240][613]LogModuleManager: Shutting down and abandoning module VisualStudioCodeSourceCodeAccess (322)
[2022.02.15-17.42.05:240][613]LogModuleManager: Shutting down and abandoning module UObjectPlugin (320)
[2022.02.15-17.42.05:241][613]LogModuleManager: Shutting down and abandoning module SubversionSourceControl (318)
[2022.02.15-17.42.05:241][613]LogModuleManager: Shutting down and abandoning module PerforceSourceControl (316)
[2022.02.15-17.42.05:241][613]LogModuleManager: Shutting down and abandoning module GitSourceControl (314)
[2022.02.15-17.42.05:241][613]LogModuleManager: Shutting down and abandoning module SourceControl (313)
[2022.02.15-17.42.05:241][613]LogModuleManager: Shutting down and abandoning module CLionSourceCodeAccess (310)
[2022.02.15-17.42.05:241][613]LogModuleManager: Shutting down and abandoning module LightPropagationVolumeEditor (308)
[2022.02.15-17.42.05:241][613]LogModuleManager: Shutting down and abandoning module PaperTiledImporter (306)
[2022.02.15-17.42.05:241][613]LogModuleManager: Shutting down and abandoning module PaperSpriteSheetImporter (304)
[2022.02.15-17.42.05:241][613]LogModuleManager: Shutting down and abandoning module Paper2DEditor (302)
[2022.02.15-17.42.05:242][613]LogModuleManager: Shutting down and abandoning module MeshPaint (301)
[2022.02.15-17.42.05:243][613]LogModuleManager: Shutting down and abandoning module RuntimePhysXCooking (298)
[2022.02.15-17.42.05:243][613]LogModuleManager: Shutting down and abandoning module PhysXVehiclesEditor (296)
[2022.02.15-17.42.05:243][613]LogModuleManager: Shutting down and abandoning module PhysXVehicles (294)
[2022.02.15-17.42.05:243][613]LogModuleManager: Shutting down and abandoning module OculusEditor (292)
[2022.02.15-17.42.05:243][613]LogModuleManager: Shutting down and abandoning module LocationServicesBPLibrary (290)
[2022.02.15-17.42.05:243][613]LogModuleManager: Shutting down and abandoning module ImmediatePhysicsEditor (288)
[2022.02.15-17.42.05:243][613]LogModuleManager: Shutting down and abandoning module ImmediatePhysics (286)
[2022.02.15-17.42.05:243][613]LogModuleManager: Shutting down and abandoning module ActorSequence (284)
[2022.02.15-17.42.05:243][613]LogModuleManager: Shutting down and abandoning module UdpMessaging (282)
[2022.02.15-17.42.05:344][613]LogModuleManager: Shutting down and abandoning module TcpMessaging (280)
[2022.02.15-17.42.05:445][613]LogModuleManager: Shutting down and abandoning module MagicLeapAudio (278)
[2022.02.15-17.42.05:445][613]LogModuleManager: Shutting down and abandoning module GameplayTagsEditor (276)
[2022.02.15-17.42.05:445][613]LogModuleManager: Shutting down and abandoning module FacialAnimationEditor (274)
[2022.02.15-17.42.05:445][613]LogModuleManager: Shutting down and abandoning module FacialAnimation (272)
[2022.02.15-17.42.05:445][613]LogModuleManager: Shutting down and abandoning module DataValidation (270)
[2022.02.15-17.42.05:445][613]LogModuleManager: Shutting down and abandoning module AssetManagerEditor (268)
[2022.02.15-17.42.05:446][613]LogModuleManager: Shutting down and abandoning module LevelEditor (267)
[2022.02.15-17.42.05:450][613]LogModuleManager: Shutting down and abandoning module PixelInspectorModule (266)
[2022.02.15-17.42.05:450][613]LogModuleManager: Shutting down and abandoning module CommonMenuExtensions (264)
[2022.02.15-17.42.05:451][613]LogModuleManager: Shutting down and abandoning module MainFrame (262)
[2022.02.15-17.42.05:451][613]LogModuleManager: Shutting down and abandoning module HotReload (261)
[2022.02.15-17.42.05:453][613]LogModuleManager: Shutting down and abandoning module ContentBrowser (257)
[2022.02.15-17.42.05:456][613]LogModuleManager: Shutting down and abandoning module TreeMap (255)
[2022.02.15-17.42.05:456][613]LogModuleManager: Shutting down and abandoning module LightPropagationVolumeRuntime (252)
[2022.02.15-17.42.05:456][613]LogModuleManager: Shutting down and abandoning module AISupportModule (250)
[2022.02.15-17.42.05:456][613]LogModuleManager: Shutting down and abandoning module Paper2D (248)
[2022.02.15-17.42.05:456][613]LogModuleManager: Shutting down and abandoning module WindowsMoviePlayer (246)
[2022.02.15-17.42.05:457][613]LogModuleManager: Shutting down and abandoning module WmfMedia (244)
[2022.02.15-17.42.05:460][613]LogModuleManager: Shutting down and abandoning module Media (243)
[2022.02.15-17.42.05:468][613]LogModuleManager: Shutting down and abandoning module PacketHandler (240)
[2022.02.15-17.42.05:468][613]LogModuleManager: Shutting down and abandoning module ClothingSystemEditor (238)
[2022.02.15-17.42.05:468][613]LogModuleManager: Shutting down and abandoning module ClothingSystemRuntime (236)
[2022.02.15-17.42.05:469][613]LogModuleManager: Shutting down and abandoning module MediaAssets (234)
[2022.02.15-17.42.05:469][613]LogModuleManager: Shutting down and abandoning module Overlay (232)
[2022.02.15-17.42.05:469][613]LogModuleManager: Shutting down and abandoning module OverlayEditor (231)
[2022.02.15-17.42.05:469][613]LogModuleManager: Shutting down and abandoning module VREditor (228)
[2022.02.15-17.42.05:469][613]LogModuleManager: Shutting down and abandoning module StringTableEditor (226)
[2022.02.15-17.42.05:469][613]LogModuleManager: Shutting down and abandoning module GameplayTasksEditor (224)
[2022.02.15-17.42.05:469][613]LogModuleManager: Shutting down and abandoning module BehaviorTreeEditor (222)
[2022.02.15-17.42.05:469][613]LogModuleManager: Shutting down and abandoning module FunctionalTesting (220)
[2022.02.15-17.42.05:469][613]LogModuleManager: Shutting down and abandoning module CollisionAnalyzer (218)
[2022.02.15-17.42.05:469][613]LogModuleManager: Shutting down and abandoning module WorkspaceMenuStructure (217)
[2022.02.15-17.42.05:469][613]LogModuleManager: Shutting down and abandoning module UMG (214)
[2022.02.15-17.42.05:470][613]LogModuleManager: Shutting down and abandoning module UMGEditor (213)
[2022.02.15-17.42.05:470][613]LogModuleManager: Shutting down and abandoning module Sequencer (212)
[2022.02.15-17.42.05:470][613]LogModuleManager: Shutting down and abandoning module MessageLog (209)
[2022.02.15-17.42.05:470][613]LogModuleManager: Shutting down and abandoning module SlateReflector (204)
[2022.02.15-17.42.05:470][613]LogModuleManager: Shutting down and abandoning module Slate (202)
[2022.02.15-17.42.05:470][613]LogModuleManager: Shutting down and abandoning module EditorStyle (200)
[2022.02.15-17.42.05:475][613]LogModuleManager: Shutting down and abandoning module MRMesh (198)
[2022.02.15-17.42.05:475][613]LogModuleManager: Shutting down and abandoning module SourceCodeAccess (196)
[2022.02.15-17.42.05:475][613]LogModuleManager: Shutting down and abandoning module HeadMountedDisplay (194)
[2022.02.15-17.42.05:476][613]LogModuleManager: Shutting down and abandoning module XAudio2 (192)
[2022.02.15-17.42.05:476][613]LogModuleManager: Shutting down and abandoning module Networking (190)
[2022.02.15-17.42.05:476][613]LogModuleManager: Shutting down and abandoning module Core (188)
[2022.02.15-17.42.05:476][613]LogModuleManager: Shutting down and abandoning module LevelSequence (186)
[2022.02.15-17.42.05:476][613]LogModuleManager: Shutting down and abandoning module KismetCompiler (184)
[2022.02.15-17.42.05:476][613]LogModuleManager: Shutting down and abandoning module MeshUtilities (182)
[2022.02.15-17.42.05:476][613]LogModuleManager: Shutting down and abandoning module MeshMergeUtilities (181)
[2022.02.15-17.42.05:476][613]LogModuleManager: Shutting down and abandoning module MeshReductionInterface (180)
[2022.02.15-17.42.05:476][613]LogModuleManager: Shutting down and abandoning module SimplygonSwarm (179)
[2022.02.15-17.42.05:476][613]LogModuleManager: Shutting down and abandoning module ProxyLODMeshReduction (177)
[2022.02.15-17.42.05:476][613]LogModuleManager: Shutting down and abandoning module SimplygonMeshReduction (175)
[2022.02.15-17.42.05:476][613]LogModuleManager: Shutting down and abandoning module QuadricMeshReduction (173)
[2022.02.15-17.42.05:476][613]LogModuleManager: Shutting down and abandoning module MaterialBaking (169)
[2022.02.15-17.42.05:476][613]LogModuleManager: Shutting down and abandoning module DirectoryWatcher (165)
[2022.02.15-17.42.05:476][613]LogModuleManager: Shutting down and abandoning module DerivedDataCache (162)
[2022.02.15-17.42.05:542][613]LogDerivedDataCache: Shutdown
[2022.02.15-17.42.05:542][613]LogModuleManager: Shutting down and abandoning module XGEController (160)
[2022.02.15-17.42.05:542][613]LogXGEController: Cleaning working directory: C:/Users/Anthonyh/AppData/Local/Temp/UnrealXGEWorkingDir/
[2022.02.15-17.42.05:544][613]LogModuleManager: Shutting down and abandoning module TargetPlatform (158)
[2022.02.15-17.42.05:544][613]LogModuleManager: Shutting down and abandoning module VulkanShaderFormat (157)
[2022.02.15-17.42.05:544][613]LogModuleManager: Shutting down and abandoning module ShaderFormatVectorVM (155)
[2022.02.15-17.42.05:544][613]LogModuleManager: Shutting down and abandoning module ShaderFormatOpenGL (153)
[2022.02.15-17.42.05:544][613]LogModuleManager: Shutting down and abandoning module ShaderFormatD3D (151)
[2022.02.15-17.42.05:544][613]LogModuleManager: Shutting down and abandoning module MetalShaderFormat (149)
[2022.02.15-17.42.05:544][613]LogModuleManager: Shutting down and abandoning module TextureFormatUncompressed (147)
[2022.02.15-17.42.05:544][613]LogModuleManager: Shutting down and abandoning module TextureFormatPVR (145)
[2022.02.15-17.42.05:545][613]LogModuleManager: Shutting down and abandoning module TextureFormatDXT (143)
[2022.02.15-17.42.05:545][613]LogModuleManager: Shutting down and abandoning module TextureFormatIntelISPCTexComp (141)
[2022.02.15-17.42.05:545][613]LogModuleManager: Shutting down and abandoning module TextureFormatASTC (139)
[2022.02.15-17.42.05:545][613]LogModuleManager: Shutting down and abandoning module ImageWrapper (138)
[2022.02.15-17.42.05:545][613]LogModuleManager: Shutting down and abandoning module TextureFormatAndroid (135)
[2022.02.15-17.42.05:545][613]LogModuleManager: Shutting down and abandoning module AudioFormatOpus (133)
[2022.02.15-17.42.05:545][613]LogModuleManager: Shutting down and abandoning module AudioFormatOgg (131)
[2022.02.15-17.42.05:545][613]LogModuleManager: Shutting down and abandoning module AudioFormatADPCM (129)
[2022.02.15-17.42.05:545][613]LogModuleManager: Shutting down and abandoning module LuminTargetPlatform (127)
[2022.02.15-17.42.05:545][613]LogModuleManager: Shutting down and abandoning module LinuxTargetPlatform (125)
[2022.02.15-17.42.05:546][613]LogModuleManager: Shutting down and abandoning module LinuxServerTargetPlatform (123)
[2022.02.15-17.42.05:546][613]LogModuleManager: Shutting down and abandoning module LinuxNoEditorTargetPlatform (121)
[2022.02.15-17.42.05:546][613]LogModuleManager: Shutting down and abandoning module LinuxClientTargetPlatform (119)
[2022.02.15-17.42.05:547][613]LogModuleManager: Shutting down and abandoning module TVOSTargetPlatform (117)
[2022.02.15-17.42.05:549][613]LogModuleManager: Shutting down and abandoning module Messaging (115)
[2022.02.15-17.42.05:549][613]LogModuleManager: Shutting down and abandoning module IOSTargetPlatform (113)
[2022.02.15-17.42.05:551][613]LogModuleManager: Shutting down and abandoning module HTML5TargetPlatform (111)
[2022.02.15-17.42.05:551][613]LogModuleManager: Shutting down and abandoning module AndroidTargetPlatform (109)
[2022.02.15-17.42.05:569][613]LogModuleManager: Shutting down and abandoning module WindowsTargetPlatform (107)
[2022.02.15-17.42.05:569][613]LogModuleManager: Shutting down and abandoning module WindowsServerTargetPlatform (105)
[2022.02.15-17.42.05:569][613]LogModuleManager: Shutting down and abandoning module WindowsNoEditorTargetPlatform (103)
[2022.02.15-17.42.05:569][613]LogModuleManager: Shutting down and abandoning module WindowsClientTargetPlatform (101)
[2022.02.15-17.42.05:569][613]LogModuleManager: Shutting down and abandoning module MacTargetPlatform (99)
[2022.02.15-17.42.05:569][613]LogModuleManager: Shutting down and abandoning module MacServerTargetPlatform (97)
[2022.02.15-17.42.05:569][613]LogModuleManager: Shutting down and abandoning module MacNoEditorTargetPlatform (95)
[2022.02.15-17.42.05:569][613]LogModuleManager: Shutting down and abandoning module MacClientTargetPlatform (93)
[2022.02.15-17.42.05:569][613]LogModuleManager: Shutting down and abandoning module AllDesktopTargetPlatform (91)
[2022.02.15-17.42.05:569][613]LogModuleManager: Shutting down and abandoning module InputCore (88)
[2022.02.15-17.42.05:569][613]LogModuleManager: Shutting down and abandoning module Settings (86)
[2022.02.15-17.42.05:569][613]LogModuleManager: Shutting down and abandoning module PhysXCooking (84)
[2022.02.15-17.42.05:569][613]LogModuleManager: Shutting down and abandoning module SteamVR (82)
[2022.02.15-17.42.05:569][613]LogModuleManager: Shutting down and abandoning module OculusHMD (80)
[2022.02.15-17.42.05:569][613]LogModuleManager: Shutting down and abandoning module ExampleDeviceProfileSelector (78)
[2022.02.15-17.42.05:569][613]LogModuleManager: Shutting down and abandoning module LauncherChunkInstaller (76)
[2022.02.15-17.42.05:569][613]LogModuleManager: Shutting down and abandoning module OnlineBlueprintSupport (74)
[2022.02.15-17.42.05:569][613]LogModuleManager: Shutting down and abandoning module OnlineSubsystem (70)
[2022.02.15-17.42.05:570][613]LogModuleManager: Shutting down and abandoning module XMPP (65)
[2022.02.15-17.42.05:570][613]LogModuleManager: Shutting down and abandoning module WebSockets (64)
[2022.02.15-17.42.05:583][613]LogModuleManager: Shutting down and abandoning module HTTP (61)
[2022.02.15-17.42.05:583][613]LogHttp: Display: Http module shutting down, but needs to wait on 1 outstanding Http requests:
[2022.02.15-17.42.05:583][613]LogHttp: Display: 	verb=[POST] url=[https://datarouter.ol.epicgames.com/datarouter/api/v1/public/data?SessionID=%7BE7B940EC-4369-7D80-0795-6CB2873A1842%7D&AppID=UEEditor.Rocket.Release&AppVersion=4.20.3-4369336%2B%2B%2BUE4%2BRelease-4.20&UserID=db6f93d94ef6f5bba04769a871a4bcde%7C9bfaded90169469d97dd38e20e9492db%7C3d487112-d7a1-4c0d-bc68-90d7f4c15d86&AppEnvironment=datacollector-binary&UploadType=eteventstream] status=Processing
[2022.02.15-17.42.05:609][613]LogModuleManager: Shutting down and abandoning module SSL (60)
[2022.02.15-17.42.05:611][613]LogModuleManager: Shutting down and abandoning module MagicLeapEmulator (56)
[2022.02.15-17.42.05:611][613]LogModuleManager: Shutting down and abandoning module MagicLeapPrivileges (54)
[2022.02.15-17.42.05:611][613]LogModuleManager: Shutting down and abandoning module MagicLeapIdentity (52)
[2022.02.15-17.42.05:611][613]LogModuleManager: Shutting down and abandoning module MagicLeapHelperVulkan (50)
[2022.02.15-17.42.05:611][613]LogModuleManager: Shutting down and abandoning module MagicLeapHelperOpenGL (48)
[2022.02.15-17.42.05:611][613]LogModuleManager: Shutting down and abandoning module MagicLeapSecureStorage (46)
[2022.02.15-17.42.05:611][613]LogModuleManager: Shutting down and abandoning module MagicLeapGestures (44)
[2022.02.15-17.42.05:611][613]LogModuleManager: Shutting down and abandoning module MagicLeapEyeTracker (42)
[2022.02.15-17.42.05:611][613]LogModuleManager: Shutting down and abandoning module MagicLeapController (40)
[2022.02.15-17.42.05:611][613]LogSlate: Slate User Destroyed.  User Index 0, Is Virtual User: 0
[2022.02.15-17.42.05:612][613]LogModuleManager: Shutting down and abandoning module MagicLeap (38)
[2022.02.15-17.42.05:612][613]LogModuleManager: Shutting down and abandoning module AnimationModifiers (36)
[2022.02.15-17.42.05:612][613]LogModuleManager: Shutting down and abandoning module PropertyEditor (35)
[2022.02.15-17.42.05:612][613]LogModuleManager: Shutting down and abandoning module AudioEditor (32)
[2022.02.15-17.42.05:612][613]LogModuleManager: Shutting down and abandoning module TextureCompressor (30)
[2022.02.15-17.42.05:612][613]LogModuleManager: Shutting down and abandoning module ShaderCore (28)
[2022.02.15-17.42.05:612][613]LogModuleManager: Shutting down and abandoning module Landscape (26)
[2022.02.15-17.42.05:612][613]LogModuleManager: Shutting down and abandoning module SlateRHIRenderer (24)
[2022.02.15-17.42.05:613][613]LogModuleManager: Shutting down and abandoning module OpenGLDrv (22)
[2022.02.15-17.42.05:613][613]LogModuleManager: Shutting down and abandoning module D3D11RHI (20)
[2022.02.15-17.42.05:613][613]LogModuleManager: Shutting down and abandoning module AnimGraphRuntime (18)
[2022.02.15-17.42.05:613][613]LogModuleManager: Shutting down and abandoning module Renderer (16)
[2022.02.15-17.42.05:613][613]LogModuleManager: Shutting down and abandoning module Engine (14)
[2022.02.15-17.42.05:613][613]LogModuleManager: Shutting down and abandoning module CoreUObject (12)
[2022.02.15-17.42.05:613][613]LogModuleManager: Shutting down and abandoning module NetworkFile (10)
[2022.02.15-17.42.05:613][613]LogModuleManager: Shutting down and abandoning module CookedIterativeFile (8)
[2022.02.15-17.42.05:613][613]LogModuleManager: Shutting down and abandoning module StreamingFile (6)
[2022.02.15-17.42.05:614][613]LogModuleManager: Shutting down and abandoning module SandboxFile (4)
[2022.02.15-17.42.05:614][613]LogModuleManager: Shutting down and abandoning module PakFile (2)
[2022.02.15-17.42.05:618][613]LogExit: Exiting.
[2022.02.15-17.42.05:628][613]Log file closed, 02/15/22 12:42:05
