Log file open, 02/15/22 11:54:24
LogWindows: Failed to load 'aqProf.dll' (GetLastError=126)
LogWindows: File 'aqProf.dll' does not exist
LogWindows: Failed to load 'VSPerf140.dll' (GetLastError=126)
LogWindows: File 'VSPerf140.dll' does not exist
LogWindows: Failed to load 'VtuneApi.dll' (GetLastError=126)
LogWindows: File 'VtuneApi.dll' does not exist
LogWindows: Failed to load 'VtuneApi32e.dll' (GetLastError=126)
LogWindows: File 'VtuneApi32e.dll' does not exist
LogInit: Display: Running engine for game: TopDown
LogPlatformFile: Not using cached read wrapper
LogTaskGraph: Started task graph with 5 named threads and 11 total threads with 3 sets of task threads.
LogStats: Stats thread started at 0.198611
LogD3D11RHI: Loaded GFSDK_Aftermath_Lib.x64.dll
LogICUInternationalization: Display: ICU TimeZone Detection - Raw Offset: -5:00, Platform Override: ''
LogPluginManager: Mounting plugin Paper2D
LogPluginManager: Mounting plugin AISupport
LogPluginManager: Mounting plugin LightPropagationVolume
LogPluginManager: Mounting plugin CLionSourceCodeAccess
LogPluginManager: Mounting plugin CodeLiteSourceCodeAccess
LogPluginManager: Mounting plugin GitSourceControl
LogPluginManager: Mounting plugin KDevelopSourceCodeAccess
LogPluginManager: Mounting plugin NullSourceCodeAccess
LogPluginManager: Mounting plugin PerforceSourceControl
LogPluginManager: Mounting plugin SubversionSourceControl
LogPluginManager: Mounting plugin UObjectPlugin
LogPluginManager: Mounting plugin VisualStudioCodeSourceCodeAccess
LogPluginManager: Mounting plugin VisualStudioSourceCodeAccess
LogPluginManager: Mounting plugin XCodeSourceCodeAccess
LogPluginManager: Mounting plugin AssetManagerEditor
LogPluginManager: Mounting plugin CryptoKeys
LogPluginManager: Mounting plugin DataValidation
LogPluginManager: Mounting plugin FacialAnimation
LogPluginManager: Mounting plugin GameplayTagsEditor
LogPluginManager: Mounting plugin MacGraphicsSwitching
LogPluginManager: Mounting plugin MeshEditor
LogPluginManager: Mounting plugin MobileLauncherProfileWizard
LogPluginManager: Mounting plugin PluginBrowser
LogPluginManager: Mounting plugin SpeedTreeImporter
LogPluginManager: Mounting plugin DatasmithContent
LogPluginManager: Mounting plugin AlembicImporter
LogPluginManager: Mounting plugin AppleImageUtils
LogPluginManager: Mounting plugin AppleVision
LogPluginManager: Mounting plugin BackChannel
LogPluginManager: Mounting plugin CharacterAI
LogPluginManager: Mounting plugin GeometryCache
LogPluginManager: Mounting plugin HTML5Networking
LogPluginManager: Mounting plugin ProxyLODPlugin
LogPluginManager: Mounting plugin MagicLeap
LogPluginManager: Mounting plugin MagicLeapEmulator
LogPluginManager: Mounting plugin MagicLeapMedia
LogPluginManager: Mounting plugin AndroidMedia
LogPluginManager: Mounting plugin AvfMedia
LogPluginManager: Mounting plugin ImgMedia
LogPluginManager: Mounting plugin LinearTimecode
LogPluginManager: Mounting plugin MediaCompositing
LogPluginManager: Mounting plugin MediaPlayerEditor
LogPluginManager: Mounting plugin WmfMedia
LogPluginManager: Mounting plugin TcpMessaging
LogPluginManager: Mounting plugin UdpMessaging
LogPluginManager: Mounting plugin ActorSequence
LogPluginManager: Mounting plugin LevelSequenceEditor
LogPluginManager: Mounting plugin MatineeToLevelSequence
LogPluginManager: Mounting plugin NetcodeUnitTest
LogPluginManager: Mounting plugin NUTUnrealEngine4
LogPluginManager: Mounting plugin OnlineSubsystemGooglePlay
LogPluginManager: Mounting plugin OnlineSubsystemIOS
LogPluginManager: Mounting plugin OnlineSubsystem
LogPluginManager: Mounting plugin OnlineSubsystemNull
LogPluginManager: Mounting plugin OnlineSubsystemUtils
LogPluginManager: Mounting plugin LauncherChunkInstaller
LogPluginManager: Mounting plugin AndroidDeviceProfileSelector
LogPluginManager: Mounting plugin AndroidMoviePlayer
LogPluginManager: Mounting plugin AndroidPermission
LogPluginManager: Mounting plugin AppleMoviePlayer
LogPluginManager: Mounting plugin ArchVisCharacter
LogPluginManager: Mounting plugin AudioCapture
LogPluginManager: Mounting plugin CableComponent
LogPluginManager: Mounting plugin CustomMeshComponent
LogPluginManager: Mounting plugin EditableMesh
LogPluginManager: Mounting plugin ExampleDeviceProfileSelector
LogPluginManager: Mounting plugin GoogleCloudMessaging
LogPluginManager: Mounting plugin ImmediatePhysics
LogPluginManager: Mounting plugin IOSDeviceProfileSelector
LogPluginManager: Mounting plugin LinuxDeviceProfileSelector
LogPluginManager: Mounting plugin LocationServicesBPLibrary
LogPluginManager: Mounting plugin MobilePatchingUtils
LogPluginManager: Mounting plugin OculusVR
LogPluginManager: Plugin shader directory ../../../Engine/Plugins/Runtime/Oculus/OculusVR/Shaders found
LogPluginManager: Mapping shader source directory ../../../Engine/Plugins/Runtime/Oculus/OculusVR/Shaders to virtual directory /Plugin/OculusVR
LogPluginManager: Mounting plugin PhysXVehicles
LogPluginManager: Mounting plugin ProceduralMeshComponent
LogPluginManager: Mounting plugin RuntimePhysXCooking
LogPluginManager: Mounting plugin SteamVR
LogPluginManager: Mounting plugin WindowsMoviePlayer
LogStreaming: Display: Took  0.458s to configure plugins.
LogInit: Using libcurl 7.55.1-DEV
LogInit:  - built for x86_64-pc-win32
LogInit:  - supports SSL with OpenSSL/1.0.2h
LogInit:  - supports HTTP deflate (compression) using libz 1.2.8
LogInit:  - other features:
LogInit:      CURL_VERSION_SSL
LogInit:      CURL_VERSION_LIBZ
LogInit:      CURL_VERSION_IPV6
LogInit:      CURL_VERSION_ASYNCHDNS
LogInit:      CURL_VERSION_LARGEFILE
LogInit:      CURL_VERSION_IDN
LogInit:  CurlRequestOptions (configurable via config and command line):
LogInit:  - bVerifyPeer = false  - Libcurl will NOT verify peer certificate
LogInit:  - bUseHttpProxy = false  - Libcurl will NOT use HTTP proxy
LogInit:  - bDontReuseConnections = false  - Libcurl will reuse connections
LogInit:  - CertBundlePath = nullptr  - Libcurl will use whatever was configured at build time.
LogInit:  - MaxHostConnections = 16  - Libcurl will limit the number of connections to a host
LogInit:  - LocalHostAddr = Default
LogInit:  - BufferSize = 65536
LogInit: WinSock: version 1.1 (2.2), MaxSocks=32767, MaxUdp=65467
LogInit: Build: ++UE4+Release-4.20-CL-4369336
LogInit: Engine Version: 4.20.3-4369336+++UE4+Release-4.20
LogInit: Compatible Engine Version: 4.20.0-4212847+++UE4+Release-4.20
LogInit: Net CL: 4212847
LogInit: OS: Windows 10 (), CPU: Intel(R) Core(TM) i3-4130 CPU @ 3.40GHz, GPU: Intel(R) HD Graphics 4400
LogInit: Compiled (64-bit): Sep 17 2018 12:26:19
LogInit: Compiled with Visual C++: 19.13.26129.00
LogInit: Build Configuration: Development
LogInit: Branch Name: ++UE4+Release-4.20
LogInit: Command Line:  
LogInit: Base Directory: C:/Program Files/Epic Games/UE_4.20/Engine/Binaries/Win64/
LogInit: Installed Engine Build: 1
LogDevObjectVersion: Number of dev versions registered: 20
LogDevObjectVersion:   Dev-Blueprints (B0D832E4-1F89-4F0D-ACCF-7EB736FD4AA2): 10
LogDevObjectVersion:   Dev-Build (E1C64328-A22C-4D53-A36C-8E866417BD8C): 0
LogDevObjectVersion:   Dev-Core (375EC13C-06E4-48FB-B500-84F0262A717E): 2
LogDevObjectVersion:   Dev-Editor (E4B068ED-F494-42E9-A231-DA0B2E46BB41): 24
LogDevObjectVersion:   Dev-Framework (CFFC743F-43B0-4480-9391-14DF171D2073): 34
LogDevObjectVersion:   Dev-Mobile (B02B49B5-BB20-44E9-A304-32B752E40360): 2
LogDevObjectVersion:   Dev-Networking (A4E4105C-59A1-49B5-A7C5-40C4547EDFEE): 0
LogDevObjectVersion:   Dev-Online (39C831C9-5AE6-47DC-9A44-9C173E1C8E7C): 0
LogDevObjectVersion:   Dev-Physics (78F01B33-EBEA-4F98-B9B4-84EACCB95AA2): 0
LogDevObjectVersion:   Dev-Platform (6631380F-2D4D-43E0-8009-CF276956A95A): 0
LogDevObjectVersion:   Dev-Rendering (12F88B9F-8875-4AFC-A67C-D90C383ABD29): 26
LogDevObjectVersion:   Dev-Sequencer (7B5AE74C-D270-4C10-A958-57980B212A5A): 9
LogDevObjectVersion:   Dev-VR (D7296918-1DD6-4BDD-9DE2-64A83CC13884): 2
LogDevObjectVersion:   Dev-LoadTimes (C2A15278-BFE7-4AFE-6C17-90FF531DF755): 1
LogDevObjectVersion:   Private-Geometry (6EACA3D4-40EC-4CC1-B786-8BED09428FC5): 3
LogDevObjectVersion:   Dev-AnimPhys (29E575DD-E0A3-4627-9D10-D276232CDCEA): 17
LogDevObjectVersion:   Dev-ReflectionCapture (6B266CEC-1EC7-4B8F-A30B-E4D90942FC07): 1
LogDevObjectVersion:   Dev-Automation (0DF73D61-A23F-47EA-B727-89E90C41499A): 1
LogDevObjectVersion:   FortniteMain (601D1886-AC64-4F84-AA16-D3DE0DEAC7D6): 12
LogDevObjectVersion:   Dev-Enterprise (9DFFBCD6-494F-0158-E221-12823C92A888): 1
LogStreaming: Display: Took  0.000s to delete old logs.
LogInit: Presizing for max 8388607 objects, including 0 objects not considered by GC, pre-allocating 0 bytes for permanent pool.
LogInit: Object subsystem initialized
[2022.02.15-16.54.24:914][  0]LogInit: Selected Device Profile: [Windows]
[2022.02.15-16.54.24:914][  0]LogInit: Applying CVar settings loaded from the selected device profile: [Windows]
[2022.02.15-16.54.24:945][  0]LogHAL: Display: Platform has ~ 16 GB [17094717440 / 17179869184 / 16], which maps to Larger [LargestMinGB=32, LargerMinGB=12, DefaultMinGB=8, SmallerMinGB=6, SmallestMinGB=0)
[2022.02.15-16.54.24:945][  0]LogInit: Setting Device Profile CVar: [[r.Vulkan.UseRealUBs:1]]
[2022.02.15-16.54.24:945][  0]LogInit: Going up to parent DeviceProfile []
[2022.02.15-16.54.24:959][  0]LogInit: Computer: DR-FRONT-PC
[2022.02.15-16.54.24:959][  0]LogInit: User: anthonyh
[2022.02.15-16.54.24:959][  0]LogInit: CPU Page size=4096, Cores=2
[2022.02.15-16.54.24:959][  0]LogInit: High frequency timer resolution =10.000000 MHz
[2022.02.15-16.54.24:959][  0]LogMemory: Memory total: Physical=15.9GB (16GB approx)
[2022.02.15-16.54.24:959][  0]LogMemory: Platform Memory Stats for Windows
[2022.02.15-16.54.24:959][  0]LogMemory: Process Physical Memory: 103.90 MB used, 103.90 MB peak
[2022.02.15-16.54.24:959][  0]LogMemory: Process Virtual Memory: 87.05 MB used, 87.05 MB peak
[2022.02.15-16.54.24:959][  0]LogMemory: Physical Memory: 6128.25 MB used,  10174.54 MB free, 16302.79 MB total
[2022.02.15-16.54.24:959][  0]LogMemory: Virtual Memory: 4595.40 MB used,  10174.54 MB free, 134217728.00 MB total
[2022.02.15-16.54.25:010][  0]LogInit: Using OS detected language (en-US).
[2022.02.15-16.54.25:010][  0]LogInit: Using OS detected locale (en-US).
[2022.02.15-16.54.25:012][  0]LogTextLocalizationManager: No specific localization for 'en-US' exists, so the 'en' localization will be used.
[2022.02.15-16.54.25:438][  0]LogStreaming: Display: Took  0.428s to InitEngineTextLocalization.
[2022.02.15-16.54.25:438][  0]LogInit: Setting process to per monitor DPI aware
[2022.02.15-16.54.25:524][  0]LogSlate: New Slate User Created.  User Index 0, Is Virtual User: 0
[2022.02.15-16.54.25:524][  0]LogSlate: Slate User Registered.  User Index 0, Is Virtual User: 0
[2022.02.15-16.54.26:504][  0]LogHMD: Failed to initialize OpenVR with code 110
[2022.02.15-16.54.26:504][  0]LogD3D11RHI: D3D11 adapters:
[2022.02.15-16.54.26:516][  0]LogD3D11RHI:    0. 'Intel(R) HD Graphics 4400' (Feature Level 11_0)
[2022.02.15-16.54.26:516][  0]LogD3D11RHI:       112/0/2048 MB DedicatedVideo/DedicatedSystem/SharedSystem, Outputs:1, VendorId:0x8086
[2022.02.15-16.54.26:520][  0]LogD3D11RHI:    1. 'Microsoft Basic Render Driver' (Feature Level 11_0)
[2022.02.15-16.54.26:520][  0]LogD3D11RHI:       0/0/8151 MB DedicatedVideo/DedicatedSystem/SharedSystem, Outputs:0, VendorId:0x1414
[2022.02.15-16.54.26:520][  0]LogD3D11RHI: Chosen D3D11 Adapter: 0
[2022.02.15-16.54.26:536][  0]LogD3D11RHI: Creating new Direct3DDevice
[2022.02.15-16.54.26:536][  0]LogD3D11RHI:     GPU DeviceId: 0x41e (for the marketing name, search the web for "GPU Device Id")
[2022.02.15-16.54.26:536][  0]LogWindows: EnumDisplayDevices:
[2022.02.15-16.54.26:536][  0]LogWindows:    0. 'Intel(R) HD Graphics 4400' (P:1 D:1)
[2022.02.15-16.54.26:537][  0]LogWindows:    1. 'Intel(R) HD Graphics 4400' (P:0 D:0)
[2022.02.15-16.54.26:537][  0]LogWindows: DebugString: FoundDriverCount:2 
[2022.02.15-16.54.26:537][  0]LogD3D11RHI:     Adapter Name: Intel(R) HD Graphics 4400
[2022.02.15-16.54.26:537][  0]LogD3D11RHI:   Driver Version: 20.19.15.4835 (internal:20.19.15.4835, unified:20.19.15.4835)
[2022.02.15-16.54.26:537][  0]LogD3D11RHI:      Driver Date: 10-16-2017
[2022.02.15-16.54.26:537][  0]LogRHI: Texture pool is 795 MB (70% of 1136 MB)
[2022.02.15-16.54.26:547][  0]LogD3D11RHI: Async texture creation enabled
[2022.02.15-16.54.26:554][  0]LogD3D11RHI: GPU Timing Frequency: 12.500000 (Debug: 2 0)
[2022.02.15-16.54.26:555][  0]LogShaderCompilers: Guid format shader working directory is -18 characters bigger than the processId version (../../../../../../Users/Anthonyh/Documents/Unreal Projects/TopDown/Intermediate/Shaders/WorkingDirectory/15868/).
[2022.02.15-16.54.26:555][  0]LogShaderCompilers: Cleaned the shader compiler working directory 'C:/Users/Anthonyh/AppData/Local/Temp/UnrealShaderWorkingDir/EA23C7E247CA14591F15D7B513D7CA01/'.
[2022.02.15-16.54.27:071][  0]LogTemp: Display: Loaded TP AllDesktopTargetPlatform
[2022.02.15-16.54.27:094][  0]LogTemp: Display: Loaded TP MacClientTargetPlatform
[2022.02.15-16.54.27:112][  0]LogTemp: Display: Loaded TP MacNoEditorTargetPlatform
[2022.02.15-16.54.27:130][  0]LogTemp: Display: Loaded TP MacServerTargetPlatform
[2022.02.15-16.54.27:149][  0]LogTemp: Display: Loaded TP MacTargetPlatform
[2022.02.15-16.54.27:167][  0]LogTemp: Display: Loaded TP WindowsClientTargetPlatform
[2022.02.15-16.54.27:186][  0]LogTemp: Display: Loaded TP WindowsNoEditorTargetPlatform
[2022.02.15-16.54.27:204][  0]LogTemp: Display: Loaded TP WindowsServerTargetPlatform
[2022.02.15-16.54.27:213][  0]LogTemp: Display: Loaded TP WindowsTargetPlatform
[2022.02.15-16.54.27:312][  0]LogTemp: Display: Loaded TP AndroidTargetPlatform
[2022.02.15-16.54.27:312][  0]LogTemp: Display: Loaded TP AndroidTargetPlatform
[2022.02.15-16.54.27:312][  0]LogTemp: Display: Loaded TP AndroidTargetPlatform
[2022.02.15-16.54.27:312][  0]LogTemp: Display: Loaded TP AndroidTargetPlatform
[2022.02.15-16.54.27:312][  0]LogTemp: Display: Loaded TP AndroidTargetPlatform
[2022.02.15-16.54.27:312][  0]LogTemp: Display: Loaded TP AndroidTargetPlatform
[2022.02.15-16.54.27:312][  0]LogTemp: Display: Loaded TP AndroidTargetPlatform
[2022.02.15-16.54.27:312][  0]LogTemp: Display: Loaded TP AndroidTargetPlatform
[2022.02.15-16.54.27:312][  0]LogTemp: Display: Loaded TP AndroidTargetPlatform
[2022.02.15-16.54.27:312][  0]LogTemp: Display: Loaded TP AndroidTargetPlatform
[2022.02.15-16.54.27:312][  0]LogTemp: Display: Loaded TP AndroidTargetPlatform
[2022.02.15-16.54.27:312][  0]LogTemp: Display: Loaded TP AndroidTargetPlatform
[2022.02.15-16.54.27:312][  0]LogTemp: Display: Loaded TP AndroidTargetPlatform
[2022.02.15-16.54.27:312][  0]LogTemp: Display: Loaded TP AndroidTargetPlatform
[2022.02.15-16.54.27:312][  0]LogTemp: Display: Loaded TP AndroidTargetPlatform
[2022.02.15-16.54.27:312][  0]LogTemp: Display: Loaded TP AndroidTargetPlatform
[2022.02.15-16.54.27:312][  0]LogTemp: Display: Loaded TP AndroidTargetPlatform
[2022.02.15-16.54.27:312][  0]LogTemp: Display: Loaded TP AndroidTargetPlatform
[2022.02.15-16.54.27:315][  0]LogTemp: Display: Loaded TP HTML5TargetPlatform
[2022.02.15-16.54.27:386][  0]LogTemp: Display: Loaded TP IOSTargetPlatform
[2022.02.15-16.54.27:386][  0]LogTemp: Display: Loaded TP IOSTargetPlatform
[2022.02.15-16.54.27:417][  0]LogTemp: Display: Loaded TP TVOSTargetPlatform
[2022.02.15-16.54.27:417][  0]LogTemp: Display: Loaded TP TVOSTargetPlatform
[2022.02.15-16.54.27:436][  0]LogTemp: Display: Loaded TP LinuxClientTargetPlatform
[2022.02.15-16.54.27:453][  0]LogTemp: Display: Loaded TP LinuxNoEditorTargetPlatform
[2022.02.15-16.54.27:470][  0]LogTemp: Display: Loaded TP LinuxServerTargetPlatform
[2022.02.15-16.54.27:489][  0]LogTemp: Display: Loaded TP LinuxTargetPlatform
[2022.02.15-16.54.27:501][  0]LogTemp: Display: Loaded TP LuminTargetPlatform
[2022.02.15-16.54.27:502][  0]LogTargetPlatformManager: Display: Building Assets For Windows
[2022.02.15-16.54.27:609][  0]LogXGEController: Cleaning working directory: C:/Users/Anthonyh/AppData/Local/Temp/UnrealXGEWorkingDir/
[2022.02.15-16.54.27:609][  0]LogXGEController: Cannot use XGE Controller as Incredibuild is not installed on this machine.
[2022.02.15-16.54.27:609][  0]LogShaderCompilers: Cannot use XGE Shader Compiler as Incredibuild is not installed on this machine.
[2022.02.15-16.54.27:609][  0]LogShaderCompilers: Display: Using Local Shader Compiler.
[2022.02.15-16.54.28:902][  0]LogDerivedDataCache: Display: Max Cache Size: 512 MB
[2022.02.15-16.54.28:981][  0]LogDerivedDataCache: Loaded boot cache 0.08s 71MB C:/Users/Anthonyh/AppData/Local/UnrealEngine/4.20/DerivedDataCache/Boot.ddc.
[2022.02.15-16.54.28:981][  0]LogDerivedDataCache: Display: Loaded Boot cache: C:/Users/Anthonyh/AppData/Local/UnrealEngine/4.20/DerivedDataCache/Boot.ddc
[2022.02.15-16.54.28:981][  0]LogDerivedDataCache: FDerivedDataBackendGraph:  Pak pak cache file ../../../../../../Users/Anthonyh/Documents/Unreal Projects/TopDown/DerivedDataCache/DDC.ddp not found, will not use a pak cache.
[2022.02.15-16.54.28:981][  0]LogDerivedDataCache: Unable to find inner node Pak for hierarchical cache Hierarchy.
[2022.02.15-16.54.28:981][  0]LogDerivedDataCache: FDerivedDataBackendGraph:  CompressedPak pak cache file ../../../../../../Users/Anthonyh/Documents/Unreal Projects/TopDown/DerivedDataCache/Compressed.ddp not found, will not use a pak cache.
[2022.02.15-16.54.28:981][  0]LogDerivedDataCache: Unable to find inner node CompressedPak for hierarchical cache Hierarchy.
[2022.02.15-16.54.29:001][  0]LogDerivedDataCache: Display: Pak cache opened for reading ../../../Engine/DerivedDataCache/Compressed.ddp.
[2022.02.15-16.54.29:015][  0]LogDerivedDataCache: Using Local data cache path C:/Users/Anthonyh/AppData/Local/UnrealEngine/Common/DerivedDataCache: Writable
[2022.02.15-16.54.29:015][  0]LogDerivedDataCache: Shared data cache path not found in *engine.ini, will not use an Shared cache.
[2022.02.15-16.54.29:015][  0]LogDerivedDataCache: Unable to find inner node Shared for hierarchical cache Hierarchy.
[2022.02.15-16.54.29:034][  0]LogMaterial: Verifying Global Shaders for PCD3D_SM5
[2022.02.15-16.54.29:036][  0]LogSlate: Using FreeType 2.6.0
[2022.02.15-16.54.29:040][  0]LogSlate: SlateFontServices - WITH_FREETYPE: 1, WITH_HARFBUZZ: 1
[2022.02.15-16.54.29:217][  0]LogAssetRegistry: FAssetRegistry took 0.0281 seconds to start up
[2022.02.15-16.54.29:681][  0]LogInit: Selected Device Profile: [Windows]
[2022.02.15-16.54.29:851][  0]LogSimplygon: Simplygon DLL not present - disabling.
[2022.02.15-16.54.29:857][  0]LogMeshReduction: Using SimplygonSwarm for distributed automatic mesh merging
[2022.02.15-16.54.29:857][  0]LogMeshReduction: Using ProxyLODMeshReduction for automatic mesh merging
[2022.02.15-16.54.29:857][  0]LogMeshReduction: Using QuadricMeshReduction for automatic static mesh reduction
[2022.02.15-16.54.29:857][  0]LogMeshReduction: No automatic skeletal mesh reduction module available
[2022.02.15-16.54.29:880][  0]LogNetVersion: TopDown 1.0.0, NetCL: 4212847, EngineNetVer: 5, GameNetVer: 0 (Checksum: 2211587197)
[2022.02.15-16.54.30:653][  0]LogPackageLocalizationCache: Processed 11 localized package path(s) for 2 prioritized culture(s) in 0.207430 seconds
[2022.02.15-16.54.30:659][  0]LogUObjectArray: 38426 objects as part of root set at end of initial load.
[2022.02.15-16.54.30:659][  0]LogUObjectAllocator: 6691088 out of 0 bytes used by permanent object pool.
[2022.02.15-16.54.30:659][  0]LogUObjectArray: CloseDisregardForGC: 0/0 objects in disregard for GC pool
[2022.02.15-16.54.32:939][  0]LogTcpMessaging: Initializing TcpMessaging bridge
[2022.02.15-16.54.32:953][  0]LogUdpMessaging: Initializing bridge on interface 0.0.0.0:0 to multicast group 230.0.0.1:6666.
[2022.02.15-16.54.33:195][  0]SourceControl: Source control is disabled
[2022.02.15-16.54.33:195][  0]SourceControl: Source control is disabled
[2022.02.15-16.54.33:198][  0]SourceControl: Source control is disabled
[2022.02.15-16.54.33:200][  0]SourceControl: Source control is disabled
[2022.02.15-16.54.33:456][  0]LogAndroidPermission: UAndroidPermissionCallbackProxy::GetInstance
[2022.02.15-16.54.33:593][  0]LogOcInput: OculusInput pre-init called
[2022.02.15-16.54.33:674][  0]LogEngine: Initializing Engine...
[2022.02.15-16.54.33:676][  0]LogHMD: Failed to initialize OpenVR with code 110
[2022.02.15-16.54.33:678][  0]LogStats: UGameplayTagsManager::ConstructGameplayTagTree: ImportINI prefixes -  0.000 s
[2022.02.15-16.54.33:678][  0]LogStats: UGameplayTagsManager::ConstructGameplayTagTree: Construct from data asset -  0.000 s
[2022.02.15-16.54.33:678][  0]LogStats: UGameplayTagsManager::ConstructGameplayTagTree: ImportINI -  0.000 s
[2022.02.15-16.54.33:678][  0]LogStats: UGameplayTagsManager::ConstructGameplayTagTree: GameplayTagTreeChangedEvent.Broadcast -  0.000 s
[2022.02.15-16.54.33:941][  0]LogInit: Initializing FReadOnlyCVARCache
[2022.02.15-16.54.33:961][  0]LogAIModule: Creating AISystem for world Untitled
[2022.02.15-16.54.33:990][  0]LogInit: XAudio2 using 'Speakers (Realtek High Definition Audio)' : 2 channels at 48 kHz using 32 bits per sample (channel mask 0x3)
[2022.02.15-16.54.34:242][  0]LogInit: FAudioDevice initialized.
[2022.02.15-16.54.34:242][  0]LogNetVersion: Set ProjectVersion to 1.0.0.0. Version Checksum will be recalculated on next use.
[2022.02.15-16.54.34:350][  0]LogDerivedDataCache: Saved boot cache 0.11s 71MB C:/Users/Anthonyh/AppData/Local/UnrealEngine/4.20/DerivedDataCache/Boot.ddc.
[2022.02.15-16.54.34:356][  0]LogInit: Texture streaming: Enabled
[2022.02.15-16.54.34:384][  0]LogEngineSessionManager: EngineSessionManager initialized
[2022.02.15-16.54.34:412][  0]LogInit: Transaction tracking system initialized
[2022.02.15-16.54.34:450][  0]BlueprintLog: New page: Editor Load
[2022.02.15-16.54.34:570][  0]LocalizationService: Localization service is disabled
[2022.02.15-16.54.35:279][  0]LogCook: Display: Max memory allowance for cook 16384mb min free memory 0mb
[2022.02.15-16.54.35:279][  0]LogCook: Display: Mobile HDR setting 1
[2022.02.15-16.54.35:279][  0]LogGameplayTags: Display: UGameplayTagsManager::DoneAddingNativeTags. DelegateIsBound: 0
[2022.02.15-16.54.35:279][  0]LogStats: UGameplayTagsManager::ConstructGameplayTagTree: ImportINI prefixes -  0.000 s
[2022.02.15-16.54.35:279][  0]LogStats: UGameplayTagsManager::ConstructGameplayTagTree: Construct from data asset -  0.000 s
[2022.02.15-16.54.35:280][  0]LogStats: UGameplayTagsManager::ConstructGameplayTagTree: ImportINI -  0.000 s
[2022.02.15-16.54.35:280][  0]LogStats: UGameplayTagsManager::ConstructGameplayTagTree: GameplayTagTreeChangedEvent.Broadcast -  0.000 s
[2022.02.15-16.54.35:514][  0]LogFileCache: Scanning file cache for directory 'C:/Users/Anthonyh/Documents/Unreal Projects/TopDown/Content/' took 0.02s
[2022.02.15-16.54.35:514][  0]SourceControl: Source control is disabled
[2022.02.15-16.54.35:514][  0]Cmd: MAP LOAD FILE="../../../../../../Users/Anthonyh/Documents/Unreal Projects/TopDown/Content/TopDownBP/Maps/TopDownExampleMap.umap" TEMPLATE=0 SHOWPROGRESS=1 FEATURELEVEL=3
[2022.02.15-16.54.35:515][  0]LightingResults: New page: Lighting Build
[2022.02.15-16.54.35:519][  0]MapCheck: New page: Map Check
[2022.02.15-16.54.35:519][  0]LightingResults: New page: Lighting Build
[2022.02.15-16.54.36:071][  0]LogAIModule: Creating AISystem for world TopDownExampleMap
[2022.02.15-16.54.36:084][  0]LogEditorServer: Finished looking for orphan Actors (0.000 secs)
[2022.02.15-16.54.36:121][  0]Cmd: MAP CHECKDEP NOCLEARLOG
[2022.02.15-16.54.36:456][  0]MapCheck: Map check complete: 0 Error(s), 0 Warning(s), took 334.766ms to complete.
[2022.02.15-16.54.36:456][  0]LogFileHelpers: Loading map 'TopDownExampleMap' took 0.942
[2022.02.15-16.54.36:573][  0]LogSlate: Updating window title bar state: overlay mode, drag disabled, window buttons hidden, title bar hidden
[2022.02.15-16.54.36:581][  0]LogSlate: Updating window title bar state: overlay mode, drag disabled, window buttons hidden, title bar hidden
[2022.02.15-16.54.36:589][  0]LogSlate: Updating window title bar state: overlay mode, drag disabled, window buttons hidden, title bar hidden
[2022.02.15-16.54.36:597][  0]LogSlate: Updating window title bar state: overlay mode, drag disabled, window buttons hidden, title bar hidden
[2022.02.15-16.54.36:606][  0]LogCollectionManager: Loaded 0 collections in 0.001828 seconds
[2022.02.15-16.54.36:654][  0]LogFileCache: Scanning file cache for directory 'C:/Users/Anthonyh/Documents/Unreal Projects/TopDown/Saved/Collections/' took 0.01s
[2022.02.15-16.54.36:654][  0]LogFileCache: Scanning file cache for directory 'C:/Users/Anthonyh/Documents/Unreal Projects/TopDown/Content/Developers/anthonyh/Collections/' took 0.01s
[2022.02.15-16.54.36:654][  0]LogFileCache: Scanning file cache for directory 'C:/Users/Anthonyh/Documents/Unreal Projects/TopDown/Content/Collections/' took 0.01s
[2022.02.15-16.54.36:654][  0]LogCollectionManager: Rebuilt the GUID cache for 0 collections in 0.000000 seconds
[2022.02.15-16.54.36:664][  0]LogContentBrowser: Native class hierarchy populated in 0.0094 seconds. Added 2572 classes and 603 folders.
[2022.02.15-16.54.36:673][  0]LogContentBrowser: Native class hierarchy updated for 'WidgetCarousel' in 0.0003 seconds. Added 0 classes and 0 folders.
[2022.02.15-16.54.36:821][  0]LogContentBrowser: Native class hierarchy updated for 'AddContentDialog' in 0.0003 seconds. Added 0 classes and 0 folders.
[2022.02.15-16.54.36:827][  0]LogContentBrowser: Native class hierarchy updated for 'SceneOutliner' in 0.0003 seconds. Added 1 classes and 2 folders.
[2022.02.15-16.54.37:974][  0]LogSlate: Only BGRA pngs, bmps or icos are supported in by External Image Picker
[2022.02.15-16.54.38:057][  0]LogContentBrowser: Native class hierarchy updated for 'HierarchicalLODOutliner' in 0.0006 seconds. Added 0 classes and 0 folders.
[2022.02.15-16.54.38:057][  0]LogLoad: (Engine Initialization) Total time: 16.26 seconds
[2022.02.15-16.54.38:057][  0]LogLoad: (Engine Initialization) Total Blueprint compile time: 0.00 seconds
[2022.02.15-16.54.38:101][  0]LogContentStreaming: Texture pool size now 400 MB
[2022.02.15-16.54.38:111][  0]LogSlate: Took 0.007343 seconds to synchronously load lazily loaded font '../../../Engine/Content/Slate/Fonts/Roboto-Regular.ttf' (155K)
[2022.02.15-16.54.38:114][  0]LogSlate: Took 0.000959 seconds to synchronously load lazily loaded font '../../../Engine/Content/Slate/Fonts/Roboto-Bold.ttf' (160K)
[2022.02.15-16.54.38:124][  0]LogSlate: Took 0.001206 seconds to synchronously load lazily loaded font '../../../Engine/Content/Editor/Slate/Fonts/FontAwesome.ttf' (139K)
[2022.02.15-16.54.38:204][  0]LogRenderer: Reallocating scene render targets to support 64x64 Format 9 NumSamples 1 (Frame:1).
[2022.02.15-16.54.38:280][  0]LogTemp: Executing iPhonePackager certificates Engine -bundlename com.YourCompany.TopDown
[2022.02.15-16.54.38:280][  0]LogTemp: CWD: C:\Program Files\Epic Games\UE_4.20\Engine\Binaries\DotNET\IOS
[2022.02.15-16.54.38:280][  0]LogTemp: Initial Dir: C:\Program Files\Epic Games\UE_4.20
[2022.02.15-16.54.38:280][  0]LogTemp: Env CWD: C:\Program Files\Epic Games\UE_4.20\Engine\Binaries\DotNET\IOS
[2022.02.15-16.54.38:285][  0]LogTemp: BranchPath = DR-FRONT-PC/C/Program Files/Epic Games/UE_4.20/Engine/Binaries --- GameBranchPath = DR-FRONT-PC/C/Program Files/Epic Games/UE_4.20/Engine/Binaries
[2022.02.15-16.54.38:312][  0]LogTemp: IPP ERROR: Could not find provision directory 'C:\Users\Anthonyh\AppData\Local/Apple Computer/MobileDevice/Provisioning Profiles/'.
[2022.02.15-16.54.38:433][  0]LogRenderer: Reallocating scene render targets to support 804x360 Format 9 NumSamples 1 (Frame:1).
[2022.02.15-16.54.38:433][  0]LogSlate: Took 0.001745 seconds to synchronously load lazily loaded font '../../../Engine/Content/Slate/Fonts/Roboto-Light.ttf' (167K)
[2022.02.15-16.54.39:194][  1]LogAssetRegistry: Asset discovery search completed in 10.0005 seconds
[2022.02.15-16.54.39:197][  1]LogCollectionManager: Rebuilt the object cache for 0 collections in 0.000000 seconds (found 0 objects)
[2022.02.15-16.54.39:197][  1]LogCollectionManager: Fixed up redirectors for 0 collections in 0.000098 seconds (updated 0 objects)
[2022.02.15-16.54.39:588][  3]LogSlate: Took 0.001266 seconds to synchronously load lazily loaded font '../../../Engine/Content/Slate/Fonts/Roboto-Light.ttf' (167K)
[2022.02.15-16.54.41:422][152]LogSlate: FSceneViewport::OnFocusLost() reason 0
[2022.02.15-16.54.43:543][280]LogSlate: FSceneViewport::OnFocusLost() reason 0
[2022.02.15-16.54.43:773][299]LogRenderer: Reallocating scene render targets to support 1208x576 Format 9 NumSamples 1 (Frame:169).
[2022.02.15-16.55.10:664][575]LogWindows: LaunchURL http://docs.unrealengine.com/latest/INT/index.html?utm_source=editor&utm_medium=docs&utm_campaign=help_menu
[2022.02.15-16.55.40:079][ 12]LogEditorViewport: Clicking on Actor (LMB): TopDownCharacter_C (TopDownCharacter)
[2022.02.15-16.55.52:114][302]LogSlate: FSceneViewport::OnFocusLost() reason 0
[2022.02.15-16.55.52:288][313]LogTemp: Repeating last play command: Selected Viewport
[2022.02.15-16.55.52:306][313]LogBlueprintUserMessages: Early PlayInEditor Detection: Level '/Game/TopDownBP/Maps/TopDownExampleMap.TopDownExampleMap:PersistentLevel' has LevelScriptBlueprint '/Game/TopDownBP/Maps/TopDownExampleMap.TopDownExampleMap:PersistentLevel.TopDownExampleMap' with GeneratedClass '/Game/TopDownBP/Maps/TopDownExampleMap.TopDownExampleMap_C' with ClassGeneratedBy '/Game/TopDownBP/Maps/TopDownExampleMap.TopDownExampleMap:PersistentLevel.TopDownExampleMap'
[2022.02.15-16.55.52:307][313]LogPlayLevel: PlayLevel: No blueprints needed recompiling
[2022.02.15-16.55.52:319][313]PIE: New page: PIE session: TopDownExampleMap (Feb 15, 2022, 6:55:52 AM)
[2022.02.15-16.55.52:319][313]LogPlayLevel: Creating play world package: /Game/TopDownBP/Maps/UEDPIE_0_TopDownExampleMap
[2022.02.15-16.55.52:342][313]LogPlayLevel: PIE: StaticDuplicateObject took: (0.022977s)
[2022.02.15-16.55.52:343][313]LogAIModule: Creating AISystem for world TopDownExampleMap
[2022.02.15-16.55.52:344][313]LogPlayLevel: PIE: World Init took: (0.001281s)
[2022.02.15-16.55.52:344][313]LogPlayLevel: PIE: Created PIE world by copying editor world from /Game/TopDownBP/Maps/TopDownExampleMap.TopDownExampleMap to /Game/TopDownBP/Maps/UEDPIE_0_TopDownExampleMap.TopDownExampleMap (0.024477s)
[2022.02.15-16.55.52:374][313]LogInit: XAudio2 using 'Speakers (Realtek High Definition Audio)' : 2 channels at 48 kHz using 32 bits per sample (channel mask 0x3)
[2022.02.15-16.55.52:428][313]LogInit: FAudioDevice initialized.
[2022.02.15-16.55.52:475][313]LogLoad: Game class is 'TopDownGameMode_C'
[2022.02.15-16.55.52:478][313]LogWorld: Bringing World /Game/TopDownBP/Maps/UEDPIE_0_TopDownExampleMap.TopDownExampleMap up for play (max tick rate 0) at 2022.02.15-11.55.52
[2022.02.15-16.55.52:478][313]LogWorld: Bringing up level for play took: 0.002047
[2022.02.15-16.55.52:497][313]LogContentBrowser: Native class hierarchy updated for 'MovieSceneCapture' in 0.0004 seconds. Added 10 classes and 0 folders.
[2022.02.15-16.55.52:498][313]PIE: Play in editor start time for /Game/TopDownBP/Maps/UEDPIE_0_TopDownExampleMap -0.719
[2022.02.15-16.55.52:498][313]LogBlueprintUserMessages: Late PlayInEditor Detection: Level '/Game/TopDownBP/Maps/TopDownExampleMap.TopDownExampleMap:PersistentLevel' has LevelScriptBlueprint '/Game/TopDownBP/Maps/TopDownExampleMap.TopDownExampleMap:PersistentLevel.TopDownExampleMap' with GeneratedClass '/Game/TopDownBP/Maps/TopDownExampleMap.TopDownExampleMap_C' with ClassGeneratedBy '/Game/TopDownBP/Maps/TopDownExampleMap.TopDownExampleMap:PersistentLevel.TopDownExampleMap'
[2022.02.15-16.56.23:954][356]LogBlueprintUserMessages: Early EndPlayMap Detection: Level '/Game/TopDownBP/Maps/TopDownExampleMap.TopDownExampleMap:PersistentLevel' has LevelScriptBlueprint '/Game/TopDownBP/Maps/TopDownExampleMap.TopDownExampleMap:PersistentLevel.TopDownExampleMap' with GeneratedClass '/Game/TopDownBP/Maps/TopDownExampleMap.TopDownExampleMap_C' with ClassGeneratedBy '/Game/TopDownBP/Maps/TopDownExampleMap.TopDownExampleMap:PersistentLevel.TopDownExampleMap'
[2022.02.15-16.56.23:955][356]LogSlate: Updating window title bar state: overlay mode, drag disabled, window buttons hidden, title bar hidden
[2022.02.15-16.56.24:002][356]LogPlayLevel: Display: Shutting down PIE online subsystems
[2022.02.15-16.56.24:002][356]LogBlueprintUserMessages: Late EndPlayMap Detection: Level '/Game/TopDownBP/Maps/TopDownExampleMap.TopDownExampleMap:PersistentLevel' has LevelScriptBlueprint '/Game/TopDownBP/Maps/TopDownExampleMap.TopDownExampleMap:PersistentLevel.TopDownExampleMap' with GeneratedClass '/Game/TopDownBP/Maps/TopDownExampleMap.TopDownExampleMap_C' with ClassGeneratedBy '/Game/TopDownBP/Maps/TopDownExampleMap.TopDownExampleMap:PersistentLevel.TopDownExampleMap'
[2022.02.15-16.56.24:024][356]LogSlate: Updating window title bar state: overlay mode, drag disabled, window buttons hidden, title bar hidden
[2022.02.15-16.56.24:069][359]LogPlayLevel: Display: Destroying online subsystem :Context_4
[2022.02.15-16.56.29:314][498]LogSlate: FSceneViewport::OnFocusLost() reason 0
[2022.02.15-16.56.43:244][867]LogSlate: Window 'TopDown - Unreal Editor' being destroyed
[2022.02.15-16.56.43:531][868]Cmd: QUIT_EDITOR
[2022.02.15-16.56.44:112][868]LogWindowsTextInputMethodSystem: Display: IME system now deactivated.
[2022.02.15-16.56.44:150][868]LogExit: Preparing to exit.
[2022.02.15-16.56.45:095][868]LogExit: Editor shut down
[2022.02.15-16.56.45:095][868]LogExit: Transaction tracking system shut down
[2022.02.15-16.56.45:739][868]LogExit: Object subsystem successfully closed.
[2022.02.15-16.56.45:757][868]LogShaderCompilers: Display: Shaders left to compile 0
[2022.02.15-16.56.45:760][868]LogD3D11RHI: Shutdown
[2022.02.15-16.56.45:760][868]LogD3D11RHI: CleanupD3DDevice
[2022.02.15-16.56.45:772][868]LogD3D11RHI: ~FD3D11DynamicRHI
[2022.02.15-16.56.45:821][868]LogModuleManager: Shutting down and abandoning module MovieSceneCapture (616)
[2022.02.15-16.56.45:821][868]LogModuleManager: Shutting down and abandoning module Voice (614)
[2022.02.15-16.56.45:821][868]LogModuleManager: Shutting down and abandoning module HierarchicalLODOutliner (612)
[2022.02.15-16.56.45:821][868]LogModuleManager: Shutting down and abandoning module ExternalImagePicker (610)
[2022.02.15-16.56.45:821][868]LogModuleManager: Shutting down and abandoning module SceneOutliner (608)
[2022.02.15-16.56.45:821][868]LogModuleManager: Shutting down and abandoning module AddContentDialog (606)
[2022.02.15-16.56.45:822][868]LogModuleManager: Shutting down and abandoning module WidgetCarousel (605)
[2022.02.15-16.56.45:822][868]LogModuleManager: Shutting down and abandoning module EditorWidgets (602)
[2022.02.15-16.56.45:822][868]LogModuleManager: Shutting down and abandoning module CollectionManager (600)
[2022.02.15-16.56.45:822][868]LogModuleManager: Shutting down and abandoning module StatsViewer (598)
[2022.02.15-16.56.45:822][868]LogModuleManager: Shutting down and abandoning module FoliageEdit (596)
[2022.02.15-16.56.45:822][868]LogModuleManager: Shutting down and abandoning module LandscapeEditor (594)
[2022.02.15-16.56.45:822][868]LogModuleManager: Shutting down and abandoning module MeshPaintMode (592)
[2022.02.15-16.56.45:822][868]LogModuleManager: Shutting down and abandoning module SceneDepthPickerMode (590)
[2022.02.15-16.56.45:822][868]LogModuleManager: Shutting down and abandoning module ActorPickerMode (588)
[2022.02.15-16.56.45:822][868]LogModuleManager: Shutting down and abandoning module GeometryMode (586)
[2022.02.15-16.56.45:822][868]LogModuleManager: Shutting down and abandoning module TextureAlignMode (584)
[2022.02.15-16.56.45:822][868]LogModuleManager: Shutting down and abandoning module BspMode (582)
[2022.02.15-16.56.45:822][868]LogModuleManager: Shutting down and abandoning module PIEPreviewDeviceProfileSelector (580)
[2022.02.15-16.56.45:822][868]LogModuleManager: Shutting down and abandoning module SequenceRecorderSections (578)
[2022.02.15-16.56.45:822][868]LogModuleManager: Shutting down and abandoning module AutomationWorker (576)
[2022.02.15-16.56.45:822][868]LogModuleManager: Shutting down and abandoning module AudioCaptureEditor (574)
[2022.02.15-16.56.45:822][868]LogModuleManager: Shutting down and abandoning module SequenceRecorder (573)
[2022.02.15-16.56.45:822][868]LogModuleManager: Shutting down and abandoning module MatineeToLevelSequence (570)
[2022.02.15-16.56.45:822][868]LogModuleManager: Shutting down and abandoning module LevelSequenceEditor (568)
[2022.02.15-16.56.45:822][868]LogModuleManager: Shutting down and abandoning module PlacementMode (567)
[2022.02.15-16.56.45:822][868]LogModuleManager: Shutting down and abandoning module MaterialEditor (566)
[2022.02.15-16.56.45:822][868]LogModuleManager: Shutting down and abandoning module WmfMediaFactory (562)
[2022.02.15-16.56.45:822][868]LogModuleManager: Shutting down and abandoning module WmfMediaEditor (560)
[2022.02.15-16.56.45:823][868]LogModuleManager: Shutting down and abandoning module MediaPlayerEditor (558)
[2022.02.15-16.56.45:823][868]LogModuleManager: Shutting down and abandoning module OpenExrWrapper (556)
[2022.02.15-16.56.45:823][868]LogModuleManager: Shutting down and abandoning module ImgMediaFactory (554)
[2022.02.15-16.56.45:823][868]LogModuleManager: Shutting down and abandoning module ImgMediaEditor (552)
[2022.02.15-16.56.45:823][868]LogModuleManager: Shutting down and abandoning module AvfMediaFactory (550)
[2022.02.15-16.56.45:823][868]LogModuleManager: Shutting down and abandoning module AvfMediaEditor (548)
[2022.02.15-16.56.45:823][868]LogModuleManager: Shutting down and abandoning module AndroidMediaFactory (546)
[2022.02.15-16.56.45:823][868]LogModuleManager: Shutting down and abandoning module AndroidMediaEditor (544)
[2022.02.15-16.56.45:823][868]LogModuleManager: Shutting down and abandoning module MagicLeapCameraPreviewFactory (542)
[2022.02.15-16.56.45:823][868]LogModuleManager: Shutting down and abandoning module MagicLeapMediaFactory (540)
[2022.02.15-16.56.45:823][868]LogModuleManager: Shutting down and abandoning module MagicLeapMediaEditor (538)
[2022.02.15-16.56.45:823][868]LogModuleManager: Shutting down and abandoning module CharacterAI (536)
[2022.02.15-16.56.45:823][868]LogModuleManager: Shutting down and abandoning module SmartSnapping (534)
[2022.02.15-16.56.45:823][868]LogModuleManager: Shutting down and abandoning module SessionServices (532)
[2022.02.15-16.56.45:823][868]LogModuleManager: Shutting down and abandoning module ViewportSnapping (530)
[2022.02.15-16.56.45:823][868]LogModuleManager: Shutting down and abandoning module ViewportInteraction (528)
[2022.02.15-16.56.45:823][868]LogModuleManager: Shutting down and abandoning module ClothPainter (526)
[2022.02.15-16.56.45:823][868]LogModuleManager: Shutting down and abandoning module SkeletalMeshEditor (525)
[2022.02.15-16.56.45:823][868]LogModuleManager: Shutting down and abandoning module LogVisualizer (522)
[2022.02.15-16.56.45:823][868]LogModuleManager: Shutting down and abandoning module IntroTutorials (520)
[2022.02.15-16.56.45:823][868]LogModuleManager: Shutting down and abandoning module GameProjectGeneration (519)
[2022.02.15-16.56.45:823][868]LogModuleManager: Shutting down and abandoning module LuminPlatformEditor (516)
[2022.02.15-16.56.45:823][868]LogModuleManager: Shutting down and abandoning module IOSPlatformEditor (514)
[2022.02.15-16.56.45:823][868]LogModuleManager: Shutting down and abandoning module HTML5PlatformEditor (512)
[2022.02.15-16.56.45:823][868]LogModuleManager: Shutting down and abandoning module AndroidPlatformEditor (510)
[2022.02.15-16.56.45:823][868]LogModuleManager: Shutting down and abandoning module AndroidDeviceDetection (509)
[2022.02.15-16.56.46:694][868]LogModuleManager: Shutting down and abandoning module WindowsPlatformEditor (506)
[2022.02.15-16.56.46:694][868]LogModuleManager: Shutting down and abandoning module LuminRuntimeSettings (504)
[2022.02.15-16.56.46:694][868]LogModuleManager: Shutting down and abandoning module IOSRuntimeSettings (502)
[2022.02.15-16.56.46:695][868]LogModuleManager: Shutting down and abandoning module AndroidRuntimeSettings (500)
[2022.02.15-16.56.46:695][868]LogModuleManager: Shutting down and abandoning module InputBindingEditor (498)
[2022.02.15-16.56.46:695][868]LogModuleManager: Shutting down and abandoning module MergeActors (496)
[2022.02.15-16.56.46:695][868]LogModuleManager: Shutting down and abandoning module LocalizationDashboard (494)
[2022.02.15-16.56.46:695][868]LogModuleManager: Shutting down and abandoning module LocalizationService (493)
[2022.02.15-16.56.46:695][868]LogModuleManager: Shutting down and abandoning module HardwareTargeting (490)
[2022.02.15-16.56.46:695][868]LogModuleManager: Shutting down and abandoning module DeviceProfileEditor (488)
[2022.02.15-16.56.46:695][868]LogModuleManager: Shutting down and abandoning module UndoHistory (486)
[2022.02.15-16.56.46:695][868]LogModuleManager: Shutting down and abandoning module XmlParser (484)
[2022.02.15-16.56.46:695][868]LogModuleManager: Shutting down and abandoning module Blutility (482)
[2022.02.15-16.56.46:695][868]LogModuleManager: Shutting down and abandoning module ProjectSettingsViewer (480)
[2022.02.15-16.56.46:696][868]LogModuleManager: Shutting down and abandoning module ProjectTargetPlatformEditor (479)
[2022.02.15-16.56.46:696][868]LogModuleManager: Shutting down and abandoning module EditorSettingsViewer (476)
[2022.02.15-16.56.46:696][868]LogModuleManager: Shutting down and abandoning module SettingsEditor (474)
[2022.02.15-16.56.46:696][868]LogModuleManager: Shutting down and abandoning module ProjectLauncher (472)
[2022.02.15-16.56.46:696][868]LogModuleManager: Shutting down and abandoning module SessionFrontend (470)
[2022.02.15-16.56.46:696][868]LogModuleManager: Shutting down and abandoning module ProfilerClient (468)
[2022.02.15-16.56.46:697][868]LogModuleManager: Shutting down and abandoning module DeviceManager (466)
[2022.02.15-16.56.46:697][868]LogModuleManager: Shutting down and abandoning module TargetDeviceServices (465)
[2022.02.15-16.56.46:751][868]LogModuleManager: Shutting down and abandoning module AutomationController (462)
[2022.02.15-16.56.46:751][868]LogModuleManager: Shutting down and abandoning module AutomationWindow (460)
[2022.02.15-16.56.46:751][868]LogModuleManager: Shutting down and abandoning module Layers (458)
[2022.02.15-16.56.46:751][868]LogModuleManager: Shutting down and abandoning module ComponentVisualizers (456)
[2022.02.15-16.56.46:751][868]LogModuleManager: Shutting down and abandoning module DetailCustomizations (454)
[2022.02.15-16.56.46:751][868]LogModuleManager: Shutting down and abandoning module PackagesDialog (452)
[2022.02.15-16.56.46:752][868]LogModuleManager: Shutting down and abandoning module Persona (450)
[2022.02.15-16.56.46:752][868]LogModuleManager: Shutting down and abandoning module AdvancedPreviewScene (449)
[2022.02.15-16.56.46:752][868]LogModuleManager: Shutting down and abandoning module AnimGraph (447)
[2022.02.15-16.56.46:752][868]LogModuleManager: Shutting down and abandoning module Kismet (444)
[2022.02.15-16.56.46:753][868]LogModuleManager: Shutting down and abandoning module GraphEditor (442)
[2022.02.15-16.56.46:753][868]LogModuleManager: Shutting down and abandoning module ClassViewer (440)
[2022.02.15-16.56.46:753][868]LogModuleManager: Shutting down and abandoning module Toolbox (438)
[2022.02.15-16.56.46:753][868]LogModuleManager: Shutting down and abandoning module ModuleUI (436)
[2022.02.15-16.56.46:753][868]LogModuleManager: Shutting down and abandoning module MovieSceneTools (434)
[2022.02.15-16.56.46:754][868]LogModuleManager: Shutting down and abandoning module OutputLog (432)
[2022.02.15-16.56.46:754][868]LogModuleManager: Shutting down and abandoning module GammaUI (430)
[2022.02.15-16.56.46:754][868]LogModuleManager: Shutting down and abandoning module Documentation (428)
[2022.02.15-16.56.46:754][868]LogModuleManager: Shutting down and abandoning module MovieSceneTracks (426)
[2022.02.15-16.56.46:754][868]LogModuleManager: Shutting down and abandoning module MovieScene (424)
[2022.02.15-16.56.46:754][868]LogModuleManager: Shutting down and abandoning module StreamingPauseRendering (422)
[2022.02.15-16.56.46:754][868]LogModuleManager: Shutting down and abandoning module LauncherPlatform (420)
[2022.02.15-16.56.46:754][868]LogModuleManager: Shutting down and abandoning module AnalyticsET (418)
[2022.02.15-16.56.46:754][868]LogModuleManager: Shutting down and abandoning module PortalServices (416)
[2022.02.15-16.56.46:754][868]LogModuleManager: Shutting down and abandoning module PortalRpc (414)
[2022.02.15-16.56.46:755][868]LogModuleManager: Shutting down and abandoning module MessagingRpc (412)
[2022.02.15-16.56.46:755][868]LogModuleManager: Shutting down and abandoning module AIModule (410)
[2022.02.15-16.56.46:755][868]LogModuleManager: Shutting down and abandoning module GameplayDebugger (409)
[2022.02.15-16.56.46:755][868]LogModuleManager: Shutting down and abandoning module AITestSuite (407)
[2022.02.15-16.56.46:755][868]LogModuleManager: Shutting down and abandoning module NavigationSystem (405)
[2022.02.15-16.56.46:755][868]LogModuleManager: Shutting down and abandoning module DesktopPlatform (402)
[2022.02.15-16.56.46:755][868]LogModuleManager: Shutting down and abandoning module ProfilerService (400)
[2022.02.15-16.56.46:844][868]LogModuleManager: Shutting down and abandoning module TaskGraph (398)
[2022.02.15-16.56.46:845][868]LogModuleManager: Shutting down and abandoning module SteamVRController (396)
[2022.02.15-16.56.46:845][868]LogModuleManager: Shutting down and abandoning module ProceduralMeshComponentEditor (394)
[2022.02.15-16.56.46:845][868]LogModuleManager: Shutting down and abandoning module ProceduralMeshComponent (392)
[2022.02.15-16.56.46:845][868]LogModuleManager: Shutting down and abandoning module OculusInput (390)
[2022.02.15-16.56.46:845][868]LogModuleManager: Shutting down and abandoning module MobilePatchingUtils (388)
[2022.02.15-16.56.46:845][868]LogModuleManager: Shutting down and abandoning module EditableMesh (386)
[2022.02.15-16.56.46:845][868]LogModuleManager: Shutting down and abandoning module CustomMeshComponent (384)
[2022.02.15-16.56.46:845][868]LogModuleManager: Shutting down and abandoning module CableComponent (382)
[2022.02.15-16.56.46:845][868]LogModuleManager: Shutting down and abandoning module AudioCapture (380)
[2022.02.15-16.56.46:845][868]LogModuleManager: Shutting down and abandoning module ArchVisCharacter (378)
[2022.02.15-16.56.46:845][868]LogModuleManager: Shutting down and abandoning module AndroidPermission (376)
[2022.02.15-16.56.46:845][868]LogModuleManager: Shutting down and abandoning module NUTUnrealEngine4 (374)
[2022.02.15-16.56.46:845][868]LogModuleManager: Shutting down and abandoning module NetcodeUnitTest (372)
[2022.02.15-16.56.46:845][868]LogModuleManager: Shutting down and abandoning module MediaCompositingEditor (370)
[2022.02.15-16.56.46:846][868]LogModuleManager: Shutting down and abandoning module MediaCompositing (368)
[2022.02.15-16.56.46:846][868]LogModuleManager: Shutting down and abandoning module LinearTimecode (366)
[2022.02.15-16.56.46:846][868]LogModuleManager: Shutting down and abandoning module ImgMedia (364)
[2022.02.15-16.56.46:857][868]LogModuleManager: Shutting down and abandoning module HTML5Networking (362)
[2022.02.15-16.56.46:857][868]LogModuleManager: Shutting down and abandoning module GeometryCacheTracks (360)
[2022.02.15-16.56.46:857][868]LogModuleManager: Shutting down and abandoning module GeometryCacheSequencer (358)
[2022.02.15-16.56.46:857][868]LogModuleManager: Shutting down and abandoning module BackChannel (356)
[2022.02.15-16.56.46:857][868]LogModuleManager: Shutting down and abandoning module AppleVision (354)
[2022.02.15-16.56.46:857][868]LogModuleManager: Shutting down and abandoning module AppleImageUtils (352)
[2022.02.15-16.56.46:857][868]LogModuleManager: Shutting down and abandoning module AlembicImporter (350)
[2022.02.15-16.56.46:857][868]LogModuleManager: Shutting down and abandoning module AlembicLibrary (349)
[2022.02.15-16.56.46:858][868]LogModuleManager: Shutting down and abandoning module GeometryCache (348)
[2022.02.15-16.56.46:858][868]LogModuleManager: Shutting down and abandoning module GeometryCacheEd (347)
[2022.02.15-16.56.46:858][868]LogModuleManager: Shutting down and abandoning module DatasmithContentEditor (342)
[2022.02.15-16.56.46:858][868]LogModuleManager: Shutting down and abandoning module DatasmithContent (340)
[2022.02.15-16.56.46:860][868]LogModuleManager: Shutting down and abandoning module SpeedTreeImporter (338)
[2022.02.15-16.56.46:860][868]LogModuleManager: Shutting down and abandoning module PluginBrowser (336)
[2022.02.15-16.56.46:861][868]LogModuleManager: Shutting down and abandoning module MobileLauncherProfileWizard (334)
[2022.02.15-16.56.46:861][868]LogModuleManager: Shutting down and abandoning module PolygonModeling (332)
[2022.02.15-16.56.46:861][868]LogModuleManager: Shutting down and abandoning module MeshEditor (330)
[2022.02.15-16.56.46:861][868]LogModuleManager: Shutting down and abandoning module CryptoKeysOpenSSL (328)
[2022.02.15-16.56.46:861][868]LogModuleManager: Shutting down and abandoning module CryptoKeys (326)
[2022.02.15-16.56.46:861][868]LogModuleManager: Shutting down and abandoning module VisualStudioSourceCodeAccess (324)
[2022.02.15-16.56.46:861][868]LogModuleManager: Shutting down and abandoning module VisualStudioCodeSourceCodeAccess (322)
[2022.02.15-16.56.46:861][868]LogModuleManager: Shutting down and abandoning module UObjectPlugin (320)
[2022.02.15-16.56.46:862][868]LogModuleManager: Shutting down and abandoning module SubversionSourceControl (318)
[2022.02.15-16.56.46:862][868]LogModuleManager: Shutting down and abandoning module PerforceSourceControl (316)
[2022.02.15-16.56.46:862][868]LogModuleManager: Shutting down and abandoning module GitSourceControl (314)
[2022.02.15-16.56.46:862][868]LogModuleManager: Shutting down and abandoning module SourceControl (313)
[2022.02.15-16.56.46:862][868]LogModuleManager: Shutting down and abandoning module CLionSourceCodeAccess (310)
[2022.02.15-16.56.46:862][868]LogModuleManager: Shutting down and abandoning module LightPropagationVolumeEditor (308)
[2022.02.15-16.56.46:862][868]LogModuleManager: Shutting down and abandoning module PaperTiledImporter (306)
[2022.02.15-16.56.46:862][868]LogModuleManager: Shutting down and abandoning module PaperSpriteSheetImporter (304)
[2022.02.15-16.56.46:863][868]LogModuleManager: Shutting down and abandoning module Paper2DEditor (302)
[2022.02.15-16.56.46:863][868]LogModuleManager: Shutting down and abandoning module MeshPaint (301)
[2022.02.15-16.56.46:863][868]LogModuleManager: Shutting down and abandoning module RuntimePhysXCooking (298)
[2022.02.15-16.56.46:863][868]LogModuleManager: Shutting down and abandoning module PhysXVehiclesEditor (296)
[2022.02.15-16.56.46:863][868]LogModuleManager: Shutting down and abandoning module PhysXVehicles (294)
[2022.02.15-16.56.46:863][868]LogModuleManager: Shutting down and abandoning module OculusEditor (292)
[2022.02.15-16.56.46:863][868]LogModuleManager: Shutting down and abandoning module LocationServicesBPLibrary (290)
[2022.02.15-16.56.46:863][868]LogModuleManager: Shutting down and abandoning module ImmediatePhysicsEditor (288)
[2022.02.15-16.56.46:863][868]LogModuleManager: Shutting down and abandoning module ImmediatePhysics (286)
[2022.02.15-16.56.46:863][868]LogModuleManager: Shutting down and abandoning module ActorSequence (284)
[2022.02.15-16.56.46:864][868]LogModuleManager: Shutting down and abandoning module UdpMessaging (282)
[2022.02.15-16.56.46:965][868]LogModuleManager: Shutting down and abandoning module TcpMessaging (280)
[2022.02.15-16.56.47:065][868]LogModuleManager: Shutting down and abandoning module MagicLeapAudio (278)
[2022.02.15-16.56.47:065][868]LogModuleManager: Shutting down and abandoning module GameplayTagsEditor (276)
[2022.02.15-16.56.47:065][868]LogModuleManager: Shutting down and abandoning module FacialAnimationEditor (274)
[2022.02.15-16.56.47:065][868]LogModuleManager: Shutting down and abandoning module FacialAnimation (272)
[2022.02.15-16.56.47:065][868]LogModuleManager: Shutting down and abandoning module DataValidation (270)
[2022.02.15-16.56.47:065][868]LogModuleManager: Shutting down and abandoning module AssetManagerEditor (268)
[2022.02.15-16.56.47:066][868]LogModuleManager: Shutting down and abandoning module LevelEditor (267)
[2022.02.15-16.56.47:068][868]LogModuleManager: Shutting down and abandoning module PixelInspectorModule (266)
[2022.02.15-16.56.47:068][868]LogModuleManager: Shutting down and abandoning module CommonMenuExtensions (264)
[2022.02.15-16.56.47:068][868]LogModuleManager: Shutting down and abandoning module MainFrame (262)
[2022.02.15-16.56.47:069][868]LogModuleManager: Shutting down and abandoning module HotReload (261)
[2022.02.15-16.56.47:071][868]LogModuleManager: Shutting down and abandoning module ContentBrowser (257)
[2022.02.15-16.56.47:075][868]LogModuleManager: Shutting down and abandoning module TreeMap (255)
[2022.02.15-16.56.47:075][868]LogModuleManager: Shutting down and abandoning module LightPropagationVolumeRuntime (252)
[2022.02.15-16.56.47:075][868]LogModuleManager: Shutting down and abandoning module AISupportModule (250)
[2022.02.15-16.56.47:076][868]LogModuleManager: Shutting down and abandoning module Paper2D (248)
[2022.02.15-16.56.47:076][868]LogModuleManager: Shutting down and abandoning module WindowsMoviePlayer (246)
[2022.02.15-16.56.47:076][868]LogModuleManager: Shutting down and abandoning module WmfMedia (244)
[2022.02.15-16.56.47:083][868]LogModuleManager: Shutting down and abandoning module Media (243)
[2022.02.15-16.56.47:089][868]LogModuleManager: Shutting down and abandoning module PacketHandler (240)
[2022.02.15-16.56.47:089][868]LogModuleManager: Shutting down and abandoning module ClothingSystemEditor (238)
[2022.02.15-16.56.47:089][868]LogModuleManager: Shutting down and abandoning module ClothingSystemRuntime (236)
[2022.02.15-16.56.47:089][868]LogModuleManager: Shutting down and abandoning module MediaAssets (234)
[2022.02.15-16.56.47:089][868]LogModuleManager: Shutting down and abandoning module Overlay (232)
[2022.02.15-16.56.47:089][868]LogModuleManager: Shutting down and abandoning module OverlayEditor (231)
[2022.02.15-16.56.47:089][868]LogModuleManager: Shutting down and abandoning module VREditor (228)
[2022.02.15-16.56.47:089][868]LogModuleManager: Shutting down and abandoning module StringTableEditor (226)
[2022.02.15-16.56.47:089][868]LogModuleManager: Shutting down and abandoning module GameplayTasksEditor (224)
[2022.02.15-16.56.47:089][868]LogModuleManager: Shutting down and abandoning module BehaviorTreeEditor (222)
[2022.02.15-16.56.47:089][868]LogModuleManager: Shutting down and abandoning module FunctionalTesting (220)
[2022.02.15-16.56.47:089][868]LogModuleManager: Shutting down and abandoning module CollisionAnalyzer (218)
[2022.02.15-16.56.47:089][868]LogModuleManager: Shutting down and abandoning module WorkspaceMenuStructure (217)
[2022.02.15-16.56.47:089][868]LogModuleManager: Shutting down and abandoning module UMG (214)
[2022.02.15-16.56.47:090][868]LogModuleManager: Shutting down and abandoning module UMGEditor (213)
[2022.02.15-16.56.47:090][868]LogModuleManager: Shutting down and abandoning module Sequencer (212)
[2022.02.15-16.56.47:090][868]LogModuleManager: Shutting down and abandoning module MessageLog (209)
[2022.02.15-16.56.47:090][868]LogModuleManager: Shutting down and abandoning module SlateReflector (204)
[2022.02.15-16.56.47:090][868]LogModuleManager: Shutting down and abandoning module Slate (202)
[2022.02.15-16.56.47:090][868]LogModuleManager: Shutting down and abandoning module EditorStyle (200)
[2022.02.15-16.56.47:092][868]LogModuleManager: Shutting down and abandoning module MRMesh (198)
[2022.02.15-16.56.47:092][868]LogModuleManager: Shutting down and abandoning module SourceCodeAccess (196)
[2022.02.15-16.56.47:092][868]LogModuleManager: Shutting down and abandoning module HeadMountedDisplay (194)
[2022.02.15-16.56.47:093][868]LogModuleManager: Shutting down and abandoning module XAudio2 (192)
[2022.02.15-16.56.47:093][868]LogModuleManager: Shutting down and abandoning module Networking (190)
[2022.02.15-16.56.47:093][868]LogModuleManager: Shutting down and abandoning module Core (188)
[2022.02.15-16.56.47:093][868]LogModuleManager: Shutting down and abandoning module LevelSequence (186)
[2022.02.15-16.56.47:093][868]LogModuleManager: Shutting down and abandoning module KismetCompiler (184)
[2022.02.15-16.56.47:093][868]LogModuleManager: Shutting down and abandoning module MeshUtilities (182)
[2022.02.15-16.56.47:093][868]LogModuleManager: Shutting down and abandoning module MeshMergeUtilities (181)
[2022.02.15-16.56.47:093][868]LogModuleManager: Shutting down and abandoning module MeshReductionInterface (180)
[2022.02.15-16.56.47:093][868]LogModuleManager: Shutting down and abandoning module SimplygonSwarm (179)
[2022.02.15-16.56.47:093][868]LogModuleManager: Shutting down and abandoning module ProxyLODMeshReduction (177)
[2022.02.15-16.56.47:093][868]LogModuleManager: Shutting down and abandoning module SimplygonMeshReduction (175)
[2022.02.15-16.56.47:093][868]LogModuleManager: Shutting down and abandoning module QuadricMeshReduction (173)
[2022.02.15-16.56.47:093][868]LogModuleManager: Shutting down and abandoning module MaterialBaking (169)
[2022.02.15-16.56.47:093][868]LogModuleManager: Shutting down and abandoning module DirectoryWatcher (165)
[2022.02.15-16.56.47:093][868]LogModuleManager: Shutting down and abandoning module DerivedDataCache (162)
[2022.02.15-16.56.47:175][868]LogDerivedDataCache: Shutdown
[2022.02.15-16.56.47:176][868]LogModuleManager: Shutting down and abandoning module XGEController (160)
[2022.02.15-16.56.47:176][868]LogXGEController: Cleaning working directory: C:/Users/Anthonyh/AppData/Local/Temp/UnrealXGEWorkingDir/
[2022.02.15-16.56.47:177][868]LogModuleManager: Shutting down and abandoning module TargetPlatform (158)
[2022.02.15-16.56.47:177][868]LogModuleManager: Shutting down and abandoning module VulkanShaderFormat (157)
[2022.02.15-16.56.47:177][868]LogModuleManager: Shutting down and abandoning module ShaderFormatVectorVM (155)
[2022.02.15-16.56.47:177][868]LogModuleManager: Shutting down and abandoning module ShaderFormatOpenGL (153)
[2022.02.15-16.56.47:177][868]LogModuleManager: Shutting down and abandoning module ShaderFormatD3D (151)
[2022.02.15-16.56.47:178][868]LogModuleManager: Shutting down and abandoning module MetalShaderFormat (149)
[2022.02.15-16.56.47:178][868]LogModuleManager: Shutting down and abandoning module TextureFormatUncompressed (147)
[2022.02.15-16.56.47:178][868]LogModuleManager: Shutting down and abandoning module TextureFormatPVR (145)
[2022.02.15-16.56.47:178][868]LogModuleManager: Shutting down and abandoning module TextureFormatDXT (143)
[2022.02.15-16.56.47:178][868]LogModuleManager: Shutting down and abandoning module TextureFormatIntelISPCTexComp (141)
[2022.02.15-16.56.47:178][868]LogModuleManager: Shutting down and abandoning module TextureFormatASTC (139)
[2022.02.15-16.56.47:178][868]LogModuleManager: Shutting down and abandoning module ImageWrapper (138)
[2022.02.15-16.56.47:178][868]LogModuleManager: Shutting down and abandoning module TextureFormatAndroid (135)
[2022.02.15-16.56.47:178][868]LogModuleManager: Shutting down and abandoning module AudioFormatOpus (133)
[2022.02.15-16.56.47:178][868]LogModuleManager: Shutting down and abandoning module AudioFormatOgg (131)
[2022.02.15-16.56.47:178][868]LogModuleManager: Shutting down and abandoning module AudioFormatADPCM (129)
[2022.02.15-16.56.47:179][868]LogModuleManager: Shutting down and abandoning module LuminTargetPlatform (127)
[2022.02.15-16.56.47:179][868]LogModuleManager: Shutting down and abandoning module LinuxTargetPlatform (125)
[2022.02.15-16.56.47:179][868]LogModuleManager: Shutting down and abandoning module LinuxServerTargetPlatform (123)
[2022.02.15-16.56.47:179][868]LogModuleManager: Shutting down and abandoning module LinuxNoEditorTargetPlatform (121)
[2022.02.15-16.56.47:179][868]LogModuleManager: Shutting down and abandoning module LinuxClientTargetPlatform (119)
[2022.02.15-16.56.47:179][868]LogModuleManager: Shutting down and abandoning module TVOSTargetPlatform (117)
[2022.02.15-16.56.47:181][868]LogModuleManager: Shutting down and abandoning module Messaging (115)
[2022.02.15-16.56.47:181][868]LogModuleManager: Shutting down and abandoning module IOSTargetPlatform (113)
[2022.02.15-16.56.47:183][868]LogModuleManager: Shutting down and abandoning module HTML5TargetPlatform (111)
[2022.02.15-16.56.47:184][868]LogModuleManager: Shutting down and abandoning module AndroidTargetPlatform (109)
[2022.02.15-16.56.47:202][868]LogModuleManager: Shutting down and abandoning module WindowsTargetPlatform (107)
[2022.02.15-16.56.47:202][868]LogModuleManager: Shutting down and abandoning module WindowsServerTargetPlatform (105)
[2022.02.15-16.56.47:202][868]LogModuleManager: Shutting down and abandoning module WindowsNoEditorTargetPlatform (103)
[2022.02.15-16.56.47:202][868]LogModuleManager: Shutting down and abandoning module WindowsClientTargetPlatform (101)
[2022.02.15-16.56.47:202][868]LogModuleManager: Shutting down and abandoning module MacTargetPlatform (99)
[2022.02.15-16.56.47:202][868]LogModuleManager: Shutting down and abandoning module MacServerTargetPlatform (97)
[2022.02.15-16.56.47:202][868]LogModuleManager: Shutting down and abandoning module MacNoEditorTargetPlatform (95)
[2022.02.15-16.56.47:202][868]LogModuleManager: Shutting down and abandoning module MacClientTargetPlatform (93)
[2022.02.15-16.56.47:202][868]LogModuleManager: Shutting down and abandoning module AllDesktopTargetPlatform (91)
[2022.02.15-16.56.47:202][868]LogModuleManager: Shutting down and abandoning module InputCore (88)
[2022.02.15-16.56.47:202][868]LogModuleManager: Shutting down and abandoning module Settings (86)
[2022.02.15-16.56.47:202][868]LogModuleManager: Shutting down and abandoning module PhysXCooking (84)
[2022.02.15-16.56.47:202][868]LogModuleManager: Shutting down and abandoning module SteamVR (82)
[2022.02.15-16.56.47:202][868]LogModuleManager: Shutting down and abandoning module OculusHMD (80)
[2022.02.15-16.56.47:202][868]LogModuleManager: Shutting down and abandoning module ExampleDeviceProfileSelector (78)
[2022.02.15-16.56.47:202][868]LogModuleManager: Shutting down and abandoning module LauncherChunkInstaller (76)
[2022.02.15-16.56.47:202][868]LogModuleManager: Shutting down and abandoning module OnlineBlueprintSupport (74)
[2022.02.15-16.56.47:202][868]LogModuleManager: Shutting down and abandoning module OnlineSubsystem (70)
[2022.02.15-16.56.47:203][868]LogModuleManager: Shutting down and abandoning module XMPP (65)
[2022.02.15-16.56.47:203][868]LogModuleManager: Shutting down and abandoning module WebSockets (64)
[2022.02.15-16.56.47:209][868]LogModuleManager: Shutting down and abandoning module HTTP (61)
[2022.02.15-16.56.47:209][868]LogHttp: Display: Http module shutting down, but needs to wait on 1 outstanding Http requests:
[2022.02.15-16.56.47:209][868]LogHttp: Display: 	verb=[POST] url=[https://datarouter.ol.epicgames.com/datarouter/api/v1/public/data?SessionID=%7B2C0D4181-4E0A-83D1-E2A5-6BB8598BDFE0%7D&AppID=UEEditor.Rocket.Release&AppVersion=4.20.3-4369336%2B%2B%2BUE4%2BRelease-4.20&UserID=db6f93d94ef6f5bba04769a871a4bcde%7C9bfaded90169469d97dd38e20e9492db%7C3d487112-d7a1-4c0d-bc68-90d7f4c15d86&AppEnvironment=datacollector-binary&UploadType=eteventstream] status=Processing
[2022.02.15-16.56.47:232][868]LogModuleManager: Shutting down and abandoning module SSL (60)
[2022.02.15-16.56.47:237][868]LogModuleManager: Shutting down and abandoning module MagicLeapEmulator (56)
[2022.02.15-16.56.47:237][868]LogModuleManager: Shutting down and abandoning module MagicLeapPrivileges (54)
[2022.02.15-16.56.47:237][868]LogModuleManager: Shutting down and abandoning module MagicLeapIdentity (52)
[2022.02.15-16.56.47:237][868]LogModuleManager: Shutting down and abandoning module MagicLeapHelperVulkan (50)
[2022.02.15-16.56.47:237][868]LogModuleManager: Shutting down and abandoning module MagicLeapHelperOpenGL (48)
[2022.02.15-16.56.47:237][868]LogModuleManager: Shutting down and abandoning module MagicLeapSecureStorage (46)
[2022.02.15-16.56.47:237][868]LogModuleManager: Shutting down and abandoning module MagicLeapGestures (44)
[2022.02.15-16.56.47:237][868]LogModuleManager: Shutting down and abandoning module MagicLeapEyeTracker (42)
[2022.02.15-16.56.47:237][868]LogModuleManager: Shutting down and abandoning module MagicLeapController (40)
[2022.02.15-16.56.47:238][868]LogSlate: Slate User Destroyed.  User Index 0, Is Virtual User: 0
[2022.02.15-16.56.47:238][868]LogModuleManager: Shutting down and abandoning module MagicLeap (38)
[2022.02.15-16.56.47:238][868]LogModuleManager: Shutting down and abandoning module AnimationModifiers (36)
[2022.02.15-16.56.47:238][868]LogModuleManager: Shutting down and abandoning module PropertyEditor (35)
[2022.02.15-16.56.47:238][868]LogModuleManager: Shutting down and abandoning module AudioEditor (32)
[2022.02.15-16.56.47:238][868]LogModuleManager: Shutting down and abandoning module TextureCompressor (30)
[2022.02.15-16.56.47:239][868]LogModuleManager: Shutting down and abandoning module ShaderCore (28)
[2022.02.15-16.56.47:239][868]LogModuleManager: Shutting down and abandoning module Landscape (26)
[2022.02.15-16.56.47:239][868]LogModuleManager: Shutting down and abandoning module SlateRHIRenderer (24)
[2022.02.15-16.56.47:240][868]LogModuleManager: Shutting down and abandoning module OpenGLDrv (22)
[2022.02.15-16.56.47:240][868]LogModuleManager: Shutting down and abandoning module D3D11RHI (20)
[2022.02.15-16.56.47:240][868]LogModuleManager: Shutting down and abandoning module AnimGraphRuntime (18)
[2022.02.15-16.56.47:240][868]LogModuleManager: Shutting down and abandoning module Renderer (16)
[2022.02.15-16.56.47:240][868]LogModuleManager: Shutting down and abandoning module Engine (14)
[2022.02.15-16.56.47:241][868]LogModuleManager: Shutting down and abandoning module CoreUObject (12)
[2022.02.15-16.56.47:241][868]LogModuleManager: Shutting down and abandoning module NetworkFile (10)
[2022.02.15-16.56.47:241][868]LogModuleManager: Shutting down and abandoning module CookedIterativeFile (8)
[2022.02.15-16.56.47:241][868]LogModuleManager: Shutting down and abandoning module StreamingFile (6)
[2022.02.15-16.56.47:241][868]LogModuleManager: Shutting down and abandoning module SandboxFile (4)
[2022.02.15-16.56.47:241][868]LogModuleManager: Shutting down and abandoning module PakFile (2)
[2022.02.15-16.56.47:253][868]LogExit: Exiting.
[2022.02.15-16.56.47:259][868]Log file closed, 02/15/22 11:56:47
