Log file open, 02/16/22 10:18:17
LogWindows: Failed to load 'aqProf.dll' (GetLastError=126)
LogWindows: File 'aqProf.dll' does not exist
LogWindows: Failed to load 'VSPerf140.dll' (GetLastError=126)
LogWindows: File 'VSPerf140.dll' does not exist
LogWindows: Failed to load 'VtuneApi.dll' (GetLastError=126)
LogWindows: File 'VtuneApi.dll' does not exist
LogWindows: Failed to load 'VtuneApi32e.dll' (GetLastError=126)
LogWindows: File 'VtuneApi32e.dll' does not exist
LogInit: Display: Running engine for game: TopDown
LogPlatformFile: Not using cached read wrapper
LogTaskGraph: Started task graph with 5 named threads and 11 total threads with 3 sets of task threads.
LogStats: Stats thread started at 0.206722
LogD3D11RHI: Loaded GFSDK_Aftermath_Lib.x64.dll
LogICUInternationalization: Display: ICU TimeZone Detection - Raw Offset: -5:00, Platform Override: ''
LogPluginManager: Mounting plugin Paper2D
LogPluginManager: Mounting plugin AISupport
LogPluginManager: Mounting plugin LightPropagationVolume
LogPluginManager: Mounting plugin CLionSourceCodeAccess
LogPluginManager: Mounting plugin CodeLiteSourceCodeAccess
LogPluginManager: Mounting plugin GitSourceControl
LogPluginManager: Mounting plugin KDevelopSourceCodeAccess
LogPluginManager: Mounting plugin NullSourceCodeAccess
LogPluginManager: Mounting plugin PerforceSourceControl
LogPluginManager: Mounting plugin SubversionSourceControl
LogPluginManager: Mounting plugin UObjectPlugin
LogPluginManager: Mounting plugin VisualStudioCodeSourceCodeAccess
LogPluginManager: Mounting plugin VisualStudioSourceCodeAccess
LogPluginManager: Mounting plugin XCodeSourceCodeAccess
LogPluginManager: Mounting plugin AssetManagerEditor
LogPluginManager: Mounting plugin CryptoKeys
LogPluginManager: Mounting plugin DataValidation
LogPluginManager: Mounting plugin FacialAnimation
LogPluginManager: Mounting plugin GameplayTagsEditor
LogPluginManager: Mounting plugin MacGraphicsSwitching
LogPluginManager: Mounting plugin MeshEditor
LogPluginManager: Mounting plugin MobileLauncherProfileWizard
LogPluginManager: Mounting plugin PluginBrowser
LogPluginManager: Mounting plugin SpeedTreeImporter
LogPluginManager: Mounting plugin DatasmithContent
LogPluginManager: Mounting plugin AlembicImporter
LogPluginManager: Mounting plugin AppleImageUtils
LogPluginManager: Mounting plugin AppleVision
LogPluginManager: Mounting plugin BackChannel
LogPluginManager: Mounting plugin CharacterAI
LogPluginManager: Mounting plugin GeometryCache
LogPluginManager: Mounting plugin HTML5Networking
LogPluginManager: Mounting plugin ProxyLODPlugin
LogPluginManager: Mounting plugin RemoteSession
LogPluginManager: Mounting plugin MagicLeap
LogPluginManager: Mounting plugin MagicLeapEmulator
LogPluginManager: Mounting plugin MagicLeapMedia
LogPluginManager: Mounting plugin AndroidMedia
LogPluginManager: Mounting plugin AvfMedia
LogPluginManager: Mounting plugin ImgMedia
LogPluginManager: Mounting plugin LinearTimecode
LogPluginManager: Mounting plugin MediaCompositing
LogPluginManager: Mounting plugin MediaPlayerEditor
LogPluginManager: Mounting plugin WmfMedia
LogPluginManager: Mounting plugin TcpMessaging
LogPluginManager: Mounting plugin UdpMessaging
LogPluginManager: Mounting plugin ActorSequence
LogPluginManager: Mounting plugin LevelSequenceEditor
LogPluginManager: Mounting plugin MatineeToLevelSequence
LogPluginManager: Mounting plugin NetcodeUnitTest
LogPluginManager: Mounting plugin NUTUnrealEngine4
LogPluginManager: Mounting plugin OnlineSubsystemGooglePlay
LogPluginManager: Mounting plugin OnlineSubsystemIOS
LogPluginManager: Mounting plugin OnlineSubsystem
LogPluginManager: Mounting plugin OnlineSubsystemNull
LogPluginManager: Mounting plugin OnlineSubsystemUtils
LogPluginManager: Mounting plugin LauncherChunkInstaller
LogPluginManager: Mounting plugin AndroidDeviceProfileSelector
LogPluginManager: Mounting plugin AndroidMoviePlayer
LogPluginManager: Mounting plugin AndroidPermission
LogPluginManager: Mounting plugin AppleMoviePlayer
LogPluginManager: Mounting plugin ArchVisCharacter
LogPluginManager: Mounting plugin AudioCapture
LogPluginManager: Mounting plugin CableComponent
LogPluginManager: Mounting plugin CustomMeshComponent
LogPluginManager: Mounting plugin EditableMesh
LogPluginManager: Mounting plugin ExampleDeviceProfileSelector
LogPluginManager: Mounting plugin GoogleCloudMessaging
LogPluginManager: Mounting plugin ImmediatePhysics
LogPluginManager: Mounting plugin IOSDeviceProfileSelector
LogPluginManager: Mounting plugin LinuxDeviceProfileSelector
LogPluginManager: Mounting plugin LocationServicesBPLibrary
LogPluginManager: Mounting plugin MobilePatchingUtils
LogPluginManager: Mounting plugin OculusVR
LogPluginManager: Plugin shader directory ../../../Engine/Plugins/Runtime/Oculus/OculusVR/Shaders found
LogPluginManager: Mapping shader source directory ../../../Engine/Plugins/Runtime/Oculus/OculusVR/Shaders to virtual directory /Plugin/OculusVR
LogPluginManager: Mounting plugin PhysXVehicles
LogPluginManager: Mounting plugin ProceduralMeshComponent
LogPluginManager: Mounting plugin RuntimePhysXCooking
LogPluginManager: Mounting plugin SteamVR
LogPluginManager: Mounting plugin WindowsMoviePlayer
LogStreaming: Display: Took  0.408s to configure plugins.
LogRemoteSession: No channels specified. Defaulting to Input and Framebuffer.
LogRemoteSession: Will request channel FRemoteSessionInputChannel in mode Read.
LogRemoteSession: Will request channel FRemoteSessionFrameBufferChannel in mode Write.
LogInit: Using libcurl 7.55.1-DEV
LogInit:  - built for x86_64-pc-win32
LogInit:  - supports SSL with OpenSSL/1.0.2h
LogInit:  - supports HTTP deflate (compression) using libz 1.2.8
LogInit:  - other features:
LogInit:      CURL_VERSION_SSL
LogInit:      CURL_VERSION_LIBZ
LogInit:      CURL_VERSION_IPV6
LogInit:      CURL_VERSION_ASYNCHDNS
LogInit:      CURL_VERSION_LARGEFILE
LogInit:      CURL_VERSION_IDN
LogInit:  CurlRequestOptions (configurable via config and command line):
LogInit:  - bVerifyPeer = false  - Libcurl will NOT verify peer certificate
LogInit:  - bUseHttpProxy = false  - Libcurl will NOT use HTTP proxy
LogInit:  - bDontReuseConnections = false  - Libcurl will reuse connections
LogInit:  - CertBundlePath = nullptr  - Libcurl will use whatever was configured at build time.
LogInit:  - MaxHostConnections = 16  - Libcurl will limit the number of connections to a host
LogInit:  - LocalHostAddr = Default
LogInit:  - BufferSize = 65536
LogInit: WinSock: version 1.1 (2.2), MaxSocks=32767, MaxUdp=65467
LogInit: Build: ++UE4+Release-4.20-CL-4369336
LogInit: Engine Version: 4.20.3-4369336+++UE4+Release-4.20
LogInit: Compatible Engine Version: 4.20.0-4212847+++UE4+Release-4.20
LogInit: Net CL: 4212847
LogInit: OS: Windows 10 (), CPU: Intel(R) Core(TM) i3-4130 CPU @ 3.40GHz, GPU: Intel(R) HD Graphics 4400
LogInit: Compiled (64-bit): Sep 17 2018 12:26:19
LogInit: Compiled with Visual C++: 19.13.26129.00
LogInit: Build Configuration: Development
LogInit: Branch Name: ++UE4+Release-4.20
LogInit: Command Line:  
LogInit: Base Directory: C:/Program Files/Epic Games/UE_4.20/Engine/Binaries/Win64/
LogInit: Installed Engine Build: 1
LogDevObjectVersion: Number of dev versions registered: 20
LogDevObjectVersion:   Dev-Blueprints (B0D832E4-1F89-4F0D-ACCF-7EB736FD4AA2): 10
LogDevObjectVersion:   Dev-Build (E1C64328-A22C-4D53-A36C-8E866417BD8C): 0
LogDevObjectVersion:   Dev-Core (375EC13C-06E4-48FB-B500-84F0262A717E): 2
LogDevObjectVersion:   Dev-Editor (E4B068ED-F494-42E9-A231-DA0B2E46BB41): 24
LogDevObjectVersion:   Dev-Framework (CFFC743F-43B0-4480-9391-14DF171D2073): 34
LogDevObjectVersion:   Dev-Mobile (B02B49B5-BB20-44E9-A304-32B752E40360): 2
LogDevObjectVersion:   Dev-Networking (A4E4105C-59A1-49B5-A7C5-40C4547EDFEE): 0
LogDevObjectVersion:   Dev-Online (39C831C9-5AE6-47DC-9A44-9C173E1C8E7C): 0
LogDevObjectVersion:   Dev-Physics (78F01B33-EBEA-4F98-B9B4-84EACCB95AA2): 0
LogDevObjectVersion:   Dev-Platform (6631380F-2D4D-43E0-8009-CF276956A95A): 0
LogDevObjectVersion:   Dev-Rendering (12F88B9F-8875-4AFC-A67C-D90C383ABD29): 26
LogDevObjectVersion:   Dev-Sequencer (7B5AE74C-D270-4C10-A958-57980B212A5A): 9
LogDevObjectVersion:   Dev-VR (D7296918-1DD6-4BDD-9DE2-64A83CC13884): 2
LogDevObjectVersion:   Dev-LoadTimes (C2A15278-BFE7-4AFE-6C17-90FF531DF755): 1
LogDevObjectVersion:   Private-Geometry (6EACA3D4-40EC-4CC1-B786-8BED09428FC5): 3
LogDevObjectVersion:   Dev-AnimPhys (29E575DD-E0A3-4627-9D10-D276232CDCEA): 17
LogDevObjectVersion:   Dev-ReflectionCapture (6B266CEC-1EC7-4B8F-A30B-E4D90942FC07): 1
LogDevObjectVersion:   Dev-Automation (0DF73D61-A23F-47EA-B727-89E90C41499A): 1
LogDevObjectVersion:   FortniteMain (601D1886-AC64-4F84-AA16-D3DE0DEAC7D6): 12
LogDevObjectVersion:   Dev-Enterprise (9DFFBCD6-494F-0158-E221-12823C92A888): 1
LogStreaming: Display: Took  0.003s to delete old logs.
LogInit: Presizing for max 8388607 objects, including 0 objects not considered by GC, pre-allocating 0 bytes for permanent pool.
LogInit: Object subsystem initialized
[2022.02.16-15.18.18:192][  0]LogInit: Selected Device Profile: [Windows]
[2022.02.16-15.18.18:192][  0]LogInit: Applying CVar settings loaded from the selected device profile: [Windows]
[2022.02.16-15.18.18:212][  0]LogHAL: Display: Platform has ~ 16 GB [17094717440 / 17179869184 / 16], which maps to Larger [LargestMinGB=32, LargerMinGB=12, DefaultMinGB=8, SmallerMinGB=6, SmallestMinGB=0)
[2022.02.16-15.18.18:212][  0]LogInit: Setting Device Profile CVar: [[r.Vulkan.UseRealUBs:1]]
[2022.02.16-15.18.18:212][  0]LogInit: Going up to parent DeviceProfile []
[2022.02.16-15.18.18:226][  0]LogInit: Computer: DR-FRONT-PC
[2022.02.16-15.18.18:226][  0]LogInit: User: anthonyh
[2022.02.16-15.18.18:226][  0]LogInit: CPU Page size=4096, Cores=2
[2022.02.16-15.18.18:226][  0]LogInit: High frequency timer resolution =10.000000 MHz
[2022.02.16-15.18.18:227][  0]LogMemory: Memory total: Physical=15.9GB (16GB approx)
[2022.02.16-15.18.18:227][  0]LogMemory: Platform Memory Stats for Windows
[2022.02.16-15.18.18:227][  0]LogMemory: Process Physical Memory: 104.66 MB used, 104.66 MB peak
[2022.02.16-15.18.18:227][  0]LogMemory: Process Virtual Memory: 87.28 MB used, 87.28 MB peak
[2022.02.16-15.18.18:227][  0]LogMemory: Physical Memory: 6478.41 MB used,  9824.39 MB free, 16302.79 MB total
[2022.02.16-15.18.18:227][  0]LogMemory: Virtual Memory: 4596.87 MB used,  9824.39 MB free, 134217728.00 MB total
[2022.02.16-15.18.18:268][  0]LogInit: Using OS detected language (en-US).
[2022.02.16-15.18.18:268][  0]LogInit: Using OS detected locale (en-US).
[2022.02.16-15.18.18:269][  0]LogTextLocalizationManager: No specific localization for 'en-US' exists, so the 'en' localization will be used.
[2022.02.16-15.18.18:700][  0]LogStreaming: Display: Took  0.432s to InitEngineTextLocalization.
[2022.02.16-15.18.18:700][  0]LogInit: Setting process to per monitor DPI aware
[2022.02.16-15.18.18:779][  0]LogSlate: New Slate User Created.  User Index 0, Is Virtual User: 0
[2022.02.16-15.18.18:779][  0]LogSlate: Slate User Registered.  User Index 0, Is Virtual User: 0
[2022.02.16-15.18.19:708][  0]LogHMD: Failed to initialize OpenVR with code 110
[2022.02.16-15.18.19:708][  0]LogD3D11RHI: D3D11 adapters:
[2022.02.16-15.18.19:721][  0]LogD3D11RHI:    0. 'Intel(R) HD Graphics 4400' (Feature Level 11_0)
[2022.02.16-15.18.19:721][  0]LogD3D11RHI:       112/0/2048 MB DedicatedVideo/DedicatedSystem/SharedSystem, Outputs:1, VendorId:0x8086
[2022.02.16-15.18.19:725][  0]LogD3D11RHI:    1. 'Microsoft Basic Render Driver' (Feature Level 11_0)
[2022.02.16-15.18.19:725][  0]LogD3D11RHI:       0/0/8151 MB DedicatedVideo/DedicatedSystem/SharedSystem, Outputs:0, VendorId:0x1414
[2022.02.16-15.18.19:725][  0]LogD3D11RHI: Chosen D3D11 Adapter: 0
[2022.02.16-15.18.19:740][  0]LogD3D11RHI: Creating new Direct3DDevice
[2022.02.16-15.18.19:740][  0]LogD3D11RHI:     GPU DeviceId: 0x41e (for the marketing name, search the web for "GPU Device Id")
[2022.02.16-15.18.19:740][  0]LogWindows: EnumDisplayDevices:
[2022.02.16-15.18.19:741][  0]LogWindows:    0. 'Intel(R) HD Graphics 4400' (P:1 D:1)
[2022.02.16-15.18.19:741][  0]LogWindows:    1. 'Intel(R) HD Graphics 4400' (P:0 D:0)
[2022.02.16-15.18.19:742][  0]LogWindows: DebugString: FoundDriverCount:2 
[2022.02.16-15.18.19:742][  0]LogD3D11RHI:     Adapter Name: Intel(R) HD Graphics 4400
[2022.02.16-15.18.19:742][  0]LogD3D11RHI:   Driver Version: 20.19.15.4835 (internal:20.19.15.4835, unified:20.19.15.4835)
[2022.02.16-15.18.19:742][  0]LogD3D11RHI:      Driver Date: 10-16-2017
[2022.02.16-15.18.19:742][  0]LogRHI: Texture pool is 795 MB (70% of 1136 MB)
[2022.02.16-15.18.19:751][  0]LogD3D11RHI: Async texture creation enabled
[2022.02.16-15.18.19:757][  0]LogD3D11RHI: GPU Timing Frequency: 12.500000 (Debug: 2 0)
[2022.02.16-15.18.19:758][  0]LogShaderCompilers: Guid format shader working directory is -18 characters bigger than the processId version (../../../../../../Users/Anthonyh/Documents/Unreal Projects/TopDown/Intermediate/Shaders/WorkingDirectory/24460/).
[2022.02.16-15.18.19:758][  0]LogShaderCompilers: Cleaned the shader compiler working directory 'C:/Users/Anthonyh/AppData/Local/Temp/UnrealShaderWorkingDir/C699C04141D9F30CE755BDAED7AF8E3E/'.
[2022.02.16-15.18.20:302][  0]LogTemp: Display: Loaded TP AllDesktopTargetPlatform
[2022.02.16-15.18.20:320][  0]LogTemp: Display: Loaded TP MacClientTargetPlatform
[2022.02.16-15.18.20:337][  0]LogTemp: Display: Loaded TP MacNoEditorTargetPlatform
[2022.02.16-15.18.20:355][  0]LogTemp: Display: Loaded TP MacServerTargetPlatform
[2022.02.16-15.18.20:374][  0]LogTemp: Display: Loaded TP MacTargetPlatform
[2022.02.16-15.18.20:392][  0]LogTemp: Display: Loaded TP WindowsClientTargetPlatform
[2022.02.16-15.18.20:409][  0]LogTemp: Display: Loaded TP WindowsNoEditorTargetPlatform
[2022.02.16-15.18.20:428][  0]LogTemp: Display: Loaded TP WindowsServerTargetPlatform
[2022.02.16-15.18.20:437][  0]LogTemp: Display: Loaded TP WindowsTargetPlatform
[2022.02.16-15.18.20:530][  0]LogTemp: Display: Loaded TP AndroidTargetPlatform
[2022.02.16-15.18.20:530][  0]LogTemp: Display: Loaded TP AndroidTargetPlatform
[2022.02.16-15.18.20:530][  0]LogTemp: Display: Loaded TP AndroidTargetPlatform
[2022.02.16-15.18.20:530][  0]LogTemp: Display: Loaded TP AndroidTargetPlatform
[2022.02.16-15.18.20:530][  0]LogTemp: Display: Loaded TP AndroidTargetPlatform
[2022.02.16-15.18.20:530][  0]LogTemp: Display: Loaded TP AndroidTargetPlatform
[2022.02.16-15.18.20:530][  0]LogTemp: Display: Loaded TP AndroidTargetPlatform
[2022.02.16-15.18.20:530][  0]LogTemp: Display: Loaded TP AndroidTargetPlatform
[2022.02.16-15.18.20:530][  0]LogTemp: Display: Loaded TP AndroidTargetPlatform
[2022.02.16-15.18.20:530][  0]LogTemp: Display: Loaded TP AndroidTargetPlatform
[2022.02.16-15.18.20:530][  0]LogTemp: Display: Loaded TP AndroidTargetPlatform
[2022.02.16-15.18.20:530][  0]LogTemp: Display: Loaded TP AndroidTargetPlatform
[2022.02.16-15.18.20:530][  0]LogTemp: Display: Loaded TP AndroidTargetPlatform
[2022.02.16-15.18.20:530][  0]LogTemp: Display: Loaded TP AndroidTargetPlatform
[2022.02.16-15.18.20:530][  0]LogTemp: Display: Loaded TP AndroidTargetPlatform
[2022.02.16-15.18.20:530][  0]LogTemp: Display: Loaded TP AndroidTargetPlatform
[2022.02.16-15.18.20:530][  0]LogTemp: Display: Loaded TP AndroidTargetPlatform
[2022.02.16-15.18.20:530][  0]LogTemp: Display: Loaded TP AndroidTargetPlatform
[2022.02.16-15.18.20:533][  0]LogTemp: Display: Loaded TP HTML5TargetPlatform
[2022.02.16-15.18.20:605][  0]LogTemp: Display: Loaded TP IOSTargetPlatform
[2022.02.16-15.18.20:605][  0]LogTemp: Display: Loaded TP IOSTargetPlatform
[2022.02.16-15.18.20:636][  0]LogTemp: Display: Loaded TP TVOSTargetPlatform
[2022.02.16-15.18.20:636][  0]LogTemp: Display: Loaded TP TVOSTargetPlatform
[2022.02.16-15.18.20:652][  0]LogTemp: Display: Loaded TP LinuxClientTargetPlatform
[2022.02.16-15.18.20:669][  0]LogTemp: Display: Loaded TP LinuxNoEditorTargetPlatform
[2022.02.16-15.18.20:686][  0]LogTemp: Display: Loaded TP LinuxServerTargetPlatform
[2022.02.16-15.18.20:705][  0]LogTemp: Display: Loaded TP LinuxTargetPlatform
[2022.02.16-15.18.20:716][  0]LogTemp: Display: Loaded TP LuminTargetPlatform
[2022.02.16-15.18.20:717][  0]LogTargetPlatformManager: Display: Building Assets For Windows
[2022.02.16-15.18.20:811][  0]LogXGEController: Cannot use XGE Controller as Incredibuild is not installed on this machine.
[2022.02.16-15.18.20:811][  0]LogShaderCompilers: Cannot use XGE Shader Compiler as Incredibuild is not installed on this machine.
[2022.02.16-15.18.20:811][  0]LogShaderCompilers: Display: Using Local Shader Compiler.
[2022.02.16-15.18.22:045][  0]LogDerivedDataCache: Display: Max Cache Size: 512 MB
[2022.02.16-15.18.22:123][  0]LogDerivedDataCache: Loaded boot cache 0.08s 71MB C:/Users/Anthonyh/AppData/Local/UnrealEngine/4.20/DerivedDataCache/Boot.ddc.
[2022.02.16-15.18.22:123][  0]LogDerivedDataCache: Display: Loaded Boot cache: C:/Users/Anthonyh/AppData/Local/UnrealEngine/4.20/DerivedDataCache/Boot.ddc
[2022.02.16-15.18.22:123][  0]LogDerivedDataCache: FDerivedDataBackendGraph:  Pak pak cache file ../../../../../../Users/Anthonyh/Documents/Unreal Projects/TopDown/DerivedDataCache/DDC.ddp not found, will not use a pak cache.
[2022.02.16-15.18.22:124][  0]LogDerivedDataCache: Unable to find inner node Pak for hierarchical cache Hierarchy.
[2022.02.16-15.18.22:124][  0]LogDerivedDataCache: FDerivedDataBackendGraph:  CompressedPak pak cache file ../../../../../../Users/Anthonyh/Documents/Unreal Projects/TopDown/DerivedDataCache/Compressed.ddp not found, will not use a pak cache.
[2022.02.16-15.18.22:124][  0]LogDerivedDataCache: Unable to find inner node CompressedPak for hierarchical cache Hierarchy.
[2022.02.16-15.18.22:140][  0]LogDerivedDataCache: Display: Pak cache opened for reading ../../../Engine/DerivedDataCache/Compressed.ddp.
[2022.02.16-15.18.22:155][  0]LogDerivedDataCache: Using Local data cache path C:/Users/Anthonyh/AppData/Local/UnrealEngine/Common/DerivedDataCache: Writable
[2022.02.16-15.18.22:155][  0]LogDerivedDataCache: Shared data cache path not found in *engine.ini, will not use an Shared cache.
[2022.02.16-15.18.22:155][  0]LogDerivedDataCache: Unable to find inner node Shared for hierarchical cache Hierarchy.
[2022.02.16-15.18.22:174][  0]LogMaterial: Verifying Global Shaders for PCD3D_SM5
[2022.02.16-15.18.22:175][  0]LogSlate: Using FreeType 2.6.0
[2022.02.16-15.18.22:178][  0]LogSlate: SlateFontServices - WITH_FREETYPE: 1, WITH_HARFBUZZ: 1
[2022.02.16-15.18.22:347][  0]LogAssetRegistry: FAssetRegistry took 0.0283 seconds to start up
[2022.02.16-15.18.22:798][  0]LogInit: Selected Device Profile: [Windows]
[2022.02.16-15.18.22:934][  0]LogMaterial: Display: Missing cached shader map for material DefaultPostProcessMaterial, compiling. 
[2022.02.16-15.18.25:916][  0]LogShaderCompilers: Display: Shaders left to compile 17
[2022.02.16-15.18.25:916][  0]LogShaderCompilers: Display: Shaders left to compile 16
[2022.02.16-15.18.25:916][  0]LogShaderCompilers: Display: Shaders left to compile 15
[2022.02.16-15.18.25:916][  0]LogShaderCompilers: Display: Shaders left to compile 14
[2022.02.16-15.18.25:916][  0]LogShaderCompilers: Display: Shaders left to compile 13
[2022.02.16-15.18.25:916][  0]LogShaderCompilers: Display: Shaders left to compile 12
[2022.02.16-15.18.25:916][  0]LogShaderCompilers: Display: Shaders left to compile 11
[2022.02.16-15.18.25:916][  0]LogShaderCompilers: Display: Shaders left to compile 10
[2022.02.16-15.18.25:916][  0]LogShaderCompilers: Display: Shaders left to compile 9
[2022.02.16-15.18.25:916][  0]LogShaderCompilers: Display: Shaders left to compile 8
[2022.02.16-15.18.25:916][  0]LogShaderCompilers: Display: Shaders left to compile 7
[2022.02.16-15.18.25:916][  0]LogShaderCompilers: Display: Shaders left to compile 6
[2022.02.16-15.18.25:916][  0]LogShaderCompilers: Display: Shaders left to compile 5
[2022.02.16-15.18.25:916][  0]LogShaderCompilers: Display: Shaders left to compile 4
[2022.02.16-15.18.25:916][  0]LogShaderCompilers: Display: Shaders left to compile 3
[2022.02.16-15.18.25:916][  0]LogShaderCompilers: Display: Shaders left to compile 2
[2022.02.16-15.18.25:916][  0]LogShaderCompilers: Display: Shaders left to compile 1
[2022.02.16-15.18.25:916][  0]LogSimplygon: Simplygon DLL not present - disabling.
[2022.02.16-15.18.25:922][  0]LogMeshReduction: Using SimplygonSwarm for distributed automatic mesh merging
[2022.02.16-15.18.25:922][  0]LogMeshReduction: Using ProxyLODMeshReduction for automatic mesh merging
[2022.02.16-15.18.25:922][  0]LogMeshReduction: Using QuadricMeshReduction for automatic static mesh reduction
[2022.02.16-15.18.25:922][  0]LogMeshReduction: No automatic skeletal mesh reduction module available
[2022.02.16-15.18.25:942][  0]LogNetVersion: TopDown 1.0.0, NetCL: 4212847, EngineNetVer: 5, GameNetVer: 0 (Checksum: 2211587197)
[2022.02.16-15.18.26:699][  0]LogPackageLocalizationCache: Processed 12 localized package path(s) for 2 prioritized culture(s) in 0.206835 seconds
[2022.02.16-15.18.26:706][  0]LogUObjectArray: 38848 objects as part of root set at end of initial load.
[2022.02.16-15.18.26:706][  0]LogUObjectAllocator: 6774256 out of 0 bytes used by permanent object pool.
[2022.02.16-15.18.26:706][  0]LogUObjectArray: CloseDisregardForGC: 0/0 objects in disregard for GC pool
[2022.02.16-15.18.28:650][  0]LogMaterial: Display: Missing cached shader map for material BaseColor, compiling. 
[2022.02.16-15.18.28:659][  0]LogMaterial: Display: Missing cached shader map for material CustomDepth, compiling. 
[2022.02.16-15.18.28:700][  0]LogShaderCompilers: Display: Shaders left to compile 20
[2022.02.16-15.18.28:700][  0]LogShaderCompilers: Display: Shaders left to compile 10
[2022.02.16-15.18.28:700][  0]LogMaterial: Display: Missing cached shader map for material CustomStencil, compiling. 
[2022.02.16-15.18.28:718][  0]LogShaderCompilers: Display: Shaders left to compile 10
[2022.02.16-15.18.28:718][  0]LogMaterial: Display: Missing cached shader map for material FinalImage, compiling. 
[2022.02.16-15.18.28:734][  0]LogMaterial: Display: Missing cached shader map for material LightingModel, compiling. 
[2022.02.16-15.18.28:749][  0]LogMaterial: Display: Missing cached shader map for material MaterialAO, compiling. 
[2022.02.16-15.18.28:769][  0]LogMaterial: Display: Missing cached shader map for material Metallic, compiling. 
[2022.02.16-15.18.28:784][  0]LogMaterial: Display: Missing cached shader map for material Opacity, compiling. 
[2022.02.16-15.18.28:800][  0]LogMaterial: Display: Missing cached shader map for material Roughness, compiling. 
[2022.02.16-15.18.28:822][  0]LogMaterial: Display: Missing cached shader map for material SceneColor, compiling. 
[2022.02.16-15.18.28:835][  0]LogMaterial: Display: Missing cached shader map for material SceneDepth, compiling. 
[2022.02.16-15.18.28:850][  0]LogMaterial: Display: Missing cached shader map for material SeparateTranslucencyRGB, compiling. 
[2022.02.16-15.18.28:871][  0]LogMaterial: Display: Missing cached shader map for material SeparateTranslucencyA, compiling. 
[2022.02.16-15.18.28:894][  0]LogMaterial: Display: Missing cached shader map for material Specular, compiling. 
[2022.02.16-15.18.28:914][  0]LogMaterial: Display: Missing cached shader map for material SubsurfaceColor, compiling. 
[2022.02.16-15.18.28:934][  0]LogMaterial: Display: Missing cached shader map for material WorldNormal, compiling. 
[2022.02.16-15.18.28:961][  0]LogMaterial: Display: Missing cached shader map for material AmbientOcclusion, compiling. 
[2022.02.16-15.18.29:011][  0]LogMaterial: Display: Missing cached shader map for material CustomDepthWorldUnits, compiling. 
[2022.02.16-15.18.29:029][  0]LogMaterial: Display: Missing cached shader map for material SceneDepthWorldUnits, compiling. 
[2022.02.16-15.18.29:051][  0]LogMaterial: Display: Missing cached shader map for material PreTonemapHDRColor, compiling. 
[2022.02.16-15.18.29:066][  0]LogMaterial: Display: Missing cached shader map for material PostTonemapHDRColor, compiling. 
[2022.02.16-15.18.29:143][  0]LogTcpMessaging: Initializing TcpMessaging bridge
[2022.02.16-15.18.29:160][  0]LogUdpMessaging: Initializing bridge on interface 0.0.0.0:0 to multicast group 230.0.0.1:6666.
[2022.02.16-15.18.29:466][  0]SourceControl: Source control is disabled
[2022.02.16-15.18.29:467][  0]SourceControl: Source control is disabled
[2022.02.16-15.18.29:470][  0]SourceControl: Source control is disabled
[2022.02.16-15.18.29:473][  0]SourceControl: Source control is disabled
[2022.02.16-15.18.29:782][  0]LogAndroidPermission: UAndroidPermissionCallbackProxy::GetInstance
[2022.02.16-15.18.29:972][  0]LogOcInput: OculusInput pre-init called
[2022.02.16-15.18.30:043][  0]LogMaterial: Display: Missing cached shader map for material HighResScreenshot, compiling. 
[2022.02.16-15.18.30:070][  0]LogMaterial: Display: Missing cached shader map for material HighResScreenshotMask, compiling. 
[2022.02.16-15.18.30:100][  0]LogMaterial: Display: Missing cached shader map for material HighResScreenshotCaptureRegion, compiling. 
[2022.02.16-15.18.30:144][  0]LogEngine: Initializing Engine...
[2022.02.16-15.18.30:146][  0]LogHMD: Failed to initialize OpenVR with code 110
[2022.02.16-15.18.30:150][  0]LogStats: UGameplayTagsManager::ConstructGameplayTagTree: ImportINI prefixes -  0.000 s
[2022.02.16-15.18.30:150][  0]LogStats: UGameplayTagsManager::ConstructGameplayTagTree: Construct from data asset -  0.000 s
[2022.02.16-15.18.30:150][  0]LogStats: UGameplayTagsManager::ConstructGameplayTagTree: ImportINI -  0.000 s
[2022.02.16-15.18.30:150][  0]LogStats: UGameplayTagsManager::ConstructGameplayTagTree: GameplayTagTreeChangedEvent.Broadcast -  0.000 s
[2022.02.16-15.18.30:643][  0]LogInit: Initializing FReadOnlyCVARCache
[2022.02.16-15.18.30:668][  0]LogAIModule: Creating AISystem for world Untitled
[2022.02.16-15.18.30:707][  0]LogInit: XAudio2 using 'Speakers (Realtek High Definition Audio)' : 2 channels at 48 kHz using 32 bits per sample (channel mask 0x3)
[2022.02.16-15.18.31:011][  0]LogInit: FAudioDevice initialized.
[2022.02.16-15.18.31:012][  0]LogNetVersion: Set ProjectVersion to 1.0.0.0. Version Checksum will be recalculated on next use.
[2022.02.16-15.18.31:140][  0]LogDerivedDataCache: Saved boot cache 0.13s 71MB C:/Users/Anthonyh/AppData/Local/UnrealEngine/4.20/DerivedDataCache/Boot.ddc.
[2022.02.16-15.18.31:150][  0]LogInit: Texture streaming: Enabled
[2022.02.16-15.18.31:189][  0]LogEngineSessionManager: EngineSessionManager initialized
[2022.02.16-15.18.31:233][  0]LogInit: Transaction tracking system initialized
[2022.02.16-15.18.31:288][  0]BlueprintLog: New page: Editor Load
[2022.02.16-15.18.31:472][  0]LocalizationService: Localization service is disabled
[2022.02.16-15.18.32:456][  0]LogCook: Display: Max memory allowance for cook 16384mb min free memory 0mb
[2022.02.16-15.18.32:456][  0]LogCook: Display: Mobile HDR setting 1
[2022.02.16-15.18.32:456][  0]LogGameplayTags: Display: UGameplayTagsManager::DoneAddingNativeTags. DelegateIsBound: 0
[2022.02.16-15.18.32:456][  0]LogStats: UGameplayTagsManager::ConstructGameplayTagTree: ImportINI prefixes -  0.000 s
[2022.02.16-15.18.32:456][  0]LogStats: UGameplayTagsManager::ConstructGameplayTagTree: Construct from data asset -  0.000 s
[2022.02.16-15.18.32:457][  0]LogStats: UGameplayTagsManager::ConstructGameplayTagTree: ImportINI -  0.000 s
[2022.02.16-15.18.32:457][  0]LogStats: UGameplayTagsManager::ConstructGameplayTagTree: GameplayTagTreeChangedEvent.Broadcast -  0.000 s
[2022.02.16-15.18.32:788][  0]LogFileCache: Scanning file cache for directory 'C:/Users/Anthonyh/Documents/Unreal Projects/TopDown/Content/' took 0.02s
[2022.02.16-15.18.32:788][  0]SourceControl: Source control is disabled
[2022.02.16-15.18.32:788][  0]Cmd: MAP LOAD FILE="../../../../../../Users/Anthonyh/Documents/Unreal Projects/TopDown/Content/TopDownBP/Maps/TopDownExampleMap.umap" TEMPLATE=0 SHOWPROGRESS=1 FEATURELEVEL=3
[2022.02.16-15.18.32:790][  0]LightingResults: New page: Lighting Build
[2022.02.16-15.18.32:797][  0]MapCheck: New page: Map Check
[2022.02.16-15.18.32:797][  0]LightingResults: New page: Lighting Build
[2022.02.16-15.18.33:261][  0]LogShaderCompilers: Display: Shaders left to compile 228
[2022.02.16-15.18.33:261][  0]LogShaderCompilers: Display: Shaders left to compile 218
[2022.02.16-15.18.33:703][  0]LogAIModule: Creating AISystem for world TopDownExampleMap
[2022.02.16-15.18.33:749][  0]LogEditorServer: Finished looking for orphan Actors (0.016 secs)
[2022.02.16-15.18.33:811][  0]Cmd: MAP CHECKDEP NOCLEARLOG
[2022.02.16-15.18.34:250][  0]LogShaderCompilers: Display: Shaders left to compile 208
[2022.02.16-15.18.34:250][  0]MapCheck: Map check complete: 0 Error(s), 0 Warning(s), took 438.773ms to complete.
[2022.02.16-15.18.34:250][  0]LogFileHelpers: Loading map 'TopDownExampleMap' took 1.462
[2022.02.16-15.18.34:434][  0]LogSlate: Updating window title bar state: overlay mode, drag disabled, window buttons hidden, title bar hidden
[2022.02.16-15.18.34:447][  0]LogSlate: Updating window title bar state: overlay mode, drag disabled, window buttons hidden, title bar hidden
[2022.02.16-15.18.34:462][  0]LogSlate: Updating window title bar state: overlay mode, drag disabled, window buttons hidden, title bar hidden
[2022.02.16-15.18.34:479][  0]LogSlate: Updating window title bar state: overlay mode, drag disabled, window buttons hidden, title bar hidden
[2022.02.16-15.18.34:494][  0]LogCollectionManager: Loaded 0 collections in 0.002838 seconds
[2022.02.16-15.18.34:545][  0]LogFileCache: Scanning file cache for directory 'C:/Users/Anthonyh/Documents/Unreal Projects/TopDown/Saved/Collections/' took 0.01s
[2022.02.16-15.18.34:545][  0]LogFileCache: Scanning file cache for directory 'C:/Users/Anthonyh/Documents/Unreal Projects/TopDown/Content/Developers/anthonyh/Collections/' took 0.01s
[2022.02.16-15.18.34:545][  0]LogFileCache: Scanning file cache for directory 'C:/Users/Anthonyh/Documents/Unreal Projects/TopDown/Content/Collections/' took 0.01s
[2022.02.16-15.18.34:545][  0]LogCollectionManager: Rebuilt the GUID cache for 0 collections in 0.000001 seconds
[2022.02.16-15.18.34:565][  0]LogContentBrowser: Native class hierarchy populated in 0.0196 seconds. Added 2597 classes and 605 folders.
[2022.02.16-15.18.34:580][  0]LogContentBrowser: Native class hierarchy updated for 'WidgetCarousel' in 0.0005 seconds. Added 0 classes and 0 folders.
[2022.02.16-15.18.34:762][  0]LogContentBrowser: Native class hierarchy updated for 'AddContentDialog' in 0.0004 seconds. Added 0 classes and 0 folders.
[2022.02.16-15.18.34:773][  0]LogContentBrowser: Native class hierarchy updated for 'SceneOutliner' in 0.0005 seconds. Added 1 classes and 2 folders.
[2022.02.16-15.18.36:651][  0]LogSlate: Only BGRA pngs, bmps or icos are supported in by External Image Picker
[2022.02.16-15.18.36:811][  0]LogDirectoryWatcher: Warning: Failed to begin reading directory changes for ../../../../../../Users/Anthonyh/Documents/Unreal Projects/TopDown/Plugins/. Error: The system cannot find the file specified. (0x00000002)
[2022.02.16-15.18.36:828][  0]LogSlate: Took 0.001519 seconds to synchronously load lazily loaded font '../../../Engine/Content/Slate/Fonts/Roboto-Regular.ttf' (155K)
[2022.02.16-15.18.36:842][  0]LogSlate: Took 0.010079 seconds to synchronously load lazily loaded font '../../../Engine/Content/Slate/Fonts/Roboto-Bold.ttf' (160K)
[2022.02.16-15.18.36:855][  0]LogSlate: Took 0.003540 seconds to synchronously load lazily loaded font '../../../Engine/Content/Editor/Slate/Fonts/FontAwesome.ttf' (139K)
[2022.02.16-15.18.36:973][  0]LogRenderer: Reallocating scene render targets to support 1208x576 Format 9 NumSamples 1 (Frame:1).
[2022.02.16-15.18.37:682][  0]LogTemp: Executing iPhonePackager certificates Engine -bundlename com.YourCompany.TopDown
[2022.02.16-15.18.37:682][  0]LogTemp: CWD: C:\Program Files\Epic Games\UE_4.20\Engine\Binaries\DotNET\IOS
[2022.02.16-15.18.37:682][  0]LogTemp: Initial Dir: C:\Program Files\Epic Games\UE_4.20
[2022.02.16-15.18.37:682][  0]LogTemp: Env CWD: C:\Program Files\Epic Games\UE_4.20\Engine\Binaries\DotNET\IOS
[2022.02.16-15.18.37:682][  0]LogTemp: BranchPath = DR-FRONT-PC/C/Program Files/Epic Games/UE_4.20/Engine/Binaries --- GameBranchPath = DR-FRONT-PC/C/Program Files/Epic Games/UE_4.20/Engine/Binaries
[2022.02.16-15.18.37:682][  0]LogTemp: IPP ERROR: Could not find provision directory 'C:\Users\Anthonyh\AppData\Local/Apple Computer/MobileDevice/Provisioning Profiles/'.
[2022.02.16-15.18.37:682][  0]LogShaderCompilers: Display: Shaders left to compile 198
[2022.02.16-15.18.37:704][  0]LogContentBrowser: Native class hierarchy updated for 'HierarchicalLODOutliner' in 0.0007 seconds. Added 0 classes and 0 folders.
[2022.02.16-15.18.37:705][  0]LogLoad: (Engine Initialization) Total time: 22.27 seconds
[2022.02.16-15.18.37:705][  0]LogLoad: (Engine Initialization) Total Blueprint compile time: 0.00 seconds
[2022.02.16-15.18.37:755][  0]LogContentStreaming: Texture pool size now 400 MB
[2022.02.16-15.18.37:846][  0]LogSlate: Took 0.000922 seconds to synchronously load lazily loaded font '../../../Engine/Content/Slate/Fonts/Roboto-Light.ttf' (167K)
[2022.02.16-15.18.37:975][  1]LogShaderCompilers: Display: Shaders left to compile 188
[2022.02.16-15.18.38:193][  1]LogShaderCompilers: Display: Shaders left to compile 178
[2022.02.16-15.18.38:881][  2]LogAssetRegistry: Asset discovery search completed in 16.5576 seconds
[2022.02.16-15.18.38:885][  2]LogCollectionManager: Rebuilt the object cache for 0 collections in 0.000000 seconds (found 0 objects)
[2022.02.16-15.18.38:885][  2]LogCollectionManager: Fixed up redirectors for 0 collections in 0.000095 seconds (updated 0 objects)
[2022.02.16-15.18.41:747][ 82]LogShaderCompilers: Display: Shaders left to compile 168
[2022.02.16-15.18.42:195][ 93]LogShaderCompilers: Display: Shaders left to compile 158
[2022.02.16-15.18.42:923][109]LogShaderCompilers: Display: Shaders left to compile 148
[2022.02.16-15.18.46:380][178]LogShaderCompilers: Display: Shaders left to compile 138
[2022.02.16-15.18.46:888][188]LogShaderCompilers: Display: Shaders left to compile 128
[2022.02.16-15.18.47:550][203]LogShaderCompilers: Display: Shaders left to compile 118
[2022.02.16-15.18.50:671][266]LogShaderCompilers: Display: Shaders left to compile 108
[2022.02.16-15.18.51:332][281]LogShaderCompilers: Display: Shaders left to compile 98
[2022.02.16-15.18.51:763][291]LogShaderCompilers: Display: Shaders left to compile 88
[2022.02.16-15.18.54:996][355]LogShaderCompilers: Display: Shaders left to compile 78
[2022.02.16-15.18.56:295][381]LogShaderCompilers: Display: Shaders left to compile 68
[2022.02.16-15.18.58:387][421]LogShaderCompilers: Display: Shaders left to compile 58
[2022.02.16-15.18.59:567][446]LogShaderCompilers: Display: Shaders left to compile 48
[2022.02.16-15.19.00:436][465]LogShaderCompilers: Display: Shaders left to compile 38
[2022.02.16-15.19.02:773][512]LogShaderCompilers: Display: Shaders left to compile 28
[2022.02.16-15.19.03:282][524]LogShaderCompilers: Display: Shaders left to compile 18
[2022.02.16-15.19.07:546][612]LogShaderCompilers: Display: Shaders left to compile 8
[2022.02.16-15.19.08:307][628]LogSlate: FSceneViewport::OnFocusLost() reason 0
[2022.02.16-15.19.08:440][633]LogSlate: Window 'Plugins' being destroyed
[2022.02.16-15.19.08:458][633]LogDirectoryWatcher: A directory notification for '../../../Engine/Plugins/' was aborted.
[2022.02.16-15.19.19:953][928]LogSlate: FSceneViewport::OnFocusLost() reason 2
[2022.02.16-15.19.30:952][596]LogSlate: FSceneViewport::OnFocusLost() reason 2
[2022.02.16-15.19.32:576][754]LogBlueprintUserMessages: Early PlayInEditor Detection: Level '/Game/TopDownBP/Maps/TopDownExampleMap.TopDownExampleMap:PersistentLevel' has LevelScriptBlueprint '/Game/TopDownBP/Maps/TopDownExampleMap.TopDownExampleMap:PersistentLevel.TopDownExampleMap' with GeneratedClass '/Game/TopDownBP/Maps/TopDownExampleMap.TopDownExampleMap_C' with ClassGeneratedBy '/Game/TopDownBP/Maps/TopDownExampleMap.TopDownExampleMap:PersistentLevel.TopDownExampleMap'
[2022.02.16-15.19.32:576][754]LogPlayLevel: PlayLevel: No blueprints needed recompiling
[2022.02.16-15.19.32:589][754]PIE: New page: SIE session: TopDownExampleMap (Feb 16, 2022, 5:19:32 AM)
[2022.02.16-15.19.32:589][754]LogPlayLevel: Creating play world package: /Game/TopDownBP/Maps/UEDPIE_0_TopDownExampleMap
[2022.02.16-15.19.32:612][754]LogPlayLevel: PIE: StaticDuplicateObject took: (0.022464s)
[2022.02.16-15.19.32:613][754]LogAIModule: Creating AISystem for world TopDownExampleMap
[2022.02.16-15.19.32:613][754]LogPlayLevel: PIE: World Init took: (0.000840s)
[2022.02.16-15.19.32:613][754]LogPlayLevel: PIE: Created PIE world by copying editor world from /Game/TopDownBP/Maps/TopDownExampleMap.TopDownExampleMap to /Game/TopDownBP/Maps/UEDPIE_0_TopDownExampleMap.TopDownExampleMap (0.023477s)
[2022.02.16-15.19.32:641][754]LogInit: XAudio2 using 'Speakers (Realtek High Definition Audio)' : 2 channels at 48 kHz using 32 bits per sample (channel mask 0x3)
[2022.02.16-15.19.32:679][754]LogInit: FAudioDevice initialized.
[2022.02.16-15.19.32:679][754]LogSlate: FSceneViewport::OnFocusLost() reason 2
[2022.02.16-15.19.32:725][754]LogLoad: Game class is 'TopDownGameMode_C'
[2022.02.16-15.19.32:736][754]LogWorld: Bringing World /Game/TopDownBP/Maps/UEDPIE_0_TopDownExampleMap.TopDownExampleMap up for play (max tick rate 0) at 2022.02.16-10.19.32
[2022.02.16-15.19.32:738][754]LogWorld: Bringing up level for play took: 0.008151
[2022.02.16-15.19.32:758][754]LogContentBrowser: Native class hierarchy updated for 'MovieSceneCapture' in 0.0004 seconds. Added 10 classes and 0 folders.
[2022.02.16-15.19.32:759][754]PIE: Play in editor start time for /Game/TopDownBP/Maps/UEDPIE_0_TopDownExampleMap -0.458
[2022.02.16-15.19.32:767][754]LogBlueprintUserMessages: Late PlayInEditor Detection: Level '/Game/TopDownBP/Maps/TopDownExampleMap.TopDownExampleMap:PersistentLevel' has LevelScriptBlueprint '/Game/TopDownBP/Maps/TopDownExampleMap.TopDownExampleMap:PersistentLevel.TopDownExampleMap' with GeneratedClass '/Game/TopDownBP/Maps/TopDownExampleMap.TopDownExampleMap_C' with ClassGeneratedBy '/Game/TopDownBP/Maps/TopDownExampleMap.TopDownExampleMap:PersistentLevel.TopDownExampleMap'
[2022.02.16-15.19.32:768][754]LogBackChannel: Listening on FBackChannelConnection ListenSocket (localport: 2049)
[2022.02.16-15.19.32:768][754]LogRemoteSession: Started listening on port 2049
[2022.02.16-15.35.43:694][116]LogBlueprintUserMessages: Early EndPlayMap Detection: Level '/Game/TopDownBP/Maps/TopDownExampleMap.TopDownExampleMap:PersistentLevel' has LevelScriptBlueprint '/Game/TopDownBP/Maps/TopDownExampleMap.TopDownExampleMap:PersistentLevel.TopDownExampleMap' with GeneratedClass '/Game/TopDownBP/Maps/TopDownExampleMap.TopDownExampleMap_C' with ClassGeneratedBy '/Game/TopDownBP/Maps/TopDownExampleMap.TopDownExampleMap:PersistentLevel.TopDownExampleMap'
[2022.02.16-15.35.43:694][116]LogBackChannel: Closing connection FBackChannelConnection ListenSocket
[2022.02.16-15.35.43:695][116]LogSlate: Updating window title bar state: overlay mode, drag disabled, window buttons hidden, title bar hidden
[2022.02.16-15.35.43:732][116]LogPlayLevel: Display: Shutting down PIE online subsystems
[2022.02.16-15.35.43:732][116]LogBlueprintUserMessages: Late EndPlayMap Detection: Level '/Game/TopDownBP/Maps/TopDownExampleMap.TopDownExampleMap:PersistentLevel' has LevelScriptBlueprint '/Game/TopDownBP/Maps/TopDownExampleMap.TopDownExampleMap:PersistentLevel.TopDownExampleMap' with GeneratedClass '/Game/TopDownBP/Maps/TopDownExampleMap.TopDownExampleMap_C' with ClassGeneratedBy '/Game/TopDownBP/Maps/TopDownExampleMap.TopDownExampleMap:PersistentLevel.TopDownExampleMap'
[2022.02.16-15.35.43:758][116]LogSlate: Updating window title bar state: overlay mode, drag disabled, window buttons hidden, title bar hidden
[2022.02.16-15.35.43:812][119]LogPlayLevel: Display: Destroying online subsystem :Context_2
[2022.02.16-15.35.49:972][294]LogSlate: Took 0.001485 seconds to synchronously load lazily loaded font '../../../Engine/Content/Slate/Fonts/Roboto-Light.ttf' (167K)
[2022.02.16-15.35.50:038][294]LogAIModule: Creating AISystem for world NewMap
[2022.02.16-15.35.50:046][294]LogAssetEditorManager: Opening Asset editor for World /Game/TopDownBP/Maps/NewMap.NewMap
[2022.02.16-15.35.50:077][294]Cmd: MAP LOAD FILE="../../../../../../Users/Anthonyh/Documents/Unreal Projects/TopDown/Content/TopDownBP/Maps/NewMap.umap" TEMPLATE=0 SHOWPROGRESS=1 FEATURELEVEL=3
[2022.02.16-15.35.50:077][294]LightingResults: New page: Lighting Build
[2022.02.16-15.35.50:078][294]LoadErrors: New page: Loading map: NewMap.umap
[2022.02.16-15.35.50:079][294]MapCheck: New page: Map Check
[2022.02.16-15.35.50:079][294]LightingResults: New page: Lighting Build
[2022.02.16-15.35.50:185][294]LogEditorServer: Finished looking for orphan Actors (0.000 secs)
[2022.02.16-15.35.50:241][294]Cmd: MAP CHECKDEP NOCLEARLOG
[2022.02.16-15.35.50:548][294]MapCheck: Map check complete: 0 Error(s), 0 Warning(s), took 306.793ms to complete.
[2022.02.16-15.35.50:550][294]LogFileHelpers: Loading map 'NewMap' took 0.474
[2022.02.16-15.35.53:771][419]LogSlate: FSceneViewport::OnFocusLost() reason 2
[2022.02.16-15.35.55:018][530]LogPlayLevel: PlayLevel: No blueprints needed recompiling
[2022.02.16-15.35.55:019][530]PIE: New page: PIE session: NewMap (Feb 16, 2022, 5:35:55 AM)
[2022.02.16-15.35.55:019][530]LogPlayLevel: Creating play world package: /Game/TopDownBP/Maps/UEDPIE_0_NewMap
[2022.02.16-15.35.55:026][530]LogPlayLevel: PIE: StaticDuplicateObject took: (0.007250s)
[2022.02.16-15.35.55:027][530]LogAIModule: Creating AISystem for world NewMap
[2022.02.16-15.35.55:027][530]LogPlayLevel: PIE: World Init took: (0.000940s)
[2022.02.16-15.35.55:027][530]LogPlayLevel: PIE: Created PIE world by copying editor world from /Game/TopDownBP/Maps/NewMap.NewMap to /Game/TopDownBP/Maps/UEDPIE_0_NewMap.NewMap (0.008371s)
[2022.02.16-15.35.55:067][530]LogInit: XAudio2 using 'Speakers (Realtek High Definition Audio)' : 2 channels at 48 kHz using 32 bits per sample (channel mask 0x3)
[2022.02.16-15.35.55:110][530]LogInit: FAudioDevice initialized.
[2022.02.16-15.35.55:111][530]LogSlate: FSceneViewport::OnFocusLost() reason 2
[2022.02.16-15.35.55:143][530]LogLoad: Game class is 'TopDownGameMode_C'
[2022.02.16-15.35.55:144][530]LogWorld: Bringing World /Game/TopDownBP/Maps/UEDPIE_0_NewMap.NewMap up for play (max tick rate 0) at 2022.02.16-10.35.55
[2022.02.16-15.35.55:144][530]LogWorld: Bringing up level for play took: 0.000800
[2022.02.16-15.35.55:158][530]PIE: Play in editor start time for /Game/TopDownBP/Maps/UEDPIE_0_NewMap -0.059
[2022.02.16-15.35.55:159][530]LogBackChannel: Listening on FBackChannelConnection ListenSocket (localport: 2049)
[2022.02.16-15.35.55:159][530]LogRemoteSession: Started listening on port 2049
[2022.02.16-15.36.01:711][931]LogBackChannel: Closing connection FBackChannelConnection ListenSocket
[2022.02.16-15.36.01:711][931]LogSlate: Updating window title bar state: overlay mode, drag disabled, window buttons hidden, title bar hidden
[2022.02.16-15.36.01:760][931]LogPlayLevel: Display: Shutting down PIE online subsystems
[2022.02.16-15.36.01:812][931]LogSlate: Updating window title bar state: overlay mode, drag disabled, window buttons hidden, title bar hidden
[2022.02.16-15.36.01:842][932]LogPlayLevel: Display: Destroying online subsystem :Context_3
[2022.02.16-15.37.32:945][258]LogSlate: FSceneViewport::OnFocusLost() reason 2
[2022.02.16-15.37.35:236][312]LogPlayLevel: PlayLevel: No blueprints needed recompiling
[2022.02.16-15.37.35:236][312]PIE: New page: SIE session: NewMap (Feb 16, 2022, 5:37:35 AM)
[2022.02.16-15.37.35:236][312]LogPlayLevel: Creating play world package: /Game/TopDownBP/Maps/UEDPIE_0_NewMap
[2022.02.16-15.37.35:241][312]LogPlayLevel: PIE: StaticDuplicateObject took: (0.004564s)
[2022.02.16-15.37.35:242][312]LogAIModule: Creating AISystem for world NewMap
[2022.02.16-15.37.35:242][312]LogPlayLevel: PIE: World Init took: (0.001012s)
[2022.02.16-15.37.35:242][312]LogPlayLevel: PIE: Created PIE world by copying editor world from /Game/TopDownBP/Maps/NewMap.NewMap to /Game/TopDownBP/Maps/UEDPIE_0_NewMap.NewMap (0.005723s)
[2022.02.16-15.37.35:275][312]LogInit: XAudio2 using 'Speakers (Realtek High Definition Audio)' : 2 channels at 48 kHz using 32 bits per sample (channel mask 0x3)
[2022.02.16-15.37.35:319][312]LogInit: FAudioDevice initialized.
[2022.02.16-15.37.35:320][312]LogSlate: FSceneViewport::OnFocusLost() reason 2
[2022.02.16-15.37.35:349][312]LogLoad: Game class is 'TopDownGameMode_C'
[2022.02.16-15.37.35:350][312]LogWorld: Bringing World /Game/TopDownBP/Maps/UEDPIE_0_NewMap.NewMap up for play (max tick rate 0) at 2022.02.16-10.37.35
[2022.02.16-15.37.35:350][312]LogWorld: Bringing up level for play took: 0.000611
[2022.02.16-15.37.35:363][312]PIE: Play in editor start time for /Game/TopDownBP/Maps/UEDPIE_0_NewMap 0.146
[2022.02.16-15.37.35:365][312]LogBackChannel: Listening on FBackChannelConnection ListenSocket (localport: 2049)
[2022.02.16-15.37.35:366][312]LogRemoteSession: Started listening on port 2049
[2022.02.16-15.37.41:530][457]LogBackChannel: Closing connection FBackChannelConnection ListenSocket
[2022.02.16-15.37.41:531][457]LogSlate: Updating window title bar state: overlay mode, drag disabled, window buttons hidden, title bar hidden
[2022.02.16-15.37.41:569][457]LogPlayLevel: Display: Shutting down PIE online subsystems
[2022.02.16-15.37.41:593][457]LogSlate: Updating window title bar state: overlay mode, drag disabled, window buttons hidden, title bar hidden
[2022.02.16-15.37.41:651][460]LogPlayLevel: Display: Destroying online subsystem :Context_4
[2022.02.16-15.37.44:701][611]LogPlayLevel: PlayLevel: No blueprints needed recompiling
[2022.02.16-15.37.44:702][611]PIE: New page: PIE session: NewMap (Feb 16, 2022, 5:37:44 AM)
[2022.02.16-15.37.44:702][611]LogPlayLevel: Creating play world package: /Game/TopDownBP/Maps/UEDPIE_0_NewMap
[2022.02.16-15.37.44:706][611]LogPlayLevel: PIE: StaticDuplicateObject took: (0.004258s)
[2022.02.16-15.37.44:707][611]LogAIModule: Creating AISystem for world NewMap
[2022.02.16-15.37.44:707][611]LogPlayLevel: PIE: World Init took: (0.000798s)
[2022.02.16-15.37.44:707][611]LogPlayLevel: PIE: Created PIE world by copying editor world from /Game/TopDownBP/Maps/NewMap.NewMap to /Game/TopDownBP/Maps/UEDPIE_0_NewMap.NewMap (0.005190s)
[2022.02.16-15.37.44:735][611]LogInit: XAudio2 using 'Speakers (Realtek High Definition Audio)' : 2 channels at 48 kHz using 32 bits per sample (channel mask 0x3)
[2022.02.16-15.37.44:776][611]LogInit: FAudioDevice initialized.
[2022.02.16-15.37.44:809][611]LogLoad: Game class is 'TopDownGameMode_C'
[2022.02.16-15.37.44:810][611]LogWorld: Bringing World /Game/TopDownBP/Maps/UEDPIE_0_NewMap.NewMap up for play (max tick rate 0) at 2022.02.16-10.37.44
[2022.02.16-15.37.44:810][611]LogWorld: Bringing up level for play took: 0.000617
[2022.02.16-15.37.44:824][611]PIE: Play in editor start time for /Game/TopDownBP/Maps/UEDPIE_0_NewMap -0.393
[2022.02.16-15.37.44:824][611]LogBackChannel: Listening on FBackChannelConnection ListenSocket (localport: 2049)
[2022.02.16-15.37.44:824][611]LogRemoteSession: Started listening on port 2049
[2022.02.16-15.37.52:114][ 69]LogBackChannel: Closing connection FBackChannelConnection ListenSocket
[2022.02.16-15.37.52:114][ 69]LogSlate: Updating window title bar state: overlay mode, drag disabled, window buttons hidden, title bar hidden
[2022.02.16-15.37.52:150][ 69]LogPlayLevel: Display: Shutting down PIE online subsystems
[2022.02.16-15.37.52:175][ 69]LogSlate: Updating window title bar state: overlay mode, drag disabled, window buttons hidden, title bar hidden
[2022.02.16-15.37.52:220][ 72]LogPlayLevel: Display: Destroying online subsystem :Context_5
[2022.02.16-15.38.29:242][512]LogD3D11RHI: Timed out while waiting for GPU to catch up. (0.5 s)
[2022.02.16-15.39.51:042][987]LogSlate: Window 'TopDown - Unreal Editor' being destroyed
[2022.02.16-15.39.51:332][988]Cmd: QUIT_EDITOR
[2022.02.16-15.39.51:810][988]LogWindowsTextInputMethodSystem: Display: IME system now deactivated.
[2022.02.16-15.39.51:832][988]LogExit: Preparing to exit.
[2022.02.16-15.39.52:713][988]LogExit: Editor shut down
[2022.02.16-15.39.52:713][988]LogExit: Transaction tracking system shut down
[2022.02.16-15.39.53:042][988]LogExit: Object subsystem successfully closed.
[2022.02.16-15.39.53:056][988]LogShaderCompilers: Display: Shaders left to compile 0
[2022.02.16-15.39.53:060][988]LogD3D11RHI: Shutdown
[2022.02.16-15.39.53:060][988]LogD3D11RHI: CleanupD3DDevice
[2022.02.16-15.39.53:067][988]LogD3D11RHI: ~FD3D11DynamicRHI
[2022.02.16-15.39.53:107][988]LogModuleManager: Shutting down and abandoning module MovieSceneCapture (618)
[2022.02.16-15.39.53:107][988]LogModuleManager: Shutting down and abandoning module Voice (616)
[2022.02.16-15.39.53:107][988]LogModuleManager: Shutting down and abandoning module HierarchicalLODOutliner (614)
[2022.02.16-15.39.53:107][988]LogModuleManager: Shutting down and abandoning module ExternalImagePicker (612)
[2022.02.16-15.39.53:107][988]LogModuleManager: Shutting down and abandoning module SceneOutliner (610)
[2022.02.16-15.39.53:107][988]LogModuleManager: Shutting down and abandoning module AddContentDialog (608)
[2022.02.16-15.39.53:108][988]LogModuleManager: Shutting down and abandoning module WidgetCarousel (607)
[2022.02.16-15.39.53:108][988]LogModuleManager: Shutting down and abandoning module EditorWidgets (604)
[2022.02.16-15.39.53:108][988]LogModuleManager: Shutting down and abandoning module CollectionManager (602)
[2022.02.16-15.39.53:108][988]LogModuleManager: Shutting down and abandoning module StatsViewer (600)
[2022.02.16-15.39.53:108][988]LogModuleManager: Shutting down and abandoning module FoliageEdit (598)
[2022.02.16-15.39.53:108][988]LogModuleManager: Shutting down and abandoning module LandscapeEditor (596)
[2022.02.16-15.39.53:108][988]LogModuleManager: Shutting down and abandoning module MeshPaintMode (594)
[2022.02.16-15.39.53:108][988]LogModuleManager: Shutting down and abandoning module SceneDepthPickerMode (592)
[2022.02.16-15.39.53:108][988]LogModuleManager: Shutting down and abandoning module ActorPickerMode (590)
[2022.02.16-15.39.53:108][988]LogModuleManager: Shutting down and abandoning module GeometryMode (588)
[2022.02.16-15.39.53:108][988]LogModuleManager: Shutting down and abandoning module TextureAlignMode (586)
[2022.02.16-15.39.53:108][988]LogModuleManager: Shutting down and abandoning module BspMode (584)
[2022.02.16-15.39.53:108][988]LogModuleManager: Shutting down and abandoning module PIEPreviewDeviceProfileSelector (582)
[2022.02.16-15.39.53:108][988]LogModuleManager: Shutting down and abandoning module SequenceRecorderSections (580)
[2022.02.16-15.39.53:108][988]LogModuleManager: Shutting down and abandoning module AutomationWorker (578)
[2022.02.16-15.39.53:108][988]LogModuleManager: Shutting down and abandoning module AudioCaptureEditor (576)
[2022.02.16-15.39.53:108][988]LogModuleManager: Shutting down and abandoning module SequenceRecorder (575)
[2022.02.16-15.39.53:108][988]LogModuleManager: Shutting down and abandoning module MatineeToLevelSequence (572)
[2022.02.16-15.39.53:108][988]LogModuleManager: Shutting down and abandoning module LevelSequenceEditor (570)
[2022.02.16-15.39.53:108][988]LogModuleManager: Shutting down and abandoning module PlacementMode (569)
[2022.02.16-15.39.53:109][988]LogModuleManager: Shutting down and abandoning module MaterialEditor (568)
[2022.02.16-15.39.53:109][988]LogModuleManager: Shutting down and abandoning module WmfMediaFactory (564)
[2022.02.16-15.39.53:109][988]LogModuleManager: Shutting down and abandoning module WmfMediaEditor (562)
[2022.02.16-15.39.53:109][988]LogModuleManager: Shutting down and abandoning module MediaPlayerEditor (560)
[2022.02.16-15.39.53:109][988]LogModuleManager: Shutting down and abandoning module OpenExrWrapper (558)
[2022.02.16-15.39.53:109][988]LogModuleManager: Shutting down and abandoning module ImgMediaFactory (556)
[2022.02.16-15.39.53:109][988]LogModuleManager: Shutting down and abandoning module ImgMediaEditor (554)
[2022.02.16-15.39.53:109][988]LogModuleManager: Shutting down and abandoning module AvfMediaFactory (552)
[2022.02.16-15.39.53:109][988]LogModuleManager: Shutting down and abandoning module AvfMediaEditor (550)
[2022.02.16-15.39.53:109][988]LogModuleManager: Shutting down and abandoning module AndroidMediaFactory (548)
[2022.02.16-15.39.53:109][988]LogModuleManager: Shutting down and abandoning module AndroidMediaEditor (546)
[2022.02.16-15.39.53:109][988]LogModuleManager: Shutting down and abandoning module MagicLeapCameraPreviewFactory (544)
[2022.02.16-15.39.53:109][988]LogModuleManager: Shutting down and abandoning module MagicLeapMediaFactory (542)
[2022.02.16-15.39.53:109][988]LogModuleManager: Shutting down and abandoning module MagicLeapMediaEditor (540)
[2022.02.16-15.39.53:109][988]LogModuleManager: Shutting down and abandoning module CharacterAI (538)
[2022.02.16-15.39.53:109][988]LogModuleManager: Shutting down and abandoning module SmartSnapping (536)
[2022.02.16-15.39.53:109][988]LogModuleManager: Shutting down and abandoning module SessionServices (534)
[2022.02.16-15.39.53:109][988]LogModuleManager: Shutting down and abandoning module ViewportSnapping (532)
[2022.02.16-15.39.53:109][988]LogModuleManager: Shutting down and abandoning module ViewportInteraction (530)
[2022.02.16-15.39.53:109][988]LogModuleManager: Shutting down and abandoning module ClothPainter (528)
[2022.02.16-15.39.53:109][988]LogModuleManager: Shutting down and abandoning module SkeletalMeshEditor (527)
[2022.02.16-15.39.53:109][988]LogModuleManager: Shutting down and abandoning module LogVisualizer (524)
[2022.02.16-15.39.53:109][988]LogModuleManager: Shutting down and abandoning module IntroTutorials (522)
[2022.02.16-15.39.53:109][988]LogModuleManager: Shutting down and abandoning module GameProjectGeneration (521)
[2022.02.16-15.39.53:109][988]LogModuleManager: Shutting down and abandoning module LuminPlatformEditor (518)
[2022.02.16-15.39.53:109][988]LogModuleManager: Shutting down and abandoning module IOSPlatformEditor (516)
[2022.02.16-15.39.53:109][988]LogModuleManager: Shutting down and abandoning module HTML5PlatformEditor (514)
[2022.02.16-15.39.53:109][988]LogModuleManager: Shutting down and abandoning module AndroidPlatformEditor (512)
[2022.02.16-15.39.53:109][988]LogModuleManager: Shutting down and abandoning module AndroidDeviceDetection (511)
[2022.02.16-15.39.53:215][988]LogModuleManager: Shutting down and abandoning module WindowsPlatformEditor (508)
[2022.02.16-15.39.53:216][988]LogModuleManager: Shutting down and abandoning module LuminRuntimeSettings (506)
[2022.02.16-15.39.53:216][988]LogModuleManager: Shutting down and abandoning module IOSRuntimeSettings (504)
[2022.02.16-15.39.53:216][988]LogModuleManager: Shutting down and abandoning module AndroidRuntimeSettings (502)
[2022.02.16-15.39.53:216][988]LogModuleManager: Shutting down and abandoning module InputBindingEditor (500)
[2022.02.16-15.39.53:216][988]LogModuleManager: Shutting down and abandoning module MergeActors (498)
[2022.02.16-15.39.53:216][988]LogModuleManager: Shutting down and abandoning module LocalizationDashboard (496)
[2022.02.16-15.39.53:216][988]LogModuleManager: Shutting down and abandoning module LocalizationService (495)
[2022.02.16-15.39.53:217][988]LogModuleManager: Shutting down and abandoning module HardwareTargeting (492)
[2022.02.16-15.39.53:217][988]LogModuleManager: Shutting down and abandoning module DeviceProfileEditor (490)
[2022.02.16-15.39.53:217][988]LogModuleManager: Shutting down and abandoning module UndoHistory (488)
[2022.02.16-15.39.53:217][988]LogModuleManager: Shutting down and abandoning module XmlParser (486)
[2022.02.16-15.39.53:217][988]LogModuleManager: Shutting down and abandoning module Blutility (484)
[2022.02.16-15.39.53:217][988]LogModuleManager: Shutting down and abandoning module ProjectSettingsViewer (482)
[2022.02.16-15.39.53:217][988]LogModuleManager: Shutting down and abandoning module ProjectTargetPlatformEditor (481)
[2022.02.16-15.39.53:217][988]LogModuleManager: Shutting down and abandoning module EditorSettingsViewer (478)
[2022.02.16-15.39.53:218][988]LogModuleManager: Shutting down and abandoning module SettingsEditor (476)
[2022.02.16-15.39.53:218][988]LogModuleManager: Shutting down and abandoning module ProjectLauncher (474)
[2022.02.16-15.39.53:218][988]LogModuleManager: Shutting down and abandoning module SessionFrontend (472)
[2022.02.16-15.39.53:218][988]LogModuleManager: Shutting down and abandoning module ProfilerClient (470)
[2022.02.16-15.39.53:218][988]LogModuleManager: Shutting down and abandoning module DeviceManager (468)
[2022.02.16-15.39.53:218][988]LogModuleManager: Shutting down and abandoning module TargetDeviceServices (467)
[2022.02.16-15.39.53:272][988]LogModuleManager: Shutting down and abandoning module AutomationController (464)
[2022.02.16-15.39.53:272][988]LogModuleManager: Shutting down and abandoning module AutomationWindow (462)
[2022.02.16-15.39.53:272][988]LogModuleManager: Shutting down and abandoning module Layers (460)
[2022.02.16-15.39.53:272][988]LogModuleManager: Shutting down and abandoning module ComponentVisualizers (458)
[2022.02.16-15.39.53:272][988]LogModuleManager: Shutting down and abandoning module DetailCustomizations (456)
[2022.02.16-15.39.53:272][988]LogModuleManager: Shutting down and abandoning module PackagesDialog (454)
[2022.02.16-15.39.53:273][988]LogModuleManager: Shutting down and abandoning module Persona (452)
[2022.02.16-15.39.53:273][988]LogModuleManager: Shutting down and abandoning module AdvancedPreviewScene (451)
[2022.02.16-15.39.53:273][988]LogModuleManager: Shutting down and abandoning module AnimGraph (449)
[2022.02.16-15.39.53:273][988]LogModuleManager: Shutting down and abandoning module Kismet (446)
[2022.02.16-15.39.53:274][988]LogModuleManager: Shutting down and abandoning module GraphEditor (444)
[2022.02.16-15.39.53:274][988]LogModuleManager: Shutting down and abandoning module ClassViewer (442)
[2022.02.16-15.39.53:274][988]LogModuleManager: Shutting down and abandoning module Toolbox (440)
[2022.02.16-15.39.53:274][988]LogModuleManager: Shutting down and abandoning module ModuleUI (438)
[2022.02.16-15.39.53:274][988]LogModuleManager: Shutting down and abandoning module MovieSceneTools (436)
[2022.02.16-15.39.53:275][988]LogModuleManager: Shutting down and abandoning module OutputLog (434)
[2022.02.16-15.39.53:275][988]LogModuleManager: Shutting down and abandoning module GammaUI (432)
[2022.02.16-15.39.53:275][988]LogModuleManager: Shutting down and abandoning module Documentation (430)
[2022.02.16-15.39.53:275][988]LogModuleManager: Shutting down and abandoning module MovieSceneTracks (428)
[2022.02.16-15.39.53:275][988]LogModuleManager: Shutting down and abandoning module MovieScene (426)
[2022.02.16-15.39.53:275][988]LogModuleManager: Shutting down and abandoning module StreamingPauseRendering (424)
[2022.02.16-15.39.53:275][988]LogModuleManager: Shutting down and abandoning module LauncherPlatform (422)
[2022.02.16-15.39.53:275][988]LogModuleManager: Shutting down and abandoning module AnalyticsET (420)
[2022.02.16-15.39.53:275][988]LogModuleManager: Shutting down and abandoning module PortalServices (418)
[2022.02.16-15.39.53:275][988]LogModuleManager: Shutting down and abandoning module PortalRpc (416)
[2022.02.16-15.39.53:275][988]LogModuleManager: Shutting down and abandoning module MessagingRpc (414)
[2022.02.16-15.39.53:276][988]LogModuleManager: Shutting down and abandoning module AIModule (412)
[2022.02.16-15.39.53:276][988]LogModuleManager: Shutting down and abandoning module GameplayDebugger (411)
[2022.02.16-15.39.53:276][988]LogModuleManager: Shutting down and abandoning module AITestSuite (409)
[2022.02.16-15.39.53:276][988]LogModuleManager: Shutting down and abandoning module NavigationSystem (407)
[2022.02.16-15.39.53:276][988]LogModuleManager: Shutting down and abandoning module DesktopPlatform (404)
[2022.02.16-15.39.53:276][988]LogModuleManager: Shutting down and abandoning module ProfilerService (402)
[2022.02.16-15.39.53:437][988]LogModuleManager: Shutting down and abandoning module TaskGraph (400)
[2022.02.16-15.39.53:437][988]LogModuleManager: Shutting down and abandoning module SteamVRController (398)
[2022.02.16-15.39.53:438][988]LogModuleManager: Shutting down and abandoning module ProceduralMeshComponentEditor (396)
[2022.02.16-15.39.53:438][988]LogModuleManager: Shutting down and abandoning module ProceduralMeshComponent (394)
[2022.02.16-15.39.53:438][988]LogModuleManager: Shutting down and abandoning module OculusInput (392)
[2022.02.16-15.39.53:438][988]LogModuleManager: Shutting down and abandoning module MobilePatchingUtils (390)
[2022.02.16-15.39.53:438][988]LogModuleManager: Shutting down and abandoning module EditableMesh (388)
[2022.02.16-15.39.53:438][988]LogModuleManager: Shutting down and abandoning module CustomMeshComponent (386)
[2022.02.16-15.39.53:438][988]LogModuleManager: Shutting down and abandoning module CableComponent (384)
[2022.02.16-15.39.53:438][988]LogModuleManager: Shutting down and abandoning module AudioCapture (382)
[2022.02.16-15.39.53:438][988]LogModuleManager: Shutting down and abandoning module ArchVisCharacter (380)
[2022.02.16-15.39.53:438][988]LogModuleManager: Shutting down and abandoning module AndroidPermission (378)
[2022.02.16-15.39.53:438][988]LogModuleManager: Shutting down and abandoning module NUTUnrealEngine4 (376)
[2022.02.16-15.39.53:438][988]LogModuleManager: Shutting down and abandoning module NetcodeUnitTest (374)
[2022.02.16-15.39.53:438][988]LogModuleManager: Shutting down and abandoning module MediaCompositingEditor (372)
[2022.02.16-15.39.53:439][988]LogModuleManager: Shutting down and abandoning module MediaCompositing (370)
[2022.02.16-15.39.53:439][988]LogModuleManager: Shutting down and abandoning module LinearTimecode (368)
[2022.02.16-15.39.53:439][988]LogModuleManager: Shutting down and abandoning module ImgMedia (366)
[2022.02.16-15.39.53:464][988]LogModuleManager: Shutting down and abandoning module HTML5Networking (364)
[2022.02.16-15.39.53:464][988]LogModuleManager: Shutting down and abandoning module GeometryCacheTracks (362)
[2022.02.16-15.39.53:464][988]LogModuleManager: Shutting down and abandoning module GeometryCacheSequencer (360)
[2022.02.16-15.39.53:465][988]LogModuleManager: Shutting down and abandoning module BackChannel (358)
[2022.02.16-15.39.53:465][988]LogModuleManager: Shutting down and abandoning module AppleVision (356)
[2022.02.16-15.39.53:465][988]LogModuleManager: Shutting down and abandoning module AppleImageUtils (354)
[2022.02.16-15.39.53:465][988]LogModuleManager: Shutting down and abandoning module AlembicImporter (352)
[2022.02.16-15.39.53:465][988]LogModuleManager: Shutting down and abandoning module AlembicLibrary (351)
[2022.02.16-15.39.53:465][988]LogModuleManager: Shutting down and abandoning module GeometryCache (350)
[2022.02.16-15.39.53:465][988]LogModuleManager: Shutting down and abandoning module GeometryCacheEd (349)
[2022.02.16-15.39.53:466][988]LogModuleManager: Shutting down and abandoning module DatasmithContentEditor (344)
[2022.02.16-15.39.53:466][988]LogModuleManager: Shutting down and abandoning module DatasmithContent (342)
[2022.02.16-15.39.53:468][988]LogModuleManager: Shutting down and abandoning module SpeedTreeImporter (340)
[2022.02.16-15.39.53:468][988]LogModuleManager: Shutting down and abandoning module PluginBrowser (338)
[2022.02.16-15.39.53:468][988]LogModuleManager: Shutting down and abandoning module MobileLauncherProfileWizard (336)
[2022.02.16-15.39.53:469][988]LogModuleManager: Shutting down and abandoning module PolygonModeling (334)
[2022.02.16-15.39.53:469][988]LogModuleManager: Shutting down and abandoning module MeshEditor (332)
[2022.02.16-15.39.53:469][988]LogModuleManager: Shutting down and abandoning module CryptoKeysOpenSSL (330)
[2022.02.16-15.39.53:469][988]LogModuleManager: Shutting down and abandoning module CryptoKeys (328)
[2022.02.16-15.39.53:469][988]LogModuleManager: Shutting down and abandoning module VisualStudioSourceCodeAccess (326)
[2022.02.16-15.39.53:469][988]LogModuleManager: Shutting down and abandoning module VisualStudioCodeSourceCodeAccess (324)
[2022.02.16-15.39.53:469][988]LogModuleManager: Shutting down and abandoning module UObjectPlugin (322)
[2022.02.16-15.39.53:469][988]LogModuleManager: Shutting down and abandoning module SubversionSourceControl (320)
[2022.02.16-15.39.53:469][988]LogModuleManager: Shutting down and abandoning module PerforceSourceControl (318)
[2022.02.16-15.39.53:469][988]LogModuleManager: Shutting down and abandoning module GitSourceControl (316)
[2022.02.16-15.39.53:470][988]LogModuleManager: Shutting down and abandoning module SourceControl (315)
[2022.02.16-15.39.53:470][988]LogModuleManager: Shutting down and abandoning module CLionSourceCodeAccess (312)
[2022.02.16-15.39.53:470][988]LogModuleManager: Shutting down and abandoning module LightPropagationVolumeEditor (310)
[2022.02.16-15.39.53:470][988]LogModuleManager: Shutting down and abandoning module PaperTiledImporter (308)
[2022.02.16-15.39.53:470][988]LogModuleManager: Shutting down and abandoning module PaperSpriteSheetImporter (306)
[2022.02.16-15.39.53:470][988]LogModuleManager: Shutting down and abandoning module Paper2DEditor (304)
[2022.02.16-15.39.53:470][988]LogModuleManager: Shutting down and abandoning module MeshPaint (303)
[2022.02.16-15.39.53:470][988]LogModuleManager: Shutting down and abandoning module RuntimePhysXCooking (300)
[2022.02.16-15.39.53:470][988]LogModuleManager: Shutting down and abandoning module PhysXVehiclesEditor (298)
[2022.02.16-15.39.53:471][988]LogModuleManager: Shutting down and abandoning module PhysXVehicles (296)
[2022.02.16-15.39.53:471][988]LogModuleManager: Shutting down and abandoning module OculusEditor (294)
[2022.02.16-15.39.53:471][988]LogModuleManager: Shutting down and abandoning module LocationServicesBPLibrary (292)
[2022.02.16-15.39.53:471][988]LogModuleManager: Shutting down and abandoning module ImmediatePhysicsEditor (290)
[2022.02.16-15.39.53:471][988]LogModuleManager: Shutting down and abandoning module ImmediatePhysics (288)
[2022.02.16-15.39.53:471][988]LogModuleManager: Shutting down and abandoning module ActorSequence (286)
[2022.02.16-15.39.53:471][988]LogModuleManager: Shutting down and abandoning module UdpMessaging (284)
[2022.02.16-15.39.53:572][988]LogModuleManager: Shutting down and abandoning module TcpMessaging (282)
[2022.02.16-15.39.53:673][988]LogModuleManager: Shutting down and abandoning module MagicLeapAudio (280)
[2022.02.16-15.39.53:673][988]LogModuleManager: Shutting down and abandoning module GameplayTagsEditor (278)
[2022.02.16-15.39.53:673][988]LogModuleManager: Shutting down and abandoning module FacialAnimationEditor (276)
[2022.02.16-15.39.53:673][988]LogModuleManager: Shutting down and abandoning module FacialAnimation (274)
[2022.02.16-15.39.53:673][988]LogModuleManager: Shutting down and abandoning module DataValidation (272)
[2022.02.16-15.39.53:673][988]LogModuleManager: Shutting down and abandoning module AssetManagerEditor (270)
[2022.02.16-15.39.53:673][988]LogModuleManager: Shutting down and abandoning module LevelEditor (269)
[2022.02.16-15.39.53:674][988]LogModuleManager: Shutting down and abandoning module PixelInspectorModule (268)
[2022.02.16-15.39.53:674][988]LogModuleManager: Shutting down and abandoning module CommonMenuExtensions (266)
[2022.02.16-15.39.53:674][988]LogModuleManager: Shutting down and abandoning module MainFrame (264)
[2022.02.16-15.39.53:674][988]LogModuleManager: Shutting down and abandoning module HotReload (263)
[2022.02.16-15.39.53:675][988]LogModuleManager: Shutting down and abandoning module ContentBrowser (259)
[2022.02.16-15.39.53:676][988]LogModuleManager: Shutting down and abandoning module TreeMap (257)
[2022.02.16-15.39.53:676][988]LogModuleManager: Shutting down and abandoning module LightPropagationVolumeRuntime (254)
[2022.02.16-15.39.53:676][988]LogModuleManager: Shutting down and abandoning module AISupportModule (252)
[2022.02.16-15.39.53:676][988]LogModuleManager: Shutting down and abandoning module Paper2D (250)
[2022.02.16-15.39.53:676][988]LogModuleManager: Shutting down and abandoning module WindowsMoviePlayer (248)
[2022.02.16-15.39.53:676][988]LogModuleManager: Shutting down and abandoning module WmfMedia (246)
[2022.02.16-15.39.53:679][988]LogModuleManager: Shutting down and abandoning module Media (245)
[2022.02.16-15.39.53:686][988]LogModuleManager: Shutting down and abandoning module PacketHandler (242)
[2022.02.16-15.39.53:686][988]LogModuleManager: Shutting down and abandoning module ClothingSystemEditor (240)
[2022.02.16-15.39.53:686][988]LogModuleManager: Shutting down and abandoning module ClothingSystemRuntime (238)
[2022.02.16-15.39.53:686][988]LogModuleManager: Shutting down and abandoning module MediaAssets (236)
[2022.02.16-15.39.53:686][988]LogModuleManager: Shutting down and abandoning module Overlay (234)
[2022.02.16-15.39.53:686][988]LogModuleManager: Shutting down and abandoning module OverlayEditor (233)
[2022.02.16-15.39.53:687][988]LogModuleManager: Shutting down and abandoning module VREditor (230)
[2022.02.16-15.39.53:687][988]LogModuleManager: Shutting down and abandoning module StringTableEditor (228)
[2022.02.16-15.39.53:687][988]LogModuleManager: Shutting down and abandoning module GameplayTasksEditor (226)
[2022.02.16-15.39.53:687][988]LogModuleManager: Shutting down and abandoning module BehaviorTreeEditor (224)
[2022.02.16-15.39.53:687][988]LogModuleManager: Shutting down and abandoning module FunctionalTesting (222)
[2022.02.16-15.39.53:687][988]LogModuleManager: Shutting down and abandoning module CollisionAnalyzer (220)
[2022.02.16-15.39.53:687][988]LogModuleManager: Shutting down and abandoning module WorkspaceMenuStructure (219)
[2022.02.16-15.39.53:687][988]LogModuleManager: Shutting down and abandoning module UMG (216)
[2022.02.16-15.39.53:687][988]LogModuleManager: Shutting down and abandoning module UMGEditor (215)
[2022.02.16-15.39.53:687][988]LogModuleManager: Shutting down and abandoning module Sequencer (214)
[2022.02.16-15.39.53:687][988]LogModuleManager: Shutting down and abandoning module MessageLog (211)
[2022.02.16-15.39.53:687][988]LogModuleManager: Shutting down and abandoning module SlateReflector (206)
[2022.02.16-15.39.53:687][988]LogModuleManager: Shutting down and abandoning module Slate (204)
[2022.02.16-15.39.53:687][988]LogModuleManager: Shutting down and abandoning module EditorStyle (202)
[2022.02.16-15.39.53:689][988]LogModuleManager: Shutting down and abandoning module MRMesh (200)
[2022.02.16-15.39.53:689][988]LogModuleManager: Shutting down and abandoning module SourceCodeAccess (198)
[2022.02.16-15.39.53:689][988]LogModuleManager: Shutting down and abandoning module HeadMountedDisplay (196)
[2022.02.16-15.39.53:690][988]LogModuleManager: Shutting down and abandoning module XAudio2 (194)
[2022.02.16-15.39.53:690][988]LogModuleManager: Shutting down and abandoning module Networking (192)
[2022.02.16-15.39.53:690][988]LogModuleManager: Shutting down and abandoning module Core (190)
[2022.02.16-15.39.53:690][988]LogModuleManager: Shutting down and abandoning module LevelSequence (188)
[2022.02.16-15.39.53:690][988]LogModuleManager: Shutting down and abandoning module KismetCompiler (186)
[2022.02.16-15.39.53:690][988]LogModuleManager: Shutting down and abandoning module MeshUtilities (184)
[2022.02.16-15.39.53:690][988]LogModuleManager: Shutting down and abandoning module MeshMergeUtilities (183)
[2022.02.16-15.39.53:690][988]LogModuleManager: Shutting down and abandoning module MeshReductionInterface (182)
[2022.02.16-15.39.53:690][988]LogModuleManager: Shutting down and abandoning module SimplygonSwarm (181)
[2022.02.16-15.39.53:690][988]LogModuleManager: Shutting down and abandoning module ProxyLODMeshReduction (179)
[2022.02.16-15.39.53:690][988]LogModuleManager: Shutting down and abandoning module SimplygonMeshReduction (177)
[2022.02.16-15.39.53:690][988]LogModuleManager: Shutting down and abandoning module QuadricMeshReduction (175)
[2022.02.16-15.39.53:690][988]LogModuleManager: Shutting down and abandoning module MaterialBaking (171)
[2022.02.16-15.39.53:690][988]LogModuleManager: Shutting down and abandoning module DirectoryWatcher (167)
[2022.02.16-15.39.53:690][988]LogModuleManager: Shutting down and abandoning module DerivedDataCache (164)
[2022.02.16-15.39.53:736][988]LogDerivedDataCache: Shutdown
[2022.02.16-15.39.53:737][988]LogModuleManager: Shutting down and abandoning module XGEController (162)
[2022.02.16-15.39.53:737][988]LogModuleManager: Shutting down and abandoning module TargetPlatform (160)
[2022.02.16-15.39.53:737][988]LogModuleManager: Shutting down and abandoning module VulkanShaderFormat (159)
[2022.02.16-15.39.53:737][988]LogModuleManager: Shutting down and abandoning module ShaderFormatVectorVM (157)
[2022.02.16-15.39.53:737][988]LogModuleManager: Shutting down and abandoning module ShaderFormatOpenGL (155)
[2022.02.16-15.39.53:737][988]LogModuleManager: Shutting down and abandoning module ShaderFormatD3D (153)
[2022.02.16-15.39.53:737][988]LogModuleManager: Shutting down and abandoning module MetalShaderFormat (151)
[2022.02.16-15.39.53:737][988]LogModuleManager: Shutting down and abandoning module TextureFormatUncompressed (149)
[2022.02.16-15.39.53:737][988]LogModuleManager: Shutting down and abandoning module TextureFormatPVR (147)
[2022.02.16-15.39.53:737][988]LogModuleManager: Shutting down and abandoning module TextureFormatDXT (145)
[2022.02.16-15.39.53:737][988]LogModuleManager: Shutting down and abandoning module TextureFormatIntelISPCTexComp (143)
[2022.02.16-15.39.53:738][988]LogModuleManager: Shutting down and abandoning module TextureFormatASTC (141)
[2022.02.16-15.39.53:738][988]LogModuleManager: Shutting down and abandoning module ImageWrapper (140)
[2022.02.16-15.39.53:739][988]LogModuleManager: Shutting down and abandoning module TextureFormatAndroid (137)
[2022.02.16-15.39.53:739][988]LogModuleManager: Shutting down and abandoning module AudioFormatOpus (135)
[2022.02.16-15.39.53:739][988]LogModuleManager: Shutting down and abandoning module AudioFormatOgg (133)
[2022.02.16-15.39.53:739][988]LogModuleManager: Shutting down and abandoning module AudioFormatADPCM (131)
[2022.02.16-15.39.53:739][988]LogModuleManager: Shutting down and abandoning module LuminTargetPlatform (129)
[2022.02.16-15.39.53:739][988]LogModuleManager: Shutting down and abandoning module LinuxTargetPlatform (127)
[2022.02.16-15.39.53:739][988]LogModuleManager: Shutting down and abandoning module LinuxServerTargetPlatform (125)
[2022.02.16-15.39.53:739][988]LogModuleManager: Shutting down and abandoning module LinuxNoEditorTargetPlatform (123)
[2022.02.16-15.39.53:739][988]LogModuleManager: Shutting down and abandoning module LinuxClientTargetPlatform (121)
[2022.02.16-15.39.53:739][988]LogModuleManager: Shutting down and abandoning module TVOSTargetPlatform (119)
[2022.02.16-15.39.53:740][988]LogModuleManager: Shutting down and abandoning module Messaging (117)
[2022.02.16-15.39.53:740][988]LogModuleManager: Shutting down and abandoning module IOSTargetPlatform (115)
[2022.02.16-15.39.53:741][988]LogModuleManager: Shutting down and abandoning module HTML5TargetPlatform (113)
[2022.02.16-15.39.53:741][988]LogModuleManager: Shutting down and abandoning module AndroidTargetPlatform (111)
[2022.02.16-15.39.53:749][988]LogModuleManager: Shutting down and abandoning module WindowsTargetPlatform (109)
[2022.02.16-15.39.53:749][988]LogModuleManager: Shutting down and abandoning module WindowsServerTargetPlatform (107)
[2022.02.16-15.39.53:749][988]LogModuleManager: Shutting down and abandoning module WindowsNoEditorTargetPlatform (105)
[2022.02.16-15.39.53:750][988]LogModuleManager: Shutting down and abandoning module WindowsClientTargetPlatform (103)
[2022.02.16-15.39.53:750][988]LogModuleManager: Shutting down and abandoning module MacTargetPlatform (101)
[2022.02.16-15.39.53:750][988]LogModuleManager: Shutting down and abandoning module MacServerTargetPlatform (99)
[2022.02.16-15.39.53:750][988]LogModuleManager: Shutting down and abandoning module MacNoEditorTargetPlatform (97)
[2022.02.16-15.39.53:750][988]LogModuleManager: Shutting down and abandoning module MacClientTargetPlatform (95)
[2022.02.16-15.39.53:750][988]LogModuleManager: Shutting down and abandoning module AllDesktopTargetPlatform (93)
[2022.02.16-15.39.53:750][988]LogModuleManager: Shutting down and abandoning module InputCore (90)
[2022.02.16-15.39.53:750][988]LogModuleManager: Shutting down and abandoning module Settings (88)
[2022.02.16-15.39.53:750][988]LogModuleManager: Shutting down and abandoning module PhysXCooking (86)
[2022.02.16-15.39.53:750][988]LogModuleManager: Shutting down and abandoning module SteamVR (84)
[2022.02.16-15.39.53:750][988]LogModuleManager: Shutting down and abandoning module OculusHMD (82)
[2022.02.16-15.39.53:750][988]LogModuleManager: Shutting down and abandoning module ExampleDeviceProfileSelector (80)
[2022.02.16-15.39.53:750][988]LogModuleManager: Shutting down and abandoning module LauncherChunkInstaller (78)
[2022.02.16-15.39.53:750][988]LogModuleManager: Shutting down and abandoning module OnlineBlueprintSupport (76)
[2022.02.16-15.39.53:750][988]LogModuleManager: Shutting down and abandoning module OnlineSubsystem (72)
[2022.02.16-15.39.53:750][988]LogModuleManager: Shutting down and abandoning module XMPP (67)
[2022.02.16-15.39.53:751][988]LogModuleManager: Shutting down and abandoning module WebSockets (66)
[2022.02.16-15.39.53:763][988]LogModuleManager: Shutting down and abandoning module HTTP (63)
[2022.02.16-15.39.53:763][988]LogHttp: Display: Http module shutting down, but needs to wait on 1 outstanding Http requests:
[2022.02.16-15.39.53:763][988]LogHttp: Display: 	verb=[POST] url=[https://datarouter.ol.epicgames.com/datarouter/api/v1/public/data?SessionID=%7BEAFC8FD3-4A28-A08A-D7B2-028A2E3E8907%7D&AppID=UEEditor.Rocket.Release&AppVersion=4.20.3-4369336%2B%2B%2BUE4%2BRelease-4.20&UserID=db6f93d94ef6f5bba04769a871a4bcde%7C9bfaded90169469d97dd38e20e9492db%7C3d487112-d7a1-4c0d-bc68-90d7f4c15d86&AppEnvironment=datacollector-binary&UploadType=eteventstream] status=Processing
[2022.02.16-15.39.53:788][988]LogModuleManager: Shutting down and abandoning module SSL (62)
[2022.02.16-15.39.53:789][988]LogModuleManager: Shutting down and abandoning module MagicLeapEmulator (58)
[2022.02.16-15.39.53:789][988]LogModuleManager: Shutting down and abandoning module MagicLeapPrivileges (56)
[2022.02.16-15.39.53:789][988]LogModuleManager: Shutting down and abandoning module MagicLeapIdentity (54)
[2022.02.16-15.39.53:789][988]LogModuleManager: Shutting down and abandoning module MagicLeapHelperVulkan (52)
[2022.02.16-15.39.53:789][988]LogModuleManager: Shutting down and abandoning module MagicLeapHelperOpenGL (50)
[2022.02.16-15.39.53:789][988]LogModuleManager: Shutting down and abandoning module MagicLeapSecureStorage (48)
[2022.02.16-15.39.53:789][988]LogModuleManager: Shutting down and abandoning module MagicLeapGestures (46)
[2022.02.16-15.39.53:789][988]LogModuleManager: Shutting down and abandoning module MagicLeapEyeTracker (44)
[2022.02.16-15.39.53:789][988]LogModuleManager: Shutting down and abandoning module MagicLeapController (42)
[2022.02.16-15.39.53:789][988]LogSlate: Slate User Destroyed.  User Index 0, Is Virtual User: 0
[2022.02.16-15.39.53:789][988]LogModuleManager: Shutting down and abandoning module MagicLeap (40)
[2022.02.16-15.39.53:789][988]LogModuleManager: Shutting down and abandoning module RemoteSession (38)
[2022.02.16-15.39.53:789][988]LogModuleManager: Shutting down and abandoning module AnimationModifiers (36)
[2022.02.16-15.39.53:789][988]LogModuleManager: Shutting down and abandoning module PropertyEditor (35)
[2022.02.16-15.39.53:789][988]LogModuleManager: Shutting down and abandoning module AudioEditor (32)
[2022.02.16-15.39.53:789][988]LogModuleManager: Shutting down and abandoning module TextureCompressor (30)
[2022.02.16-15.39.53:790][988]LogModuleManager: Shutting down and abandoning module ShaderCore (28)
[2022.02.16-15.39.53:790][988]LogModuleManager: Shutting down and abandoning module Landscape (26)
[2022.02.16-15.39.53:790][988]LogModuleManager: Shutting down and abandoning module SlateRHIRenderer (24)
[2022.02.16-15.39.53:790][988]LogModuleManager: Shutting down and abandoning module OpenGLDrv (22)
[2022.02.16-15.39.53:790][988]LogModuleManager: Shutting down and abandoning module D3D11RHI (20)
[2022.02.16-15.39.53:790][988]LogModuleManager: Shutting down and abandoning module AnimGraphRuntime (18)
[2022.02.16-15.39.53:790][988]LogModuleManager: Shutting down and abandoning module Renderer (16)
[2022.02.16-15.39.53:790][988]LogModuleManager: Shutting down and abandoning module Engine (14)
[2022.02.16-15.39.53:790][988]LogModuleManager: Shutting down and abandoning module CoreUObject (12)
[2022.02.16-15.39.53:790][988]LogModuleManager: Shutting down and abandoning module NetworkFile (10)
[2022.02.16-15.39.53:790][988]LogModuleManager: Shutting down and abandoning module CookedIterativeFile (8)
[2022.02.16-15.39.53:790][988]LogModuleManager: Shutting down and abandoning module StreamingFile (6)
[2022.02.16-15.39.53:790][988]LogModuleManager: Shutting down and abandoning module SandboxFile (4)
[2022.02.16-15.39.53:790][988]LogModuleManager: Shutting down and abandoning module PakFile (2)
[2022.02.16-15.39.53:793][988]LogExit: Exiting.
[2022.02.16-15.39.53:818][988]Log file closed, 02/16/22 10:39:53
